<?xml version="1.0" encoding="UTF-8"?>
<!-- Generated by org.testng.reporters.JUnitXMLReporter -->
<testsuite hostname="chamath-ThinkPad-T540p" ignored="0" name="TemplateManagementTests" tests="64" failures="0" timestamp="09 Nov 2018 09:39:38 GMT" time="3.594" errors="0">
  <testcase name="testAddTemplate" time="0.377" classname="org.wso2.carbon.identity.template.mgt.dao.impl.TemplateManagerDAOImplTest"/>
  <testcase name="testAddTemplate" time="0.002" classname="org.wso2.carbon.identity.template.mgt.dao.impl.TemplateManagerDAOImplTest"/>
  <testcase name="testAddTemplate" time="0.002" classname="org.wso2.carbon.identity.template.mgt.dao.impl.TemplateManagerDAOImplTest"/>
  <testcase name="testAddTemplateServerException" time="0.007" classname="org.wso2.carbon.identity.template.mgt.dao.impl.TemplateManagerDAOImplTest"/>
  <testcase name="testAddTemplateServerException" time="0.007" classname="org.wso2.carbon.identity.template.mgt.dao.impl.TemplateManagerDAOImplTest"/>
  <testcase name="testAddTemplateServerException" time="0.002" classname="org.wso2.carbon.identity.template.mgt.dao.impl.TemplateManagerDAOImplTest"/>
  <testcase name="testDeleteTemplate" time="0.104" classname="org.wso2.carbon.identity.template.mgt.dao.impl.TemplateManagerDAOImplTest"/>
  <testcase name="testDeleteTemplate" time="0.005" classname="org.wso2.carbon.identity.template.mgt.dao.impl.TemplateManagerDAOImplTest"/>
  <testcase name="testDeleteTemplate" time="0.004" classname="org.wso2.carbon.identity.template.mgt.dao.impl.TemplateManagerDAOImplTest"/>
  <testcase name="testDeleteTemplateDataAccessException" time="0.005" classname="org.wso2.carbon.identity.template.mgt.dao.impl.TemplateManagerDAOImplTest"/>
  <testcase name="testDeleteTemplateDataAccessException" time="0.003" classname="org.wso2.carbon.identity.template.mgt.dao.impl.TemplateManagerDAOImplTest"/>
  <testcase name="testDeleteTemplateDataAccessException" time="0.003" classname="org.wso2.carbon.identity.template.mgt.dao.impl.TemplateManagerDAOImplTest"/>
  <testcase name="testGetTemplateByName" time="0.039" classname="org.wso2.carbon.identity.template.mgt.dao.impl.TemplateManagerDAOImplTest"/>
  <testcase name="testGetTemplateByName" time="0.005" classname="org.wso2.carbon.identity.template.mgt.dao.impl.TemplateManagerDAOImplTest"/>
  <testcase name="testGetTemplateByName" time="0.004" classname="org.wso2.carbon.identity.template.mgt.dao.impl.TemplateManagerDAOImplTest"/>
  <testcase name="testGetTemplateByNameDataAccessException" time="0.004" classname="org.wso2.carbon.identity.template.mgt.dao.impl.TemplateManagerDAOImplTest"/>
  <testcase name="testGetTemplateByNameDataAccessException" time="0.004" classname="org.wso2.carbon.identity.template.mgt.dao.impl.TemplateManagerDAOImplTest"/>
  <testcase name="testGetTemplateByNameDataAccessException" time="0.004" classname="org.wso2.carbon.identity.template.mgt.dao.impl.TemplateManagerDAOImplTest"/>
  <testcase name="testGetTemplateList" time="0.032" classname="org.wso2.carbon.identity.template.mgt.dao.impl.TemplateManagerDAOImplTest"/>
  <testcase name="testGetTemplateList" time="0.006" classname="org.wso2.carbon.identity.template.mgt.dao.impl.TemplateManagerDAOImplTest"/>
  <testcase name="testGetTemplateList" time="0.005" classname="org.wso2.carbon.identity.template.mgt.dao.impl.TemplateManagerDAOImplTest"/>
  <testcase name="testGetTemplateListDataAccessException" time="0.005" classname="org.wso2.carbon.identity.template.mgt.dao.impl.TemplateManagerDAOImplTest"/>
  <testcase name="testGetTemplateListDataAccessException" time="0.005" classname="org.wso2.carbon.identity.template.mgt.dao.impl.TemplateManagerDAOImplTest"/>
  <testcase name="testGetTemplateListDataAccessException" time="0.005" classname="org.wso2.carbon.identity.template.mgt.dao.impl.TemplateManagerDAOImplTest"/>
  <testcase name="testUpdateTemplate" time="0.005" classname="org.wso2.carbon.identity.template.mgt.dao.impl.TemplateManagerDAOImplTest"/>
  <testcase name="testUpdateTemplate" time="0.003" classname="org.wso2.carbon.identity.template.mgt.dao.impl.TemplateManagerDAOImplTest"/>
  <testcase name="testUpdateTemplate" time="0.003" classname="org.wso2.carbon.identity.template.mgt.dao.impl.TemplateManagerDAOImplTest"/>
  <testcase name="testUpdateTemplateServerException" time="0.002" classname="org.wso2.carbon.identity.template.mgt.dao.impl.TemplateManagerDAOImplTest"/>
  <testcase name="testUpdateTemplateServerException" time="0.003" classname="org.wso2.carbon.identity.template.mgt.dao.impl.TemplateManagerDAOImplTest"/>
  <testcase name="testUpdateTemplateServerException" time="0.003" classname="org.wso2.carbon.identity.template.mgt.dao.impl.TemplateManagerDAOImplTest"/>
  <testcase name="testAddTemplate" time="0.033" classname="org.wso2.carbon.identity.template.mgt.TemplateManagerImplTest"/>
  <testcase name="testAddTemplate" time="0.002" classname="org.wso2.carbon.identity.template.mgt.TemplateManagerImplTest"/>
  <testcase name="testAddTemplate" time="0.002" classname="org.wso2.carbon.identity.template.mgt.TemplateManagerImplTest"/>
  <testcase name="testDeleteTemplate" time="0.078" classname="org.wso2.carbon.identity.template.mgt.TemplateManagerImplTest"/>
  <testcase name="testDeleteTemplate" time="0.003" classname="org.wso2.carbon.identity.template.mgt.TemplateManagerImplTest"/>
  <testcase name="testDeleteTemplate" time="0.003" classname="org.wso2.carbon.identity.template.mgt.TemplateManagerImplTest"/>
  <testcase name="testErrorCodes" time="0.004" classname="org.wso2.carbon.identity.template.mgt.TemplateManagerImplTest"/>
  <testcase name="testGetTemplateByName" time="0.016" classname="org.wso2.carbon.identity.template.mgt.TemplateManagerImplTest"/>
  <testcase name="testGetTemplateByName" time="0.003" classname="org.wso2.carbon.identity.template.mgt.TemplateManagerImplTest"/>
  <testcase name="testGetTemplateByName" time="0.003" classname="org.wso2.carbon.identity.template.mgt.TemplateManagerImplTest"/>
  <testcase name="testGetTemplateList" time="0.015" classname="org.wso2.carbon.identity.template.mgt.TemplateManagerImplTest"/>
  <testcase name="testGetTemplateList" time="0.004" classname="org.wso2.carbon.identity.template.mgt.TemplateManagerImplTest"/>
  <testcase name="testGetTemplateList" time="0.004" classname="org.wso2.carbon.identity.template.mgt.TemplateManagerImplTest"/>
  <testcase name="testSetTenantIdIfNull" time="0.001" classname="org.wso2.carbon.identity.template.mgt.TemplateManagerImplTest"/>
  <testcase name="testUpdateTemplate" time="0.003" classname="org.wso2.carbon.identity.template.mgt.TemplateManagerImplTest"/>
  <testcase name="testUpdateTemplate" time="0.002" classname="org.wso2.carbon.identity.template.mgt.TemplateManagerImplTest"/>
  <testcase name="testValidatingInputs" time="0.0" classname="org.wso2.carbon.identity.template.mgt.TemplateManagerImplTest"/>
  <testcase name="testValidatingInputs" time="0.0" classname="org.wso2.carbon.identity.template.mgt.TemplateManagerImplTest"/>
  <testcase name="testValidatingInputs" time="0.001" classname="org.wso2.carbon.identity.template.mgt.TemplateManagerImplTest"/>
  <testcase name="testvalidatingPaginationParameters" time="0.001" classname="org.wso2.carbon.identity.template.mgt.TemplateManagerImplTest"/>
  <testcase name="testGetDescription" time="0.001" classname="org.wso2.carbon.identity.template.mgt.model.TemplateTest"/>
  <testcase name="testGetTemplateId" time="0.0" classname="org.wso2.carbon.identity.template.mgt.model.TemplateTest"/>
  <testcase name="testGetTemplateName" time="0.0" classname="org.wso2.carbon.identity.template.mgt.model.TemplateTest"/>
  <testcase name="testGetTemplateScript" time="0.0" classname="org.wso2.carbon.identity.template.mgt.model.TemplateTest"/>
  <testcase name="testGetTenantId" time="0.0" classname="org.wso2.carbon.identity.template.mgt.model.TemplateTest"/>
  <testcase name="testSetDescription" time="0.0" classname="org.wso2.carbon.identity.template.mgt.model.TemplateTest"/>
  <testcase name="testSetTemplateId" time="0.0" classname="org.wso2.carbon.identity.template.mgt.model.TemplateTest"/>
  <testcase name="testSetTemplateName" time="0.0" classname="org.wso2.carbon.identity.template.mgt.model.TemplateTest"/>
  <testcase name="testSetTemplateScript" time="0.0" classname="org.wso2.carbon.identity.template.mgt.model.TemplateTest"/>
  <testcase name="testSetTenantId" time="0.0" classname="org.wso2.carbon.identity.template.mgt.model.TemplateTest"/>
  <testcase name="testGetDescription" time="0.0" classname="org.wso2.carbon.identity.template.mgt.model.TemplateInfoTest"/>
  <testcase name="testGetTemplateId" time="0.0" classname="org.wso2.carbon.identity.template.mgt.model.TemplateInfoTest"/>
  <testcase name="testGetTemplateName" time="0.0" classname="org.wso2.carbon.identity.template.mgt.model.TemplateInfoTest"/>
  <testcase name="testGetTenantId" time="0.0" classname="org.wso2.carbon.identity.template.mgt.model.TemplateInfoTest"/>
</testsuite> <!-- TemplateManagementTests -->
