<?xml version="1.0" encoding="UTF-8"?>
<testng-results skipped="0" failed="0" ignored="0" total="62" passed="62">
  <reporter-output>
  </reporter-output>
  <suite name="TemplateManagementTestSuite" duration-ms="3682" started-at="2018-11-02T05:18:42Z" finished-at="2018-11-02T05:18:45Z">
    <groups>
    </groups>
    <test name="TemplateManagementTests" duration-ms="3682" started-at="2018-11-02T05:18:42Z" finished-at="2018-11-02T05:18:45Z">
      <class name="org.wso2.carbon.identity.template.mgt.model.TemplateTest">
        <test-method status="PASS" signature="testGetTemplateScript()[pri:0, instance:org.wso2.carbon.identity.template.mgt.model.TemplateTest@77d3c3d7]" name="testGetTemplateScript" duration-ms="0" started-at="2018-11-02T05:18:45Z" finished-at="2018-11-02T05:18:45Z">
          <reporter-output>
          </reporter-output>
        </test-method> <!-- testGetTemplateScript -->
        <test-method status="PASS" signature="testGetTemplateName()[pri:0, instance:org.wso2.carbon.identity.template.mgt.model.TemplateTest@77d3c3d7]" name="testGetTemplateName" duration-ms="0" started-at="2018-11-02T05:18:45Z" finished-at="2018-11-02T05:18:45Z">
          <reporter-output>
          </reporter-output>
        </test-method> <!-- testGetTemplateName -->
        <test-method status="PASS" signature="testGetDescription()[pri:0, instance:org.wso2.carbon.identity.template.mgt.model.TemplateTest@77d3c3d7]" name="testGetDescription" duration-ms="0" started-at="2018-11-02T05:18:45Z" finished-at="2018-11-02T05:18:45Z">
          <reporter-output>
          </reporter-output>
        </test-method> <!-- testGetDescription -->
        <test-method status="PASS" signature="testGetTemplateId()[pri:0, instance:org.wso2.carbon.identity.template.mgt.model.TemplateTest@77d3c3d7]" name="testGetTemplateId" duration-ms="0" started-at="2018-11-02T05:18:45Z" finished-at="2018-11-02T05:18:45Z">
          <reporter-output>
          </reporter-output>
        </test-method> <!-- testGetTemplateId -->
        <test-method status="PASS" signature="testSetDescription()[pri:0, instance:org.wso2.carbon.identity.template.mgt.model.TemplateTest@77d3c3d7]" name="testSetDescription" duration-ms="0" started-at="2018-11-02T05:18:45Z" finished-at="2018-11-02T05:18:45Z">
          <reporter-output>
          </reporter-output>
        </test-method> <!-- testSetDescription -->
        <test-method status="PASS" signature="testSetTemplateName()[pri:0, instance:org.wso2.carbon.identity.template.mgt.model.TemplateTest@77d3c3d7]" name="testSetTemplateName" duration-ms="0" started-at="2018-11-02T05:18:45Z" finished-at="2018-11-02T05:18:45Z">
          <reporter-output>
          </reporter-output>
        </test-method> <!-- testSetTemplateName -->
        <test-method status="PASS" signature="testSetTemplateScript()[pri:0, instance:org.wso2.carbon.identity.template.mgt.model.TemplateTest@77d3c3d7]" name="testSetTemplateScript" duration-ms="1" started-at="2018-11-02T05:18:45Z" finished-at="2018-11-02T05:18:45Z">
          <reporter-output>
          </reporter-output>
        </test-method> <!-- testSetTemplateScript -->
        <test-method status="PASS" signature="testGetTenantId()[pri:0, instance:org.wso2.carbon.identity.template.mgt.model.TemplateTest@77d3c3d7]" name="testGetTenantId" duration-ms="0" started-at="2018-11-02T05:18:45Z" finished-at="2018-11-02T05:18:45Z">
          <reporter-output>
          </reporter-output>
        </test-method> <!-- testGetTenantId -->
        <test-method status="PASS" signature="testSetTemplateId()[pri:0, instance:org.wso2.carbon.identity.template.mgt.model.TemplateTest@77d3c3d7]" name="testSetTemplateId" duration-ms="0" started-at="2018-11-02T05:18:45Z" finished-at="2018-11-02T05:18:45Z">
          <reporter-output>
          </reporter-output>
        </test-method> <!-- testSetTemplateId -->
        <test-method status="PASS" signature="testSetTenantId()[pri:0, instance:org.wso2.carbon.identity.template.mgt.model.TemplateTest@77d3c3d7]" name="testSetTenantId" duration-ms="0" started-at="2018-11-02T05:18:45Z" finished-at="2018-11-02T05:18:45Z">
          <reporter-output>
          </reporter-output>
        </test-method> <!-- testSetTenantId -->
      </class> <!-- org.wso2.carbon.identity.template.mgt.model.TemplateTest -->
      <class name="org.wso2.carbon.identity.template.mgt.TemplateManagerImplTest">
        <test-method status="PASS" signature="beforePowerMockTestClass()[pri:0, instance:org.wso2.carbon.identity.template.mgt.TemplateManagerImplTest@1cca2e9d]" name="beforePowerMockTestClass" is-config="true" duration-ms="367" started-at="2018-11-02T05:18:44Z" finished-at="2018-11-02T05:18:44Z">
          <reporter-output>
          </reporter-output>
        </test-method> <!-- beforePowerMockTestClass -->
        <test-method status="PASS" signature="beforePowerMockTestMethod()[pri:0, instance:org.wso2.carbon.identity.template.mgt.TemplateManagerImplTest@1cca2e9d]" name="beforePowerMockTestMethod" is-config="true" duration-ms="129" started-at="2018-11-02T05:18:44Z" finished-at="2018-11-02T05:18:44Z">
          <reporter-output>
          </reporter-output>
        </test-method> <!-- beforePowerMockTestMethod -->
        <test-method status="PASS" signature="setUp()[pri:0, instance:org.wso2.carbon.identity.template.mgt.TemplateManagerImplTest@1cca2e9d]" name="setUp" is-config="true" duration-ms="760" started-at="2018-11-02T05:18:44Z" finished-at="2018-11-02T05:18:45Z">
          <reporter-output>
          </reporter-output>
        </test-method> <!-- setUp -->
        <test-method status="PASS" signature="testAddTemplate(java.lang.Object)[pri:0, instance:org.wso2.carbon.identity.template.mgt.TemplateManagerImplTest@1cca2e9d]" name="testAddTemplate" duration-ms="57" started-at="2018-11-02T05:18:45Z" data-provider="TemplateDataProvider" finished-at="2018-11-02T05:18:45Z">
          <params>
            <param index="0">
              <value>
                <![CDATA[org.wso2.carbon.identity.template.mgt.model.Template@2efc70df]]>
              </value>
            </param>
          </params>
          <reporter-output>
          </reporter-output>
        </test-method> <!-- testAddTemplate -->
        <test-method status="PASS" signature="tearDown()[pri:0, instance:org.wso2.carbon.identity.template.mgt.TemplateManagerImplTest@1cca2e9d]" name="tearDown" is-config="true" duration-ms="1" started-at="2018-11-02T05:18:45Z" finished-at="2018-11-02T05:18:45Z">
          <reporter-output>
          </reporter-output>
        </test-method> <!-- tearDown -->
        <test-method status="PASS" signature="afterPowerMockTestMethod()[pri:0, instance:org.wso2.carbon.identity.template.mgt.TemplateManagerImplTest@1cca2e9d]" name="afterPowerMockTestMethod" is-config="true" duration-ms="4" started-at="2018-11-02T05:18:45Z" finished-at="2018-11-02T05:18:45Z">
          <reporter-output>
          </reporter-output>
        </test-method> <!-- afterPowerMockTestMethod -->
        <test-method status="PASS" signature="beforePowerMockTestMethod()[pri:0, instance:org.wso2.carbon.identity.template.mgt.TemplateManagerImplTest@1cca2e9d]" name="beforePowerMockTestMethod" is-config="true" duration-ms="1" started-at="2018-11-02T05:18:45Z" finished-at="2018-11-02T05:18:45Z">
          <reporter-output>
          </reporter-output>
        </test-method> <!-- beforePowerMockTestMethod -->
        <test-method status="PASS" signature="setUp()[pri:0, instance:org.wso2.carbon.identity.template.mgt.TemplateManagerImplTest@1cca2e9d]" name="setUp" is-config="true" duration-ms="13" started-at="2018-11-02T05:18:45Z" finished-at="2018-11-02T05:18:45Z">
          <reporter-output>
          </reporter-output>
        </test-method> <!-- setUp -->
        <test-method status="PASS" signature="testAddTemplate(java.lang.Object)[pri:0, instance:org.wso2.carbon.identity.template.mgt.TemplateManagerImplTest@1cca2e9d]" name="testAddTemplate" duration-ms="3" started-at="2018-11-02T05:18:45Z" data-provider="TemplateDataProvider" finished-at="2018-11-02T05:18:45Z">
          <params>
            <param index="0">
              <value>
                <![CDATA[org.wso2.carbon.identity.template.mgt.model.Template@4426b017]]>
              </value>
            </param>
          </params>
          <reporter-output>
          </reporter-output>
        </test-method> <!-- testAddTemplate -->
        <test-method status="PASS" signature="tearDown()[pri:0, instance:org.wso2.carbon.identity.template.mgt.TemplateManagerImplTest@1cca2e9d]" name="tearDown" is-config="true" duration-ms="1" started-at="2018-11-02T05:18:45Z" finished-at="2018-11-02T05:18:45Z">
          <reporter-output>
          </reporter-output>
        </test-method> <!-- tearDown -->
        <test-method status="PASS" signature="beforePowerMockTestMethod()[pri:0, instance:org.wso2.carbon.identity.template.mgt.TemplateManagerImplTest@1cca2e9d]" name="beforePowerMockTestMethod" is-config="true" duration-ms="2" started-at="2018-11-02T05:18:45Z" finished-at="2018-11-02T05:18:45Z">
          <reporter-output>
          </reporter-output>
        </test-method> <!-- beforePowerMockTestMethod -->
        <test-method status="PASS" signature="afterPowerMockTestMethod()[pri:0, instance:org.wso2.carbon.identity.template.mgt.TemplateManagerImplTest@1cca2e9d]" name="afterPowerMockTestMethod" is-config="true" duration-ms="0" started-at="2018-11-02T05:18:45Z" finished-at="2018-11-02T05:18:45Z">
          <reporter-output>
          </reporter-output>
        </test-method> <!-- afterPowerMockTestMethod -->
        <test-method status="PASS" signature="setUp()[pri:0, instance:org.wso2.carbon.identity.template.mgt.TemplateManagerImplTest@1cca2e9d]" name="setUp" is-config="true" duration-ms="13" started-at="2018-11-02T05:18:45Z" finished-at="2018-11-02T05:18:45Z">
          <reporter-output>
          </reporter-output>
        </test-method> <!-- setUp -->
        <test-method status="PASS" signature="testAddTemplate(java.lang.Object)[pri:0, instance:org.wso2.carbon.identity.template.mgt.TemplateManagerImplTest@1cca2e9d]" name="testAddTemplate" duration-ms="3" started-at="2018-11-02T05:18:45Z" data-provider="TemplateDataProvider" finished-at="2018-11-02T05:18:45Z">
          <params>
            <param index="0">
              <value>
                <![CDATA[org.wso2.carbon.identity.template.mgt.model.Template@1f0485e3]]>
              </value>
            </param>
          </params>
          <reporter-output>
          </reporter-output>
        </test-method> <!-- testAddTemplate -->
        <test-method status="PASS" signature="tearDown()[pri:0, instance:org.wso2.carbon.identity.template.mgt.TemplateManagerImplTest@1cca2e9d]" name="tearDown" is-config="true" duration-ms="1" started-at="2018-11-02T05:18:45Z" finished-at="2018-11-02T05:18:45Z">
          <reporter-output>
          </reporter-output>
        </test-method> <!-- tearDown -->
        <test-method status="PASS" signature="afterPowerMockTestMethod()[pri:0, instance:org.wso2.carbon.identity.template.mgt.TemplateManagerImplTest@1cca2e9d]" name="afterPowerMockTestMethod" is-config="true" duration-ms="0" started-at="2018-11-02T05:18:45Z" finished-at="2018-11-02T05:18:45Z">
          <reporter-output>
          </reporter-output>
        </test-method> <!-- afterPowerMockTestMethod -->
        <test-method status="PASS" signature="beforePowerMockTestMethod()[pri:0, instance:org.wso2.carbon.identity.template.mgt.TemplateManagerImplTest@1cca2e9d]" name="beforePowerMockTestMethod" is-config="true" duration-ms="1" started-at="2018-11-02T05:18:45Z" finished-at="2018-11-02T05:18:45Z">
          <reporter-output>
          </reporter-output>
        </test-method> <!-- beforePowerMockTestMethod -->
        <test-method status="PASS" signature="setUp()[pri:0, instance:org.wso2.carbon.identity.template.mgt.TemplateManagerImplTest@1cca2e9d]" name="setUp" is-config="true" duration-ms="11" started-at="2018-11-02T05:18:45Z" finished-at="2018-11-02T05:18:45Z">
          <reporter-output>
          </reporter-output>
        </test-method> <!-- setUp -->
        <test-method status="PASS" signature="testDeleteTemplate(java.lang.Object)[pri:0, instance:org.wso2.carbon.identity.template.mgt.TemplateManagerImplTest@1cca2e9d]" name="testDeleteTemplate" duration-ms="85" started-at="2018-11-02T05:18:45Z" data-provider="TemplateDataProvider" finished-at="2018-11-02T05:18:45Z">
          <params>
            <param index="0">
              <value>
                <![CDATA[org.wso2.carbon.identity.template.mgt.model.Template@24ee1e7a]]>
              </value>
            </param>
          </params>
          <reporter-output>
          </reporter-output>
        </test-method> <!-- testDeleteTemplate -->
        <test-method status="PASS" signature="tearDown()[pri:0, instance:org.wso2.carbon.identity.template.mgt.TemplateManagerImplTest@1cca2e9d]" name="tearDown" is-config="true" duration-ms="1" started-at="2018-11-02T05:18:45Z" finished-at="2018-11-02T05:18:45Z">
          <reporter-output>
          </reporter-output>
        </test-method> <!-- tearDown -->
        <test-method status="PASS" signature="beforePowerMockTestMethod()[pri:0, instance:org.wso2.carbon.identity.template.mgt.TemplateManagerImplTest@1cca2e9d]" name="beforePowerMockTestMethod" is-config="true" duration-ms="1" started-at="2018-11-02T05:18:45Z" finished-at="2018-11-02T05:18:45Z">
          <reporter-output>
          </reporter-output>
        </test-method> <!-- beforePowerMockTestMethod -->
        <test-method status="PASS" signature="afterPowerMockTestMethod()[pri:0, instance:org.wso2.carbon.identity.template.mgt.TemplateManagerImplTest@1cca2e9d]" name="afterPowerMockTestMethod" is-config="true" duration-ms="0" started-at="2018-11-02T05:18:45Z" finished-at="2018-11-02T05:18:45Z">
          <reporter-output>
          </reporter-output>
        </test-method> <!-- afterPowerMockTestMethod -->
        <test-method status="PASS" signature="setUp()[pri:0, instance:org.wso2.carbon.identity.template.mgt.TemplateManagerImplTest@1cca2e9d]" name="setUp" is-config="true" duration-ms="9" started-at="2018-11-02T05:18:45Z" finished-at="2018-11-02T05:18:45Z">
          <reporter-output>
          </reporter-output>
        </test-method> <!-- setUp -->
        <test-method status="PASS" signature="testDeleteTemplate(java.lang.Object)[pri:0, instance:org.wso2.carbon.identity.template.mgt.TemplateManagerImplTest@1cca2e9d]" name="testDeleteTemplate" duration-ms="4" started-at="2018-11-02T05:18:45Z" data-provider="TemplateDataProvider" finished-at="2018-11-02T05:18:45Z">
          <params>
            <param index="0">
              <value>
                <![CDATA[org.wso2.carbon.identity.template.mgt.model.Template@3bf910a2]]>
              </value>
            </param>
          </params>
          <reporter-output>
          </reporter-output>
        </test-method> <!-- testDeleteTemplate -->
        <test-method status="PASS" signature="tearDown()[pri:0, instance:org.wso2.carbon.identity.template.mgt.TemplateManagerImplTest@1cca2e9d]" name="tearDown" is-config="true" duration-ms="1" started-at="2018-11-02T05:18:45Z" finished-at="2018-11-02T05:18:45Z">
          <reporter-output>
          </reporter-output>
        </test-method> <!-- tearDown -->
        <test-method status="PASS" signature="beforePowerMockTestMethod()[pri:0, instance:org.wso2.carbon.identity.template.mgt.TemplateManagerImplTest@1cca2e9d]" name="beforePowerMockTestMethod" is-config="true" duration-ms="1" started-at="2018-11-02T05:18:45Z" finished-at="2018-11-02T05:18:45Z">
          <reporter-output>
          </reporter-output>
        </test-method> <!-- beforePowerMockTestMethod -->
        <test-method status="PASS" signature="afterPowerMockTestMethod()[pri:0, instance:org.wso2.carbon.identity.template.mgt.TemplateManagerImplTest@1cca2e9d]" name="afterPowerMockTestMethod" is-config="true" duration-ms="0" started-at="2018-11-02T05:18:45Z" finished-at="2018-11-02T05:18:45Z">
          <reporter-output>
          </reporter-output>
        </test-method> <!-- afterPowerMockTestMethod -->
        <test-method status="PASS" signature="setUp()[pri:0, instance:org.wso2.carbon.identity.template.mgt.TemplateManagerImplTest@1cca2e9d]" name="setUp" is-config="true" duration-ms="10" started-at="2018-11-02T05:18:45Z" finished-at="2018-11-02T05:18:45Z">
          <reporter-output>
          </reporter-output>
        </test-method> <!-- setUp -->
        <test-method status="PASS" signature="testDeleteTemplate(java.lang.Object)[pri:0, instance:org.wso2.carbon.identity.template.mgt.TemplateManagerImplTest@1cca2e9d]" name="testDeleteTemplate" duration-ms="6" started-at="2018-11-02T05:18:45Z" data-provider="TemplateDataProvider" finished-at="2018-11-02T05:18:45Z">
          <params>
            <param index="0">
              <value>
                <![CDATA[org.wso2.carbon.identity.template.mgt.model.Template@35bcb2b4]]>
              </value>
            </param>
          </params>
          <reporter-output>
          </reporter-output>
        </test-method> <!-- testDeleteTemplate -->
        <test-method status="PASS" signature="tearDown()[pri:0, instance:org.wso2.carbon.identity.template.mgt.TemplateManagerImplTest@1cca2e9d]" name="tearDown" is-config="true" duration-ms="1" started-at="2018-11-02T05:18:45Z" finished-at="2018-11-02T05:18:45Z">
          <reporter-output>
          </reporter-output>
        </test-method> <!-- tearDown -->
        <test-method status="PASS" signature="afterPowerMockTestMethod()[pri:0, instance:org.wso2.carbon.identity.template.mgt.TemplateManagerImplTest@1cca2e9d]" name="afterPowerMockTestMethod" is-config="true" duration-ms="0" started-at="2018-11-02T05:18:45Z" finished-at="2018-11-02T05:18:45Z">
          <reporter-output>
          </reporter-output>
        </test-method> <!-- afterPowerMockTestMethod -->
        <test-method status="PASS" signature="beforePowerMockTestMethod()[pri:0, instance:org.wso2.carbon.identity.template.mgt.TemplateManagerImplTest@1cca2e9d]" name="beforePowerMockTestMethod" is-config="true" duration-ms="1" started-at="2018-11-02T05:18:45Z" finished-at="2018-11-02T05:18:45Z">
          <reporter-output>
          </reporter-output>
        </test-method> <!-- beforePowerMockTestMethod -->
        <test-method status="PASS" signature="setUp()[pri:0, instance:org.wso2.carbon.identity.template.mgt.TemplateManagerImplTest@1cca2e9d]" name="setUp" is-config="true" duration-ms="11" started-at="2018-11-02T05:18:45Z" finished-at="2018-11-02T05:18:45Z">
          <reporter-output>
          </reporter-output>
        </test-method> <!-- setUp -->
        <test-method status="PASS" signature="testGetTemplateByName(java.lang.Object, java.lang.String)[pri:0, instance:org.wso2.carbon.identity.template.mgt.TemplateManagerImplTest@1cca2e9d]" name="testGetTemplateByName" duration-ms="8" started-at="2018-11-02T05:18:45Z" data-provider="getTemplateByNameDataProvider" finished-at="2018-11-02T05:18:45Z">
          <params>
            <param index="0">
              <value>
                <![CDATA[org.wso2.carbon.identity.template.mgt.model.Template@590a8427]]>
              </value>
            </param>
            <param index="1">
              <value>
                <![CDATA[T1]]>
              </value>
            </param>
          </params>
          <reporter-output>
          </reporter-output>
        </test-method> <!-- testGetTemplateByName -->
        <test-method status="PASS" signature="tearDown()[pri:0, instance:org.wso2.carbon.identity.template.mgt.TemplateManagerImplTest@1cca2e9d]" name="tearDown" is-config="true" duration-ms="1" started-at="2018-11-02T05:18:45Z" finished-at="2018-11-02T05:18:45Z">
          <reporter-output>
          </reporter-output>
        </test-method> <!-- tearDown -->
        <test-method status="PASS" signature="beforePowerMockTestMethod()[pri:0, instance:org.wso2.carbon.identity.template.mgt.TemplateManagerImplTest@1cca2e9d]" name="beforePowerMockTestMethod" is-config="true" duration-ms="2" started-at="2018-11-02T05:18:45Z" finished-at="2018-11-02T05:18:45Z">
          <reporter-output>
          </reporter-output>
        </test-method> <!-- beforePowerMockTestMethod -->
        <test-method status="PASS" signature="afterPowerMockTestMethod()[pri:0, instance:org.wso2.carbon.identity.template.mgt.TemplateManagerImplTest@1cca2e9d]" name="afterPowerMockTestMethod" is-config="true" duration-ms="0" started-at="2018-11-02T05:18:45Z" finished-at="2018-11-02T05:18:45Z">
          <reporter-output>
          </reporter-output>
        </test-method> <!-- afterPowerMockTestMethod -->
        <test-method status="PASS" signature="setUp()[pri:0, instance:org.wso2.carbon.identity.template.mgt.TemplateManagerImplTest@1cca2e9d]" name="setUp" is-config="true" duration-ms="12" started-at="2018-11-02T05:18:45Z" finished-at="2018-11-02T05:18:45Z">
          <reporter-output>
          </reporter-output>
        </test-method> <!-- setUp -->
        <test-method status="PASS" signature="testGetTemplateByName(java.lang.Object, java.lang.String)[pri:0, instance:org.wso2.carbon.identity.template.mgt.TemplateManagerImplTest@1cca2e9d]" name="testGetTemplateByName" duration-ms="5" started-at="2018-11-02T05:18:45Z" data-provider="getTemplateByNameDataProvider" finished-at="2018-11-02T05:18:45Z">
          <params>
            <param index="0">
              <value>
                <![CDATA[org.wso2.carbon.identity.template.mgt.model.Template@2169d6d4]]>
              </value>
            </param>
            <param index="1">
              <value>
                <![CDATA[T2]]>
              </value>
            </param>
          </params>
          <reporter-output>
          </reporter-output>
        </test-method> <!-- testGetTemplateByName -->
        <test-method status="PASS" signature="tearDown()[pri:0, instance:org.wso2.carbon.identity.template.mgt.TemplateManagerImplTest@1cca2e9d]" name="tearDown" is-config="true" duration-ms="1" started-at="2018-11-02T05:18:45Z" finished-at="2018-11-02T05:18:45Z">
          <reporter-output>
          </reporter-output>
        </test-method> <!-- tearDown -->
        <test-method status="PASS" signature="beforePowerMockTestMethod()[pri:0, instance:org.wso2.carbon.identity.template.mgt.TemplateManagerImplTest@1cca2e9d]" name="beforePowerMockTestMethod" is-config="true" duration-ms="2" started-at="2018-11-02T05:18:45Z" finished-at="2018-11-02T05:18:45Z">
          <reporter-output>
          </reporter-output>
        </test-method> <!-- beforePowerMockTestMethod -->
        <test-method status="PASS" signature="afterPowerMockTestMethod()[pri:0, instance:org.wso2.carbon.identity.template.mgt.TemplateManagerImplTest@1cca2e9d]" name="afterPowerMockTestMethod" is-config="true" duration-ms="0" started-at="2018-11-02T05:18:45Z" finished-at="2018-11-02T05:18:45Z">
          <reporter-output>
          </reporter-output>
        </test-method> <!-- afterPowerMockTestMethod -->
        <test-method status="PASS" signature="setUp()[pri:0, instance:org.wso2.carbon.identity.template.mgt.TemplateManagerImplTest@1cca2e9d]" name="setUp" is-config="true" duration-ms="9" started-at="2018-11-02T05:18:45Z" finished-at="2018-11-02T05:18:45Z">
          <reporter-output>
          </reporter-output>
        </test-method> <!-- setUp -->
        <test-method status="PASS" signature="testGetTemplateByName(java.lang.Object, java.lang.String)[pri:0, instance:org.wso2.carbon.identity.template.mgt.TemplateManagerImplTest@1cca2e9d]" name="testGetTemplateByName" duration-ms="5" started-at="2018-11-02T05:18:45Z" data-provider="getTemplateByNameDataProvider" finished-at="2018-11-02T05:18:45Z">
          <params>
            <param index="0">
              <value>
                <![CDATA[org.wso2.carbon.identity.template.mgt.model.Template@2de0a3c7]]>
              </value>
            </param>
            <param index="1">
              <value>
                <![CDATA[T3]]>
              </value>
            </param>
          </params>
          <reporter-output>
          </reporter-output>
        </test-method> <!-- testGetTemplateByName -->
        <test-method status="PASS" signature="tearDown()[pri:0, instance:org.wso2.carbon.identity.template.mgt.TemplateManagerImplTest@1cca2e9d]" name="tearDown" is-config="true" duration-ms="0" started-at="2018-11-02T05:18:45Z" finished-at="2018-11-02T05:18:45Z">
          <reporter-output>
          </reporter-output>
        </test-method> <!-- tearDown -->
        <test-method status="PASS" signature="afterPowerMockTestMethod()[pri:0, instance:org.wso2.carbon.identity.template.mgt.TemplateManagerImplTest@1cca2e9d]" name="afterPowerMockTestMethod" is-config="true" duration-ms="1" started-at="2018-11-02T05:18:45Z" finished-at="2018-11-02T05:18:45Z">
          <reporter-output>
          </reporter-output>
        </test-method> <!-- afterPowerMockTestMethod -->
        <test-method status="PASS" signature="beforePowerMockTestMethod()[pri:0, instance:org.wso2.carbon.identity.template.mgt.TemplateManagerImplTest@1cca2e9d]" name="beforePowerMockTestMethod" is-config="true" duration-ms="1" started-at="2018-11-02T05:18:45Z" finished-at="2018-11-02T05:18:45Z">
          <reporter-output>
          </reporter-output>
        </test-method> <!-- beforePowerMockTestMethod -->
        <test-method status="PASS" signature="setUp()[pri:0, instance:org.wso2.carbon.identity.template.mgt.TemplateManagerImplTest@1cca2e9d]" name="setUp" is-config="true" duration-ms="10" started-at="2018-11-02T05:18:45Z" finished-at="2018-11-02T05:18:45Z">
          <reporter-output>
          </reporter-output>
        </test-method> <!-- setUp -->
        <test-method status="PASS" signature="testGetTemplateList(java.lang.Integer, java.lang.Integer, int)[pri:0, instance:org.wso2.carbon.identity.template.mgt.TemplateManagerImplTest@1cca2e9d]" name="testGetTemplateList" duration-ms="14" started-at="2018-11-02T05:18:45Z" data-provider="templateListProvider" finished-at="2018-11-02T05:18:45Z">
          <params>
            <param index="0">
              <value>
                <![CDATA[0]]>
              </value>
            </param>
            <param index="1">
              <value>
                <![CDATA[0]]>
              </value>
            </param>
            <param index="2">
              <value>
                <![CDATA[3]]>
              </value>
            </param>
          </params>
          <reporter-output>
          </reporter-output>
        </test-method> <!-- testGetTemplateList -->
        <test-method status="PASS" signature="afterPowerMockTestMethod()[pri:0, instance:org.wso2.carbon.identity.template.mgt.TemplateManagerImplTest@1cca2e9d]" name="afterPowerMockTestMethod" is-config="true" duration-ms="1" started-at="2018-11-02T05:18:45Z" finished-at="2018-11-02T05:18:45Z">
          <reporter-output>
          </reporter-output>
        </test-method> <!-- afterPowerMockTestMethod -->
        <test-method status="PASS" signature="tearDown()[pri:0, instance:org.wso2.carbon.identity.template.mgt.TemplateManagerImplTest@1cca2e9d]" name="tearDown" is-config="true" duration-ms="0" started-at="2018-11-02T05:18:45Z" finished-at="2018-11-02T05:18:45Z">
          <reporter-output>
          </reporter-output>
        </test-method> <!-- tearDown -->
        <test-method status="PASS" signature="beforePowerMockTestMethod()[pri:0, instance:org.wso2.carbon.identity.template.mgt.TemplateManagerImplTest@1cca2e9d]" name="beforePowerMockTestMethod" is-config="true" duration-ms="1" started-at="2018-11-02T05:18:45Z" finished-at="2018-11-02T05:18:45Z">
          <reporter-output>
          </reporter-output>
        </test-method> <!-- beforePowerMockTestMethod -->
        <test-method status="PASS" signature="setUp()[pri:0, instance:org.wso2.carbon.identity.template.mgt.TemplateManagerImplTest@1cca2e9d]" name="setUp" is-config="true" duration-ms="10" started-at="2018-11-02T05:18:45Z" finished-at="2018-11-02T05:18:45Z">
          <reporter-output>
          </reporter-output>
        </test-method> <!-- setUp -->
        <test-method status="PASS" signature="testGetTemplateList(java.lang.Integer, java.lang.Integer, int)[pri:0, instance:org.wso2.carbon.identity.template.mgt.TemplateManagerImplTest@1cca2e9d]" name="testGetTemplateList" duration-ms="6" started-at="2018-11-02T05:18:45Z" data-provider="templateListProvider" finished-at="2018-11-02T05:18:45Z">
          <params>
            <param index="0">
              <value>
                <![CDATA[1]]>
              </value>
            </param>
            <param index="1">
              <value>
                <![CDATA[1]]>
              </value>
            </param>
            <param index="2">
              <value>
                <![CDATA[1]]>
              </value>
            </param>
          </params>
          <reporter-output>
          </reporter-output>
        </test-method> <!-- testGetTemplateList -->
        <test-method status="PASS" signature="tearDown()[pri:0, instance:org.wso2.carbon.identity.template.mgt.TemplateManagerImplTest@1cca2e9d]" name="tearDown" is-config="true" duration-ms="1" started-at="2018-11-02T05:18:45Z" finished-at="2018-11-02T05:18:45Z">
          <reporter-output>
          </reporter-output>
        </test-method> <!-- tearDown -->
        <test-method status="PASS" signature="afterPowerMockTestMethod()[pri:0, instance:org.wso2.carbon.identity.template.mgt.TemplateManagerImplTest@1cca2e9d]" name="afterPowerMockTestMethod" is-config="true" duration-ms="0" started-at="2018-11-02T05:18:45Z" finished-at="2018-11-02T05:18:45Z">
          <reporter-output>
          </reporter-output>
        </test-method> <!-- afterPowerMockTestMethod -->
        <test-method status="PASS" signature="beforePowerMockTestMethod()[pri:0, instance:org.wso2.carbon.identity.template.mgt.TemplateManagerImplTest@1cca2e9d]" name="beforePowerMockTestMethod" is-config="true" duration-ms="1" started-at="2018-11-02T05:18:45Z" finished-at="2018-11-02T05:18:45Z">
          <reporter-output>
          </reporter-output>
        </test-method> <!-- beforePowerMockTestMethod -->
        <test-method status="PASS" signature="setUp()[pri:0, instance:org.wso2.carbon.identity.template.mgt.TemplateManagerImplTest@1cca2e9d]" name="setUp" is-config="true" duration-ms="8" started-at="2018-11-02T05:18:45Z" finished-at="2018-11-02T05:18:45Z">
          <reporter-output>
          </reporter-output>
        </test-method> <!-- setUp -->
        <test-method status="PASS" signature="testGetTemplateList(java.lang.Integer, java.lang.Integer, int)[pri:0, instance:org.wso2.carbon.identity.template.mgt.TemplateManagerImplTest@1cca2e9d]" name="testGetTemplateList" duration-ms="9" started-at="2018-11-02T05:18:45Z" data-provider="templateListProvider" finished-at="2018-11-02T05:18:45Z">
          <params>
            <param index="0">
              <value>
                <![CDATA[10]]>
              </value>
            </param>
            <param index="1">
              <value>
                <![CDATA[0]]>
              </value>
            </param>
            <param index="2">
              <value>
                <![CDATA[3]]>
              </value>
            </param>
          </params>
          <reporter-output>
          </reporter-output>
        </test-method> <!-- testGetTemplateList -->
        <test-method status="PASS" signature="tearDown()[pri:0, instance:org.wso2.carbon.identity.template.mgt.TemplateManagerImplTest@1cca2e9d]" name="tearDown" is-config="true" duration-ms="1" started-at="2018-11-02T05:18:45Z" finished-at="2018-11-02T05:18:45Z">
          <reporter-output>
          </reporter-output>
        </test-method> <!-- tearDown -->
        <test-method status="PASS" signature="afterPowerMockTestMethod()[pri:0, instance:org.wso2.carbon.identity.template.mgt.TemplateManagerImplTest@1cca2e9d]" name="afterPowerMockTestMethod" is-config="true" duration-ms="0" started-at="2018-11-02T05:18:45Z" finished-at="2018-11-02T05:18:45Z">
          <reporter-output>
          </reporter-output>
        </test-method> <!-- afterPowerMockTestMethod -->
        <test-method status="PASS" signature="beforePowerMockTestMethod()[pri:0, instance:org.wso2.carbon.identity.template.mgt.TemplateManagerImplTest@1cca2e9d]" name="beforePowerMockTestMethod" is-config="true" duration-ms="1" started-at="2018-11-02T05:18:45Z" finished-at="2018-11-02T05:18:45Z">
          <reporter-output>
          </reporter-output>
        </test-method> <!-- beforePowerMockTestMethod -->
        <test-method status="PASS" signature="setUp()[pri:0, instance:org.wso2.carbon.identity.template.mgt.TemplateManagerImplTest@1cca2e9d]" name="setUp" is-config="true" duration-ms="7" started-at="2018-11-02T05:18:45Z" finished-at="2018-11-02T05:18:45Z">
          <reporter-output>
          </reporter-output>
        </test-method> <!-- setUp -->
        <test-method status="PASS" signature="testUpdateTemplate(java.lang.String, java.lang.Object, java.lang.Object)[pri:0, instance:org.wso2.carbon.identity.template.mgt.TemplateManagerImplTest@1cca2e9d]" name="testUpdateTemplate" duration-ms="4" started-at="2018-11-02T05:18:45Z" data-provider="UpdateTemplateDataProvider" finished-at="2018-11-02T05:18:45Z">
          <params>
            <param index="0">
              <value>
                <![CDATA[T1]]>
              </value>
            </param>
            <param index="1">
              <value>
                <![CDATA[org.wso2.carbon.identity.template.mgt.model.Template@759ceb63]]>
              </value>
            </param>
            <param index="2">
              <value>
                <![CDATA[org.wso2.carbon.identity.template.mgt.model.Template@223c254f]]>
              </value>
            </param>
          </params>
          <reporter-output>
          </reporter-output>
        </test-method> <!-- testUpdateTemplate -->
        <test-method status="PASS" signature="tearDown()[pri:0, instance:org.wso2.carbon.identity.template.mgt.TemplateManagerImplTest@1cca2e9d]" name="tearDown" is-config="true" duration-ms="1" started-at="2018-11-02T05:18:45Z" finished-at="2018-11-02T05:18:45Z">
          <reporter-output>
          </reporter-output>
        </test-method> <!-- tearDown -->
        <test-method status="PASS" signature="beforePowerMockTestMethod()[pri:0, instance:org.wso2.carbon.identity.template.mgt.TemplateManagerImplTest@1cca2e9d]" name="beforePowerMockTestMethod" is-config="true" duration-ms="1" started-at="2018-11-02T05:18:45Z" finished-at="2018-11-02T05:18:45Z">
          <reporter-output>
          </reporter-output>
        </test-method> <!-- beforePowerMockTestMethod -->
        <test-method status="PASS" signature="afterPowerMockTestMethod()[pri:0, instance:org.wso2.carbon.identity.template.mgt.TemplateManagerImplTest@1cca2e9d]" name="afterPowerMockTestMethod" is-config="true" duration-ms="0" started-at="2018-11-02T05:18:45Z" finished-at="2018-11-02T05:18:45Z">
          <reporter-output>
          </reporter-output>
        </test-method> <!-- afterPowerMockTestMethod -->
        <test-method status="PASS" signature="setUp()[pri:0, instance:org.wso2.carbon.identity.template.mgt.TemplateManagerImplTest@1cca2e9d]" name="setUp" is-config="true" duration-ms="6" started-at="2018-11-02T05:18:45Z" finished-at="2018-11-02T05:18:45Z">
          <reporter-output>
          </reporter-output>
        </test-method> <!-- setUp -->
        <test-method status="PASS" signature="testUpdateTemplate(java.lang.String, java.lang.Object, java.lang.Object)[pri:0, instance:org.wso2.carbon.identity.template.mgt.TemplateManagerImplTest@1cca2e9d]" name="testUpdateTemplate" duration-ms="3" started-at="2018-11-02T05:18:45Z" data-provider="UpdateTemplateDataProvider" finished-at="2018-11-02T05:18:45Z">
          <params>
            <param index="0">
              <value>
                <![CDATA[T2]]>
              </value>
            </param>
            <param index="1">
              <value>
                <![CDATA[org.wso2.carbon.identity.template.mgt.model.Template@64645e6]]>
              </value>
            </param>
            <param index="2">
              <value>
                <![CDATA[org.wso2.carbon.identity.template.mgt.model.Template@20c71]]>
              </value>
            </param>
          </params>
          <reporter-output>
          </reporter-output>
        </test-method> <!-- testUpdateTemplate -->
        <test-method status="PASS" signature="tearDown()[pri:0, instance:org.wso2.carbon.identity.template.mgt.TemplateManagerImplTest@1cca2e9d]" name="tearDown" is-config="true" duration-ms="0" started-at="2018-11-02T05:18:45Z" finished-at="2018-11-02T05:18:45Z">
          <reporter-output>
          </reporter-output>
        </test-method> <!-- tearDown -->
        <test-method status="PASS" signature="afterPowerMockTestMethod()[pri:0, instance:org.wso2.carbon.identity.template.mgt.TemplateManagerImplTest@1cca2e9d]" name="afterPowerMockTestMethod" is-config="true" duration-ms="1" started-at="2018-11-02T05:18:45Z" finished-at="2018-11-02T05:18:45Z">
          <reporter-output>
          </reporter-output>
        </test-method> <!-- afterPowerMockTestMethod -->
        <test-method status="PASS" signature="beforePowerMockTestMethod()[pri:0, instance:org.wso2.carbon.identity.template.mgt.TemplateManagerImplTest@1cca2e9d]" name="beforePowerMockTestMethod" is-config="true" duration-ms="1" started-at="2018-11-02T05:18:45Z" finished-at="2018-11-02T05:18:45Z">
          <reporter-output>
          </reporter-output>
        </test-method> <!-- beforePowerMockTestMethod -->
        <test-method status="PASS" signature="setUp()[pri:0, instance:org.wso2.carbon.identity.template.mgt.TemplateManagerImplTest@1cca2e9d]" name="setUp" is-config="true" duration-ms="6" started-at="2018-11-02T05:18:45Z" finished-at="2018-11-02T05:18:45Z">
          <reporter-output>
          </reporter-output>
        </test-method> <!-- setUp -->
        <test-method status="PASS" signature="testValidatingInputs(java.lang.Object)[pri:0, instance:org.wso2.carbon.identity.template.mgt.TemplateManagerImplTest@1cca2e9d]" name="testValidatingInputs" duration-ms="3" started-at="2018-11-02T05:18:45Z" data-provider="validateInputsDataProvider" finished-at="2018-11-02T05:18:45Z">
          <params>
            <param index="0">
              <value>
                <![CDATA[org.wso2.carbon.identity.template.mgt.model.Template@4af3ef1e]]>
              </value>
            </param>
          </params>
          <exception class="org.wso2.carbon.identity.template.mgt.exception.TemplateManagementClientException">
            <message>
              <![CDATA[Template name is required.]]>
            </message>
            <full-stacktrace>
              <![CDATA[org.wso2.carbon.identity.template.mgt.exception.TemplateManagementClientException: Template name is required.
at org.wso2.carbon.identity.template.mgt.util.TemplateMgtUtils.handleClientException(TemplateMgtUtils.java:90)
at org.wso2.carbon.identity.template.mgt.TemplateManagerImpl.validateInputParameters(TemplateManagerImpl.java:93)
at org.wso2.carbon.identity.template.mgt.TemplateManagerImpl.addTemplate(TemplateManagerImpl.java:48)
at org.wso2.carbon.identity.template.mgt.TemplateManagerImplTest.testValidatingInputs(TemplateManagerImplTest.java:326)
at sun.reflect.NativeMethodAccessorImpl.invoke0(Native Method)
at sun.reflect.NativeMethodAccessorImpl.invoke(NativeMethodAccessorImpl.java:62)
at sun.reflect.DelegatingMethodAccessorImpl.invoke(DelegatingMethodAccessorImpl.java:43)
at java.lang.reflect.Method.invoke(Method.java:498)
at org.testng.internal.MethodInvocationHelper.invokeMethod(MethodInvocationHelper.java:124)
at org.testng.internal.Invoker.invokeMethod(Invoker.java:583)
at org.testng.internal.Invoker.invokeTestMethod(Invoker.java:719)
at org.testng.internal.Invoker.invokeTestMethods(Invoker.java:989)
at org.testng.internal.TestMethodWorker.invokeTestMethods(TestMethodWorker.java:125)
at org.testng.internal.TestMethodWorker.run(TestMethodWorker.java:109)
at org.testng.TestRunner.privateRun(TestRunner.java:648)
at org.testng.TestRunner.run(TestRunner.java:505)
at org.testng.SuiteRunner.runTest(SuiteRunner.java:455)
at org.testng.SuiteRunner.runSequentially(SuiteRunner.java:450)
at org.testng.SuiteRunner.privateRun(SuiteRunner.java:415)
at org.testng.SuiteRunner.run(SuiteRunner.java:364)
at org.testng.SuiteRunnerWorker.runSuite(SuiteRunnerWorker.java:52)
at org.testng.SuiteRunnerWorker.run(SuiteRunnerWorker.java:84)
at org.testng.TestNG.runSuitesSequentially(TestNG.java:1208)
at org.testng.TestNG.runSuitesLocally(TestNG.java:1137)
at org.testng.TestNG.runSuites(TestNG.java:1049)
at org.testng.TestNG.run(TestNG.java:1017)
at org.apache.maven.surefire.testng.TestNGExecutor.run(TestNGExecutor.java:283)
at org.apache.maven.surefire.testng.TestNGXmlTestSuite.execute(TestNGXmlTestSuite.java:75)
at org.apache.maven.surefire.testng.TestNGProvider.invoke(TestNGProvider.java:120)
at org.apache.maven.surefire.booter.ForkedBooter.invokeProviderInSameClassLoader(ForkedBooter.java:386)
at org.apache.maven.surefire.booter.ForkedBooter.runSuitesInProcess(ForkedBooter.java:323)
at org.apache.maven.surefire.booter.ForkedBooter.main(ForkedBooter.java:143)
]]>
            </full-stacktrace>
          </exception> <!-- org.wso2.carbon.identity.template.mgt.exception.TemplateManagementClientException -->
          <reporter-output>
          </reporter-output>
        </test-method> <!-- testValidatingInputs -->
        <test-method status="PASS" signature="tearDown()[pri:0, instance:org.wso2.carbon.identity.template.mgt.TemplateManagerImplTest@1cca2e9d]" name="tearDown" is-config="true" duration-ms="0" started-at="2018-11-02T05:18:45Z" finished-at="2018-11-02T05:18:45Z">
          <reporter-output>
          </reporter-output>
        </test-method> <!-- tearDown -->
        <test-method status="PASS" signature="afterPowerMockTestMethod()[pri:0, instance:org.wso2.carbon.identity.template.mgt.TemplateManagerImplTest@1cca2e9d]" name="afterPowerMockTestMethod" is-config="true" duration-ms="1" started-at="2018-11-02T05:18:45Z" finished-at="2018-11-02T05:18:45Z">
          <reporter-output>
          </reporter-output>
        </test-method> <!-- afterPowerMockTestMethod -->
        <test-method status="PASS" signature="beforePowerMockTestMethod()[pri:0, instance:org.wso2.carbon.identity.template.mgt.TemplateManagerImplTest@1cca2e9d]" name="beforePowerMockTestMethod" is-config="true" duration-ms="1" started-at="2018-11-02T05:18:45Z" finished-at="2018-11-02T05:18:45Z">
          <reporter-output>
          </reporter-output>
        </test-method> <!-- beforePowerMockTestMethod -->
        <test-method status="PASS" signature="setUp()[pri:0, instance:org.wso2.carbon.identity.template.mgt.TemplateManagerImplTest@1cca2e9d]" name="setUp" is-config="true" duration-ms="7" started-at="2018-11-02T05:18:45Z" finished-at="2018-11-02T05:18:45Z">
          <reporter-output>
          </reporter-output>
        </test-method> <!-- setUp -->
        <test-method status="PASS" signature="testValidatingInputs(java.lang.Object)[pri:0, instance:org.wso2.carbon.identity.template.mgt.TemplateManagerImplTest@1cca2e9d]" name="testValidatingInputs" duration-ms="1" started-at="2018-11-02T05:18:45Z" data-provider="validateInputsDataProvider" finished-at="2018-11-02T05:18:45Z">
          <params>
            <param index="0">
              <value>
                <![CDATA[org.wso2.carbon.identity.template.mgt.model.Template@10e58da9]]>
              </value>
            </param>
          </params>
          <exception class="org.wso2.carbon.identity.template.mgt.exception.TemplateManagementClientException">
            <message>
              <![CDATA[Template script is required.]]>
            </message>
            <full-stacktrace>
              <![CDATA[org.wso2.carbon.identity.template.mgt.exception.TemplateManagementClientException: Template script is required.
at org.wso2.carbon.identity.template.mgt.util.TemplateMgtUtils.handleClientException(TemplateMgtUtils.java:90)
at org.wso2.carbon.identity.template.mgt.TemplateManagerImpl.validateInputParameters(TemplateManagerImpl.java:100)
at org.wso2.carbon.identity.template.mgt.TemplateManagerImpl.addTemplate(TemplateManagerImpl.java:48)
at org.wso2.carbon.identity.template.mgt.TemplateManagerImplTest.testValidatingInputs(TemplateManagerImplTest.java:326)
at sun.reflect.NativeMethodAccessorImpl.invoke0(Native Method)
at sun.reflect.NativeMethodAccessorImpl.invoke(NativeMethodAccessorImpl.java:62)
at sun.reflect.DelegatingMethodAccessorImpl.invoke(DelegatingMethodAccessorImpl.java:43)
at java.lang.reflect.Method.invoke(Method.java:498)
at org.testng.internal.MethodInvocationHelper.invokeMethod(MethodInvocationHelper.java:124)
at org.testng.internal.Invoker.invokeMethod(Invoker.java:583)
at org.testng.internal.Invoker.invokeTestMethod(Invoker.java:719)
at org.testng.internal.Invoker.invokeTestMethods(Invoker.java:989)
at org.testng.internal.TestMethodWorker.invokeTestMethods(TestMethodWorker.java:125)
at org.testng.internal.TestMethodWorker.run(TestMethodWorker.java:109)
at org.testng.TestRunner.privateRun(TestRunner.java:648)
at org.testng.TestRunner.run(TestRunner.java:505)
at org.testng.SuiteRunner.runTest(SuiteRunner.java:455)
at org.testng.SuiteRunner.runSequentially(SuiteRunner.java:450)
at org.testng.SuiteRunner.privateRun(SuiteRunner.java:415)
at org.testng.SuiteRunner.run(SuiteRunner.java:364)
at org.testng.SuiteRunnerWorker.runSuite(SuiteRunnerWorker.java:52)
at org.testng.SuiteRunnerWorker.run(SuiteRunnerWorker.java:84)
at org.testng.TestNG.runSuitesSequentially(TestNG.java:1208)
at org.testng.TestNG.runSuitesLocally(TestNG.java:1137)
at org.testng.TestNG.runSuites(TestNG.java:1049)
at org.testng.TestNG.run(TestNG.java:1017)
at org.apache.maven.surefire.testng.TestNGExecutor.run(TestNGExecutor.java:283)
at org.apache.maven.surefire.testng.TestNGXmlTestSuite.execute(TestNGXmlTestSuite.java:75)
at org.apache.maven.surefire.testng.TestNGProvider.invoke(TestNGProvider.java:120)
at org.apache.maven.surefire.booter.ForkedBooter.invokeProviderInSameClassLoader(ForkedBooter.java:386)
at org.apache.maven.surefire.booter.ForkedBooter.runSuitesInProcess(ForkedBooter.java:323)
at org.apache.maven.surefire.booter.ForkedBooter.main(ForkedBooter.java:143)
]]>
            </full-stacktrace>
          </exception> <!-- org.wso2.carbon.identity.template.mgt.exception.TemplateManagementClientException -->
          <reporter-output>
          </reporter-output>
        </test-method> <!-- testValidatingInputs -->
        <test-method status="PASS" signature="tearDown()[pri:0, instance:org.wso2.carbon.identity.template.mgt.TemplateManagerImplTest@1cca2e9d]" name="tearDown" is-config="true" duration-ms="0" started-at="2018-11-02T05:18:45Z" finished-at="2018-11-02T05:18:45Z">
          <reporter-output>
          </reporter-output>
        </test-method> <!-- tearDown -->
        <test-method status="PASS" signature="afterPowerMockTestMethod()[pri:0, instance:org.wso2.carbon.identity.template.mgt.TemplateManagerImplTest@1cca2e9d]" name="afterPowerMockTestMethod" is-config="true" duration-ms="1" started-at="2018-11-02T05:18:45Z" finished-at="2018-11-02T05:18:45Z">
          <reporter-output>
          </reporter-output>
        </test-method> <!-- afterPowerMockTestMethod -->
        <test-method status="PASS" signature="beforePowerMockTestMethod()[pri:0, instance:org.wso2.carbon.identity.template.mgt.TemplateManagerImplTest@1cca2e9d]" name="beforePowerMockTestMethod" is-config="true" duration-ms="0" started-at="2018-11-02T05:18:45Z" finished-at="2018-11-02T05:18:45Z">
          <reporter-output>
          </reporter-output>
        </test-method> <!-- beforePowerMockTestMethod -->
        <test-method status="PASS" signature="setUp()[pri:0, instance:org.wso2.carbon.identity.template.mgt.TemplateManagerImplTest@1cca2e9d]" name="setUp" is-config="true" duration-ms="6" started-at="2018-11-02T05:18:45Z" finished-at="2018-11-02T05:18:45Z">
          <reporter-output>
          </reporter-output>
        </test-method> <!-- setUp -->
        <test-method status="PASS" signature="testValidatingInputs(java.lang.Object)[pri:0, instance:org.wso2.carbon.identity.template.mgt.TemplateManagerImplTest@1cca2e9d]" name="testValidatingInputs" duration-ms="1" started-at="2018-11-02T05:18:45Z" data-provider="validateInputsDataProvider" finished-at="2018-11-02T05:18:45Z">
          <params>
            <param index="0">
              <value>
                <![CDATA[org.wso2.carbon.identity.template.mgt.model.Template@2e27b0b2]]>
              </value>
            </param>
          </params>
          <exception class="org.wso2.carbon.identity.template.mgt.exception.TemplateManagementClientException">
            <message>
              <![CDATA[Template name is required.]]>
            </message>
            <full-stacktrace>
              <![CDATA[org.wso2.carbon.identity.template.mgt.exception.TemplateManagementClientException: Template name is required.
at org.wso2.carbon.identity.template.mgt.util.TemplateMgtUtils.handleClientException(TemplateMgtUtils.java:90)
at org.wso2.carbon.identity.template.mgt.TemplateManagerImpl.validateInputParameters(TemplateManagerImpl.java:93)
at org.wso2.carbon.identity.template.mgt.TemplateManagerImpl.addTemplate(TemplateManagerImpl.java:48)
at org.wso2.carbon.identity.template.mgt.TemplateManagerImplTest.testValidatingInputs(TemplateManagerImplTest.java:326)
at sun.reflect.NativeMethodAccessorImpl.invoke0(Native Method)
at sun.reflect.NativeMethodAccessorImpl.invoke(NativeMethodAccessorImpl.java:62)
at sun.reflect.DelegatingMethodAccessorImpl.invoke(DelegatingMethodAccessorImpl.java:43)
at java.lang.reflect.Method.invoke(Method.java:498)
at org.testng.internal.MethodInvocationHelper.invokeMethod(MethodInvocationHelper.java:124)
at org.testng.internal.Invoker.invokeMethod(Invoker.java:583)
at org.testng.internal.Invoker.invokeTestMethod(Invoker.java:719)
at org.testng.internal.Invoker.invokeTestMethods(Invoker.java:989)
at org.testng.internal.TestMethodWorker.invokeTestMethods(TestMethodWorker.java:125)
at org.testng.internal.TestMethodWorker.run(TestMethodWorker.java:109)
at org.testng.TestRunner.privateRun(TestRunner.java:648)
at org.testng.TestRunner.run(TestRunner.java:505)
at org.testng.SuiteRunner.runTest(SuiteRunner.java:455)
at org.testng.SuiteRunner.runSequentially(SuiteRunner.java:450)
at org.testng.SuiteRunner.privateRun(SuiteRunner.java:415)
at org.testng.SuiteRunner.run(SuiteRunner.java:364)
at org.testng.SuiteRunnerWorker.runSuite(SuiteRunnerWorker.java:52)
at org.testng.SuiteRunnerWorker.run(SuiteRunnerWorker.java:84)
at org.testng.TestNG.runSuitesSequentially(TestNG.java:1208)
at org.testng.TestNG.runSuitesLocally(TestNG.java:1137)
at org.testng.TestNG.runSuites(TestNG.java:1049)
at org.testng.TestNG.run(TestNG.java:1017)
at org.apache.maven.surefire.testng.TestNGExecutor.run(TestNGExecutor.java:283)
at org.apache.maven.surefire.testng.TestNGXmlTestSuite.execute(TestNGXmlTestSuite.java:75)
at org.apache.maven.surefire.testng.TestNGProvider.invoke(TestNGProvider.java:120)
at org.apache.maven.surefire.booter.ForkedBooter.invokeProviderInSameClassLoader(ForkedBooter.java:386)
at org.apache.maven.surefire.booter.ForkedBooter.runSuitesInProcess(ForkedBooter.java:323)
at org.apache.maven.surefire.booter.ForkedBooter.main(ForkedBooter.java:143)
]]>
            </full-stacktrace>
          </exception> <!-- org.wso2.carbon.identity.template.mgt.exception.TemplateManagementClientException -->
          <reporter-output>
          </reporter-output>
        </test-method> <!-- testValidatingInputs -->
        <test-method status="PASS" signature="afterPowerMockTestMethod()[pri:0, instance:org.wso2.carbon.identity.template.mgt.TemplateManagerImplTest@1cca2e9d]" name="afterPowerMockTestMethod" is-config="true" duration-ms="1" started-at="2018-11-02T05:18:45Z" finished-at="2018-11-02T05:18:45Z">
          <reporter-output>
          </reporter-output>
        </test-method> <!-- afterPowerMockTestMethod -->
        <test-method status="PASS" signature="tearDown()[pri:0, instance:org.wso2.carbon.identity.template.mgt.TemplateManagerImplTest@1cca2e9d]" name="tearDown" is-config="true" duration-ms="0" started-at="2018-11-02T05:18:45Z" finished-at="2018-11-02T05:18:45Z">
          <reporter-output>
          </reporter-output>
        </test-method> <!-- tearDown -->
        <test-method status="PASS" signature="beforePowerMockTestMethod()[pri:0, instance:org.wso2.carbon.identity.template.mgt.TemplateManagerImplTest@1cca2e9d]" name="beforePowerMockTestMethod" is-config="true" duration-ms="1" started-at="2018-11-02T05:18:45Z" finished-at="2018-11-02T05:18:45Z">
          <reporter-output>
          </reporter-output>
        </test-method> <!-- beforePowerMockTestMethod -->
        <test-method status="PASS" signature="setUp()[pri:0, instance:org.wso2.carbon.identity.template.mgt.TemplateManagerImplTest@1cca2e9d]" name="setUp" is-config="true" duration-ms="5" started-at="2018-11-02T05:18:45Z" finished-at="2018-11-02T05:18:45Z">
          <reporter-output>
          </reporter-output>
        </test-method> <!-- setUp -->
        <test-method status="PASS" signature="testvalidatingPaginationParameters()[pri:0, instance:org.wso2.carbon.identity.template.mgt.TemplateManagerImplTest@1cca2e9d]" name="testvalidatingPaginationParameters" duration-ms="1" started-at="2018-11-02T05:18:45Z" finished-at="2018-11-02T05:18:45Z">
          <exception class="org.wso2.carbon.identity.template.mgt.exception.TemplateManagementClientException">
            <message>
              <![CDATA[Limit or offset values cannot be negative.]]>
            </message>
            <full-stacktrace>
              <![CDATA[org.wso2.carbon.identity.template.mgt.exception.TemplateManagementClientException: Limit or offset values cannot be negative.
at org.wso2.carbon.identity.template.mgt.util.TemplateMgtUtils.handleClientException(TemplateMgtUtils.java:90)
at org.wso2.carbon.identity.template.mgt.TemplateManagerImpl.validatePaginationParameters(TemplateManagerImpl.java:112)
at org.wso2.carbon.identity.template.mgt.TemplateManagerImpl.listTemplates(TemplateManagerImpl.java:75)
at org.wso2.carbon.identity.template.mgt.TemplateManagerImplTest.testvalidatingPaginationParameters(TemplateManagerImplTest.java:342)
at sun.reflect.NativeMethodAccessorImpl.invoke0(Native Method)
at sun.reflect.NativeMethodAccessorImpl.invoke(NativeMethodAccessorImpl.java:62)
at sun.reflect.DelegatingMethodAccessorImpl.invoke(DelegatingMethodAccessorImpl.java:43)
at java.lang.reflect.Method.invoke(Method.java:498)
at org.testng.internal.MethodInvocationHelper.invokeMethod(MethodInvocationHelper.java:124)
at org.testng.internal.Invoker.invokeMethod(Invoker.java:583)
at org.testng.internal.Invoker.invokeTestMethod(Invoker.java:719)
at org.testng.internal.Invoker.invokeTestMethods(Invoker.java:989)
at org.testng.internal.TestMethodWorker.invokeTestMethods(TestMethodWorker.java:125)
at org.testng.internal.TestMethodWorker.run(TestMethodWorker.java:109)
at org.testng.TestRunner.privateRun(TestRunner.java:648)
at org.testng.TestRunner.run(TestRunner.java:505)
at org.testng.SuiteRunner.runTest(SuiteRunner.java:455)
at org.testng.SuiteRunner.runSequentially(SuiteRunner.java:450)
at org.testng.SuiteRunner.privateRun(SuiteRunner.java:415)
at org.testng.SuiteRunner.run(SuiteRunner.java:364)
at org.testng.SuiteRunnerWorker.runSuite(SuiteRunnerWorker.java:52)
at org.testng.SuiteRunnerWorker.run(SuiteRunnerWorker.java:84)
at org.testng.TestNG.runSuitesSequentially(TestNG.java:1208)
at org.testng.TestNG.runSuitesLocally(TestNG.java:1137)
at org.testng.TestNG.runSuites(TestNG.java:1049)
at org.testng.TestNG.run(TestNG.java:1017)
at org.apache.maven.surefire.testng.TestNGExecutor.run(TestNGExecutor.java:283)
at org.apache.maven.surefire.testng.TestNGXmlTestSuite.execute(TestNGXmlTestSuite.java:75)
at org.apache.maven.surefire.testng.TestNGProvider.invoke(TestNGProvider.java:120)
at org.apache.maven.surefire.booter.ForkedBooter.invokeProviderInSameClassLoader(ForkedBooter.java:386)
at org.apache.maven.surefire.booter.ForkedBooter.runSuitesInProcess(ForkedBooter.java:323)
at org.apache.maven.surefire.booter.ForkedBooter.main(ForkedBooter.java:143)
]]>
            </full-stacktrace>
          </exception> <!-- org.wso2.carbon.identity.template.mgt.exception.TemplateManagementClientException -->
          <reporter-output>
          </reporter-output>
        </test-method> <!-- testvalidatingPaginationParameters -->
        <test-method status="PASS" signature="tearDown()[pri:0, instance:org.wso2.carbon.identity.template.mgt.TemplateManagerImplTest@1cca2e9d]" name="tearDown" is-config="true" duration-ms="0" started-at="2018-11-02T05:18:45Z" finished-at="2018-11-02T05:18:45Z">
          <reporter-output>
          </reporter-output>
        </test-method> <!-- tearDown -->
        <test-method status="PASS" signature="afterPowerMockTestMethod()[pri:0, instance:org.wso2.carbon.identity.template.mgt.TemplateManagerImplTest@1cca2e9d]" name="afterPowerMockTestMethod" is-config="true" duration-ms="1" started-at="2018-11-02T05:18:45Z" finished-at="2018-11-02T05:18:45Z">
          <reporter-output>
          </reporter-output>
        </test-method> <!-- afterPowerMockTestMethod -->
        <test-method status="PASS" signature="afterPowerMockTestClass()[pri:0, instance:org.wso2.carbon.identity.template.mgt.TemplateManagerImplTest@1cca2e9d]" name="afterPowerMockTestClass" is-config="true" duration-ms="0" started-at="2018-11-02T05:18:45Z" finished-at="2018-11-02T05:18:45Z">
          <reporter-output>
          </reporter-output>
        </test-method> <!-- afterPowerMockTestClass -->
      </class> <!-- org.wso2.carbon.identity.template.mgt.TemplateManagerImplTest -->
      <class name="org.wso2.carbon.identity.template.mgt.dao.impl.TemplateManagerDAOImplTest">
        <test-method status="PASS" signature="beforePowerMockTestClass()[pri:0, instance:org.wso2.carbon.identity.template.mgt.dao.impl.TemplateManagerDAOImplTest@68543a35]" name="beforePowerMockTestClass" is-config="true" duration-ms="39" started-at="2018-11-02T05:18:42Z" finished-at="2018-11-02T05:18:42Z">
          <reporter-output>
          </reporter-output>
        </test-method> <!-- beforePowerMockTestClass -->
        <test-method status="PASS" signature="beforePowerMockTestMethod()[pri:0, instance:org.wso2.carbon.identity.template.mgt.dao.impl.TemplateManagerDAOImplTest@68543a35]" name="beforePowerMockTestMethod" is-config="true" duration-ms="199" started-at="2018-11-02T05:18:42Z" finished-at="2018-11-02T05:18:42Z">
          <reporter-output>
          </reporter-output>
        </test-method> <!-- beforePowerMockTestMethod -->
        <test-method status="PASS" signature="setUp()[pri:0, instance:org.wso2.carbon.identity.template.mgt.dao.impl.TemplateManagerDAOImplTest@68543a35]" name="setUp" is-config="true" duration-ms="750" started-at="2018-11-02T05:18:42Z" finished-at="2018-11-02T05:18:43Z">
          <reporter-output>
          </reporter-output>
        </test-method> <!-- setUp -->
        <test-method status="PASS" signature="testAddTemplate(java.lang.Object)[pri:0, instance:org.wso2.carbon.identity.template.mgt.dao.impl.TemplateManagerDAOImplTest@68543a35]" name="testAddTemplate" duration-ms="454" started-at="2018-11-02T05:18:43Z" data-provider="TemplateDataProvider" finished-at="2018-11-02T05:18:43Z">
          <params>
            <param index="0">
              <value>
                <![CDATA[org.wso2.carbon.identity.template.mgt.model.Template@351bf572]]>
              </value>
            </param>
          </params>
          <reporter-output>
          </reporter-output>
        </test-method> <!-- testAddTemplate -->
        <test-method status="PASS" signature="tearDown()[pri:0, instance:org.wso2.carbon.identity.template.mgt.dao.impl.TemplateManagerDAOImplTest@68543a35]" name="tearDown" is-config="true" duration-ms="1" started-at="2018-11-02T05:18:43Z" finished-at="2018-11-02T05:18:43Z">
          <reporter-output>
          </reporter-output>
        </test-method> <!-- tearDown -->
        <test-method status="PASS" signature="afterPowerMockTestMethod()[pri:0, instance:org.wso2.carbon.identity.template.mgt.dao.impl.TemplateManagerDAOImplTest@68543a35]" name="afterPowerMockTestMethod" is-config="true" duration-ms="5" started-at="2018-11-02T05:18:43Z" finished-at="2018-11-02T05:18:43Z">
          <reporter-output>
          </reporter-output>
        </test-method> <!-- afterPowerMockTestMethod -->
        <test-method status="PASS" signature="beforePowerMockTestMethod()[pri:0, instance:org.wso2.carbon.identity.template.mgt.dao.impl.TemplateManagerDAOImplTest@68543a35]" name="beforePowerMockTestMethod" is-config="true" duration-ms="1" started-at="2018-11-02T05:18:43Z" finished-at="2018-11-02T05:18:43Z">
          <reporter-output>
          </reporter-output>
        </test-method> <!-- beforePowerMockTestMethod -->
        <test-method status="PASS" signature="setUp()[pri:0, instance:org.wso2.carbon.identity.template.mgt.dao.impl.TemplateManagerDAOImplTest@68543a35]" name="setUp" is-config="true" duration-ms="9" started-at="2018-11-02T05:18:43Z" finished-at="2018-11-02T05:18:43Z">
          <reporter-output>
          </reporter-output>
        </test-method> <!-- setUp -->
        <test-method status="PASS" signature="testAddTemplate(java.lang.Object)[pri:0, instance:org.wso2.carbon.identity.template.mgt.dao.impl.TemplateManagerDAOImplTest@68543a35]" name="testAddTemplate" duration-ms="2" started-at="2018-11-02T05:18:43Z" data-provider="TemplateDataProvider" finished-at="2018-11-02T05:18:43Z">
          <params>
            <param index="0">
              <value>
                <![CDATA[org.wso2.carbon.identity.template.mgt.model.Template@18d87424]]>
              </value>
            </param>
          </params>
          <reporter-output>
          </reporter-output>
        </test-method> <!-- testAddTemplate -->
        <test-method status="PASS" signature="afterPowerMockTestMethod()[pri:0, instance:org.wso2.carbon.identity.template.mgt.dao.impl.TemplateManagerDAOImplTest@68543a35]" name="afterPowerMockTestMethod" is-config="true" duration-ms="0" started-at="2018-11-02T05:18:43Z" finished-at="2018-11-02T05:18:43Z">
          <reporter-output>
          </reporter-output>
        </test-method> <!-- afterPowerMockTestMethod -->
        <test-method status="PASS" signature="tearDown()[pri:0, instance:org.wso2.carbon.identity.template.mgt.dao.impl.TemplateManagerDAOImplTest@68543a35]" name="tearDown" is-config="true" duration-ms="0" started-at="2018-11-02T05:18:43Z" finished-at="2018-11-02T05:18:43Z">
          <reporter-output>
          </reporter-output>
        </test-method> <!-- tearDown -->
        <test-method status="PASS" signature="beforePowerMockTestMethod()[pri:0, instance:org.wso2.carbon.identity.template.mgt.dao.impl.TemplateManagerDAOImplTest@68543a35]" name="beforePowerMockTestMethod" is-config="true" duration-ms="0" started-at="2018-11-02T05:18:43Z" finished-at="2018-11-02T05:18:43Z">
          <reporter-output>
          </reporter-output>
        </test-method> <!-- beforePowerMockTestMethod -->
        <test-method status="PASS" signature="setUp()[pri:0, instance:org.wso2.carbon.identity.template.mgt.dao.impl.TemplateManagerDAOImplTest@68543a35]" name="setUp" is-config="true" duration-ms="8" started-at="2018-11-02T05:18:43Z" finished-at="2018-11-02T05:18:43Z">
          <reporter-output>
          </reporter-output>
        </test-method> <!-- setUp -->
        <test-method status="PASS" signature="testAddTemplate(java.lang.Object)[pri:0, instance:org.wso2.carbon.identity.template.mgt.dao.impl.TemplateManagerDAOImplTest@68543a35]" name="testAddTemplate" duration-ms="3" started-at="2018-11-02T05:18:43Z" data-provider="TemplateDataProvider" finished-at="2018-11-02T05:18:43Z">
          <params>
            <param index="0">
              <value>
                <![CDATA[org.wso2.carbon.identity.template.mgt.model.Template@1f7c53ea]]>
              </value>
            </param>
          </params>
          <reporter-output>
          </reporter-output>
        </test-method> <!-- testAddTemplate -->
        <test-method status="PASS" signature="tearDown()[pri:0, instance:org.wso2.carbon.identity.template.mgt.dao.impl.TemplateManagerDAOImplTest@68543a35]" name="tearDown" is-config="true" duration-ms="1" started-at="2018-11-02T05:18:43Z" finished-at="2018-11-02T05:18:43Z">
          <reporter-output>
          </reporter-output>
        </test-method> <!-- tearDown -->
        <test-method status="PASS" signature="afterPowerMockTestMethod()[pri:0, instance:org.wso2.carbon.identity.template.mgt.dao.impl.TemplateManagerDAOImplTest@68543a35]" name="afterPowerMockTestMethod" is-config="true" duration-ms="0" started-at="2018-11-02T05:18:43Z" finished-at="2018-11-02T05:18:43Z">
          <reporter-output>
          </reporter-output>
        </test-method> <!-- afterPowerMockTestMethod -->
        <test-method status="PASS" signature="beforePowerMockTestMethod()[pri:0, instance:org.wso2.carbon.identity.template.mgt.dao.impl.TemplateManagerDAOImplTest@68543a35]" name="beforePowerMockTestMethod" is-config="true" duration-ms="1" started-at="2018-11-02T05:18:43Z" finished-at="2018-11-02T05:18:43Z">
          <reporter-output>
          </reporter-output>
        </test-method> <!-- beforePowerMockTestMethod -->
        <test-method status="PASS" signature="setUp()[pri:0, instance:org.wso2.carbon.identity.template.mgt.dao.impl.TemplateManagerDAOImplTest@68543a35]" name="setUp" is-config="true" duration-ms="8" started-at="2018-11-02T05:18:43Z" finished-at="2018-11-02T05:18:43Z">
          <reporter-output>
          </reporter-output>
        </test-method> <!-- setUp -->
        <test-method status="PASS" signature="testAddTemplateServerException(java.lang.Object)[pri:0, instance:org.wso2.carbon.identity.template.mgt.dao.impl.TemplateManagerDAOImplTest@68543a35]" name="testAddTemplateServerException" duration-ms="7" started-at="2018-11-02T05:18:43Z" data-provider="TemplateDataProvider" finished-at="2018-11-02T05:18:43Z">
          <params>
            <param index="0">
              <value>
                <![CDATA[org.wso2.carbon.identity.template.mgt.model.Template@629a76ea]]>
              </value>
            </param>
          </params>
          <exception class="org.wso2.carbon.identity.template.mgt.exception.TemplateManagementServerException">
            <message>
              <![CDATA[Error occurred while adding the template: T1.]]>
            </message>
            <full-stacktrace>
              <![CDATA[org.wso2.carbon.identity.template.mgt.exception.TemplateManagementServerException: Error occurred while adding the template: T1.
at org.wso2.carbon.identity.template.mgt.util.TemplateMgtUtils.handleServerException(TemplateMgtUtils.java:48)
at org.wso2.carbon.identity.template.mgt.dao.impl.TemplateManagerDAOImpl.addTemplate(TemplateManagerDAOImpl.java:58)
at org.wso2.carbon.identity.template.mgt.dao.impl.TemplateManagerDAOImplTest.testAddTemplateServerException(TemplateManagerDAOImplTest.java:206)
at sun.reflect.NativeMethodAccessorImpl.invoke0(Native Method)
at sun.reflect.NativeMethodAccessorImpl.invoke(NativeMethodAccessorImpl.java:62)
at sun.reflect.DelegatingMethodAccessorImpl.invoke(DelegatingMethodAccessorImpl.java:43)
at java.lang.reflect.Method.invoke(Method.java:498)
at org.testng.internal.MethodInvocationHelper.invokeMethod(MethodInvocationHelper.java:124)
at org.testng.internal.Invoker.invokeMethod(Invoker.java:583)
at org.testng.internal.Invoker.invokeTestMethod(Invoker.java:719)
at org.testng.internal.Invoker.invokeTestMethods(Invoker.java:989)
at org.testng.internal.TestMethodWorker.invokeTestMethods(TestMethodWorker.java:125)
at org.testng.internal.TestMethodWorker.run(TestMethodWorker.java:109)
at org.testng.TestRunner.privateRun(TestRunner.java:648)
at org.testng.TestRunner.run(TestRunner.java:505)
at org.testng.SuiteRunner.runTest(SuiteRunner.java:455)
at org.testng.SuiteRunner.runSequentially(SuiteRunner.java:450)
at org.testng.SuiteRunner.privateRun(SuiteRunner.java:415)
at org.testng.SuiteRunner.run(SuiteRunner.java:364)
at org.testng.SuiteRunnerWorker.runSuite(SuiteRunnerWorker.java:52)
at org.testng.SuiteRunnerWorker.run(SuiteRunnerWorker.java:84)
at org.testng.TestNG.runSuitesSequentially(TestNG.java:1208)
at org.testng.TestNG.runSuitesLocally(TestNG.java:1137)
at org.testng.TestNG.runSuites(TestNG.java:1049)
at org.testng.TestNG.run(TestNG.java:1017)
at org.apache.maven.surefire.testng.TestNGExecutor.run(TestNGExecutor.java:283)
at org.apache.maven.surefire.testng.TestNGXmlTestSuite.execute(TestNGXmlTestSuite.java:75)
at org.apache.maven.surefire.testng.TestNGProvider.invoke(TestNGProvider.java:120)
at org.apache.maven.surefire.booter.ForkedBooter.invokeProviderInSameClassLoader(ForkedBooter.java:386)
at org.apache.maven.surefire.booter.ForkedBooter.runSuitesInProcess(ForkedBooter.java:323)
at org.apache.maven.surefire.booter.ForkedBooter.main(ForkedBooter.java:143)
Caused by: org.wso2.carbon.database.utils.jdbc.exceptions.DataAccessException: Error in performing Database query: '%s.'INSERT INTO IDN_TEMPLATE_MGT (TENANT_ID, NAME, DESCRIPTION, TEMPLATE_SCRIPT) VALUES (?,?,?,?  )
at org.wso2.carbon.database.utils.jdbc.JdbcTemplate.executeInsert(JdbcTemplate.java:302)
at org.wso2.carbon.identity.template.mgt.dao.impl.TemplateManagerDAOImpl.addTemplate(TemplateManagerDAOImpl.java:50)
... 29 more
Caused by: java.sql.SQLException: Connection is closed.
at org.apache.commons.dbcp.PoolingDataSource$PoolGuardConnectionWrapper.checkOpen(PoolingDataSource.java:185)
at org.apache.commons.dbcp.PoolingDataSource$PoolGuardConnectionWrapper.getMetaData(PoolingDataSource.java:244)
at org.wso2.carbon.database.utils.jdbc.JdbcTemplate.executeInsert(JdbcTemplate.java:270)
... 30 more
]]>
            </full-stacktrace>
          </exception> <!-- org.wso2.carbon.identity.template.mgt.exception.TemplateManagementServerException -->
          <reporter-output>
          </reporter-output>
        </test-method> <!-- testAddTemplateServerException -->
        <test-method status="PASS" signature="tearDown()[pri:0, instance:org.wso2.carbon.identity.template.mgt.dao.impl.TemplateManagerDAOImplTest@68543a35]" name="tearDown" is-config="true" duration-ms="0" started-at="2018-11-02T05:18:43Z" finished-at="2018-11-02T05:18:43Z">
          <reporter-output>
          </reporter-output>
        </test-method> <!-- tearDown -->
        <test-method status="PASS" signature="afterPowerMockTestMethod()[pri:0, instance:org.wso2.carbon.identity.template.mgt.dao.impl.TemplateManagerDAOImplTest@68543a35]" name="afterPowerMockTestMethod" is-config="true" duration-ms="1" started-at="2018-11-02T05:18:43Z" finished-at="2018-11-02T05:18:43Z">
          <reporter-output>
          </reporter-output>
        </test-method> <!-- afterPowerMockTestMethod -->
        <test-method status="PASS" signature="beforePowerMockTestMethod()[pri:0, instance:org.wso2.carbon.identity.template.mgt.dao.impl.TemplateManagerDAOImplTest@68543a35]" name="beforePowerMockTestMethod" is-config="true" duration-ms="1" started-at="2018-11-02T05:18:43Z" finished-at="2018-11-02T05:18:43Z">
          <reporter-output>
          </reporter-output>
        </test-method> <!-- beforePowerMockTestMethod -->
        <test-method status="PASS" signature="setUp()[pri:0, instance:org.wso2.carbon.identity.template.mgt.dao.impl.TemplateManagerDAOImplTest@68543a35]" name="setUp" is-config="true" duration-ms="7" started-at="2018-11-02T05:18:43Z" finished-at="2018-11-02T05:18:43Z">
          <reporter-output>
          </reporter-output>
        </test-method> <!-- setUp -->
        <test-method status="PASS" signature="testAddTemplateServerException(java.lang.Object)[pri:0, instance:org.wso2.carbon.identity.template.mgt.dao.impl.TemplateManagerDAOImplTest@68543a35]" name="testAddTemplateServerException" duration-ms="2" started-at="2018-11-02T05:18:43Z" data-provider="TemplateDataProvider" finished-at="2018-11-02T05:18:43Z">
          <params>
            <param index="0">
              <value>
                <![CDATA[org.wso2.carbon.identity.template.mgt.model.Template@49c45ceb]]>
              </value>
            </param>
          </params>
          <exception class="org.wso2.carbon.identity.template.mgt.exception.TemplateManagementServerException">
            <message>
              <![CDATA[Error occurred while adding the template: T2.]]>
            </message>
            <full-stacktrace>
              <![CDATA[org.wso2.carbon.identity.template.mgt.exception.TemplateManagementServerException: Error occurred while adding the template: T2.
at org.wso2.carbon.identity.template.mgt.util.TemplateMgtUtils.handleServerException(TemplateMgtUtils.java:48)
at org.wso2.carbon.identity.template.mgt.dao.impl.TemplateManagerDAOImpl.addTemplate(TemplateManagerDAOImpl.java:58)
at org.wso2.carbon.identity.template.mgt.dao.impl.TemplateManagerDAOImplTest.testAddTemplateServerException(TemplateManagerDAOImplTest.java:206)
at sun.reflect.NativeMethodAccessorImpl.invoke0(Native Method)
at sun.reflect.NativeMethodAccessorImpl.invoke(NativeMethodAccessorImpl.java:62)
at sun.reflect.DelegatingMethodAccessorImpl.invoke(DelegatingMethodAccessorImpl.java:43)
at java.lang.reflect.Method.invoke(Method.java:498)
at org.testng.internal.MethodInvocationHelper.invokeMethod(MethodInvocationHelper.java:124)
at org.testng.internal.Invoker.invokeMethod(Invoker.java:583)
at org.testng.internal.Invoker.invokeTestMethod(Invoker.java:719)
at org.testng.internal.Invoker.invokeTestMethods(Invoker.java:989)
at org.testng.internal.TestMethodWorker.invokeTestMethods(TestMethodWorker.java:125)
at org.testng.internal.TestMethodWorker.run(TestMethodWorker.java:109)
at org.testng.TestRunner.privateRun(TestRunner.java:648)
at org.testng.TestRunner.run(TestRunner.java:505)
at org.testng.SuiteRunner.runTest(SuiteRunner.java:455)
at org.testng.SuiteRunner.runSequentially(SuiteRunner.java:450)
at org.testng.SuiteRunner.privateRun(SuiteRunner.java:415)
at org.testng.SuiteRunner.run(SuiteRunner.java:364)
at org.testng.SuiteRunnerWorker.runSuite(SuiteRunnerWorker.java:52)
at org.testng.SuiteRunnerWorker.run(SuiteRunnerWorker.java:84)
at org.testng.TestNG.runSuitesSequentially(TestNG.java:1208)
at org.testng.TestNG.runSuitesLocally(TestNG.java:1137)
at org.testng.TestNG.runSuites(TestNG.java:1049)
at org.testng.TestNG.run(TestNG.java:1017)
at org.apache.maven.surefire.testng.TestNGExecutor.run(TestNGExecutor.java:283)
at org.apache.maven.surefire.testng.TestNGXmlTestSuite.execute(TestNGXmlTestSuite.java:75)
at org.apache.maven.surefire.testng.TestNGProvider.invoke(TestNGProvider.java:120)
at org.apache.maven.surefire.booter.ForkedBooter.invokeProviderInSameClassLoader(ForkedBooter.java:386)
at org.apache.maven.surefire.booter.ForkedBooter.runSuitesInProcess(ForkedBooter.java:323)
at org.apache.maven.surefire.booter.ForkedBooter.main(ForkedBooter.java:143)
Caused by: org.wso2.carbon.database.utils.jdbc.exceptions.DataAccessException: Error in performing Database query: '%s.'INSERT INTO IDN_TEMPLATE_MGT (TENANT_ID, NAME, DESCRIPTION, TEMPLATE_SCRIPT) VALUES (?,?,?,?  )
at org.wso2.carbon.database.utils.jdbc.JdbcTemplate.executeInsert(JdbcTemplate.java:302)
at org.wso2.carbon.identity.template.mgt.dao.impl.TemplateManagerDAOImpl.addTemplate(TemplateManagerDAOImpl.java:50)
... 29 more
Caused by: java.sql.SQLException: Connection is closed.
at org.apache.commons.dbcp.PoolingDataSource$PoolGuardConnectionWrapper.checkOpen(PoolingDataSource.java:185)
at org.apache.commons.dbcp.PoolingDataSource$PoolGuardConnectionWrapper.getMetaData(PoolingDataSource.java:244)
at org.wso2.carbon.database.utils.jdbc.JdbcTemplate.executeInsert(JdbcTemplate.java:270)
... 30 more
]]>
            </full-stacktrace>
          </exception> <!-- org.wso2.carbon.identity.template.mgt.exception.TemplateManagementServerException -->
          <reporter-output>
          </reporter-output>
        </test-method> <!-- testAddTemplateServerException -->
        <test-method status="PASS" signature="tearDown()[pri:0, instance:org.wso2.carbon.identity.template.mgt.dao.impl.TemplateManagerDAOImplTest@68543a35]" name="tearDown" is-config="true" duration-ms="0" started-at="2018-11-02T05:18:43Z" finished-at="2018-11-02T05:18:43Z">
          <reporter-output>
          </reporter-output>
        </test-method> <!-- tearDown -->
        <test-method status="PASS" signature="afterPowerMockTestMethod()[pri:0, instance:org.wso2.carbon.identity.template.mgt.dao.impl.TemplateManagerDAOImplTest@68543a35]" name="afterPowerMockTestMethod" is-config="true" duration-ms="1" started-at="2018-11-02T05:18:43Z" finished-at="2018-11-02T05:18:43Z">
          <reporter-output>
          </reporter-output>
        </test-method> <!-- afterPowerMockTestMethod -->
        <test-method status="PASS" signature="beforePowerMockTestMethod()[pri:0, instance:org.wso2.carbon.identity.template.mgt.dao.impl.TemplateManagerDAOImplTest@68543a35]" name="beforePowerMockTestMethod" is-config="true" duration-ms="1" started-at="2018-11-02T05:18:43Z" finished-at="2018-11-02T05:18:43Z">
          <reporter-output>
          </reporter-output>
        </test-method> <!-- beforePowerMockTestMethod -->
        <test-method status="PASS" signature="setUp()[pri:0, instance:org.wso2.carbon.identity.template.mgt.dao.impl.TemplateManagerDAOImplTest@68543a35]" name="setUp" is-config="true" duration-ms="9" started-at="2018-11-02T05:18:43Z" finished-at="2018-11-02T05:18:43Z">
          <reporter-output>
          </reporter-output>
        </test-method> <!-- setUp -->
        <test-method status="PASS" signature="testAddTemplateServerException(java.lang.Object)[pri:0, instance:org.wso2.carbon.identity.template.mgt.dao.impl.TemplateManagerDAOImplTest@68543a35]" name="testAddTemplateServerException" duration-ms="3" started-at="2018-11-02T05:18:43Z" data-provider="TemplateDataProvider" finished-at="2018-11-02T05:18:43Z">
          <params>
            <param index="0">
              <value>
                <![CDATA[org.wso2.carbon.identity.template.mgt.model.Template@d08b73b]]>
              </value>
            </param>
          </params>
          <exception class="org.wso2.carbon.identity.template.mgt.exception.TemplateManagementServerException">
            <message>
              <![CDATA[Error occurred while adding the template: T3.]]>
            </message>
            <full-stacktrace>
              <![CDATA[org.wso2.carbon.identity.template.mgt.exception.TemplateManagementServerException: Error occurred while adding the template: T3.
at org.wso2.carbon.identity.template.mgt.util.TemplateMgtUtils.handleServerException(TemplateMgtUtils.java:48)
at org.wso2.carbon.identity.template.mgt.dao.impl.TemplateManagerDAOImpl.addTemplate(TemplateManagerDAOImpl.java:58)
at org.wso2.carbon.identity.template.mgt.dao.impl.TemplateManagerDAOImplTest.testAddTemplateServerException(TemplateManagerDAOImplTest.java:206)
at sun.reflect.NativeMethodAccessorImpl.invoke0(Native Method)
at sun.reflect.NativeMethodAccessorImpl.invoke(NativeMethodAccessorImpl.java:62)
at sun.reflect.DelegatingMethodAccessorImpl.invoke(DelegatingMethodAccessorImpl.java:43)
at java.lang.reflect.Method.invoke(Method.java:498)
at org.testng.internal.MethodInvocationHelper.invokeMethod(MethodInvocationHelper.java:124)
at org.testng.internal.Invoker.invokeMethod(Invoker.java:583)
[...]
              </value>
            </param>
            <param index="2">
              <value>
                <![CDATA[org.wso2.carbon.identity.template.mgt.model.Template@510261b9]]>
              </value>
            </param>
          </params>
          <exception class="org.wso2.carbon.identity.template.mgt.exception.TemplateManagementServerException">
            <message>
              <![CDATA[Error occurred while updating the template: T1 Updated.]]>
            </message>
            <full-stacktrace>
              <![CDATA[org.wso2.carbon.identity.template.mgt.exception.TemplateManagementServerException: Error occurred while updating the template: T1 Updated.
at org.wso2.carbon.identity.template.mgt.util.TemplateMgtUtils.handleServerException(TemplateMgtUtils.java:48)
at org.wso2.carbon.identity.template.mgt.dao.impl.TemplateManagerDAOImpl.updateTemplate(TemplateManagerDAOImpl.java:141)
at org.wso2.carbon.identity.template.mgt.dao.impl.TemplateManagerDAOImplTest.testUpdateTemplateServerException(TemplateManagerDAOImplTest.java:240)
at sun.reflect.NativeMethodAccessorImpl.invoke0(Native Method)
at sun.reflect.NativeMethodAccessorImpl.invoke(NativeMethodAccessorImpl.java:62)
at sun.reflect.DelegatingMethodAccessorImpl.invoke(DelegatingMethodAccessorImpl.java:43)
at java.lang.reflect.Method.invoke(Method.java:498)
at org.testng.internal.MethodInvocationHelper.invokeMethod(MethodInvocationHelper.java:124)
at org.testng.internal.Invoker.invokeMethod(Invoker.java:583)
at org.testng.internal.Invoker.invokeTestMethod(Invoker.java:719)
at org.testng.internal.Invoker.invokeTestMethods(Invoker.java:989)
at org.testng.internal.TestMethodWorker.invokeTestMethods(TestMethodWorker.java:125)
at org.testng.internal.TestMethodWorker.run(TestMethodWorker.java:109)
at org.testng.TestRunner.privateRun(TestRunner.java:648)
at org.testng.TestRunner.run(TestRunner.java:505)
at org.testng.SuiteRunner.runTest(SuiteRunner.java:455)
at org.testng.SuiteRunner.runSequentially(SuiteRunner.java:450)
at org.testng.SuiteRunner.privateRun(SuiteRunner.java:415)
at org.testng.SuiteRunner.run(SuiteRunner.java:364)
at org.testng.SuiteRunnerWorker.runSuite(SuiteRunnerWorker.java:52)
at org.testng.SuiteRunnerWorker.run(SuiteRunnerWorker.java:84)
at org.testng.TestNG.runSuitesSequentially(TestNG.java:1208)
at org.testng.TestNG.runSuitesLocally(TestNG.java:1137)
at org.testng.TestNG.runSuites(TestNG.java:1049)
at org.testng.TestNG.run(TestNG.java:1017)
at org.apache.maven.surefire.testng.TestNGExecutor.run(TestNGExecutor.java:283)
at org.apache.maven.surefire.testng.TestNGXmlTestSuite.execute(TestNGXmlTestSuite.java:75)
at org.apache.maven.surefire.testng.TestNGProvider.invoke(TestNGProvider.java:120)
at org.apache.maven.surefire.booter.ForkedBooter.invokeProviderInSameClassLoader(ForkedBooter.java:386)
at org.apache.maven.surefire.booter.ForkedBooter.runSuitesInProcess(ForkedBooter.java:323)
at org.apache.maven.surefire.booter.ForkedBooter.main(ForkedBooter.java:143)
Caused by: org.wso2.carbon.database.utils.jdbc.exceptions.DataAccessException: Error in performing Database query: '%s'UPDATE IDN_TEMPLATE_MGT SET NAME= ?, DESCRIPTION= ?, TEMPLATE_SCRIPT= ? WHERE TENANT_ID= ? AND NAME = ?
at org.wso2.carbon.database.utils.jdbc.JdbcTemplate.executeUpdate(JdbcTemplate.java:230)
at org.wso2.carbon.identity.template.mgt.dao.impl.TemplateManagerDAOImpl.updateTemplate(TemplateManagerDAOImpl.java:133)
... 29 more
Caused by: java.sql.SQLException: Connection is closed.
at org.apache.commons.dbcp.PoolingDataSource$PoolGuardConnectionWrapper.checkOpen(PoolingDataSource.java:185)
at org.apache.commons.dbcp.PoolingDataSource$PoolGuardConnectionWrapper.prepareStatement(PoolingDataSource.java:312)
at org.wso2.carbon.database.utils.jdbc.JdbcTemplate.executeUpdate(JdbcTemplate.java:219)
... 30 more
]]>
            </full-stacktrace>
          </exception> <!-- org.wso2.carbon.identity.template.mgt.exception.TemplateManagementServerException -->
          <reporter-output>
          </reporter-output>
        </test-method> <!-- testUpdateTemplateServerException -->
        <test-method status="PASS" signature="tearDown()[pri:0, instance:org.wso2.carbon.identity.template.mgt.dao.impl.TemplateManagerDAOImplTest@68543a35]" name="tearDown" is-config="true" duration-ms="1" started-at="2018-11-02T05:18:43Z" finished-at="2018-11-02T05:18:43Z">
          <reporter-output>
          </reporter-output>
        </test-method> <!-- tearDown -->
        <test-method status="PASS" signature="beforePowerMockTestMethod()[pri:0, instance:org.wso2.carbon.identity.template.mgt.dao.impl.TemplateManagerDAOImplTest@68543a35]" name="beforePowerMockTestMethod" is-config="true" duration-ms="1" started-at="2018-11-02T05:18:43Z" finished-at="2018-11-02T05:18:43Z">
          <reporter-output>
          </reporter-output>
        </test-method> <!-- beforePowerMockTestMethod -->
        <test-method status="PASS" signature="afterPowerMockTestMethod()[pri:0, instance:org.wso2.carbon.identity.template.mgt.dao.impl.TemplateManagerDAOImplTest@68543a35]" name="afterPowerMockTestMethod" is-config="true" duration-ms="0" started-at="2018-11-02T05:18:43Z" finished-at="2018-11-02T05:18:43Z">
          <reporter-output>
          </reporter-output>
        </test-method> <!-- afterPowerMockTestMethod -->
        <test-method status="PASS" signature="setUp()[pri:0, instance:org.wso2.carbon.identity.template.mgt.dao.impl.TemplateManagerDAOImplTest@68543a35]" name="setUp" is-config="true" duration-ms="5" started-at="2018-11-02T05:18:43Z" finished-at="2018-11-02T05:18:43Z">
          <reporter-output>
          </reporter-output>
        </test-method> <!-- setUp -->
        <test-method status="PASS" signature="testUpdateTemplateServerException(java.lang.String, java.lang.Object, java.lang.Object)[pri:0, instance:org.wso2.carbon.identity.template.mgt.dao.impl.TemplateManagerDAOImplTest@68543a35]" name="testUpdateTemplateServerException" duration-ms="3" started-at="2018-11-02T05:18:43Z" data-provider="UpdateTemplateDataProvider" finished-at="2018-11-02T05:18:44Z">
          <params>
            <param index="0">
              <value>
                <![CDATA[T2]]>
              </value>
            </param>
            <param index="1">
              <value>
                <![CDATA[org.wso2.carbon.identity.template.mgt.model.Template@1cd80de2]]>
              </value>
            </param>
            <param index="2">
              <value>
                <![CDATA[org.wso2.carbon.identity.template.mgt.model.Template@2a15e54]]>
              </value>
            </param>
          </params>
          <exception class="org.wso2.carbon.identity.template.mgt.exception.TemplateManagementServerException">
            <message>
              <![CDATA[Error occurred while updating the template: T2 Updated.]]>
            </message>
            <full-stacktrace>
              <![CDATA[org.wso2.carbon.identity.template.mgt.exception.TemplateManagementServerException: Error occurred while updating the template: T2 Updated.
at org.wso2.carbon.identity.template.mgt.util.TemplateMgtUtils.handleServerException(TemplateMgtUtils.java:48)
at org.wso2.carbon.identity.template.mgt.dao.impl.TemplateManagerDAOImpl.updateTemplate(TemplateManagerDAOImpl.java:141)
at org.wso2.carbon.identity.template.mgt.dao.impl.TemplateManagerDAOImplTest.testUpdateTemplateServerException(TemplateManagerDAOImplTest.java:240)
at sun.reflect.NativeMethodAccessorImpl.invoke0(Native Method)
at sun.reflect.NativeMethodAccessorImpl.invoke(NativeMethodAccessorImpl.java:62)
at sun.reflect.DelegatingMethodAccessorImpl.invoke(DelegatingMethodAccessorImpl.java:43)
at java.lang.reflect.Method.invoke(Method.java:498)
at org.testng.internal.MethodInvocationHelper.invokeMethod(MethodInvocationHelper.java:124)
at org.testng.internal.Invoker.invokeMethod(Invoker.java:583)
at org.testng.internal.Invoker.invokeTestMethod(Invoker.java:719)
at org.testng.internal.Invoker.invokeTestMethods(Invoker.java:989)
at org.testng.internal.TestMethodWorker.invokeTestMethods(TestMethodWorker.java:125)
at org.testng.internal.TestMethodWorker.run(TestMethodWorker.java:109)
at org.testng.TestRunner.privateRun(TestRunner.java:648)
at org.testng.TestRunner.run(TestRunner.java:505)
at org.testng.SuiteRunner.runTest(SuiteRunner.java:455)
at org.testng.SuiteRunner.runSequentially(SuiteRunner.java:450)
at org.testng.SuiteRunner.privateRun(SuiteRunner.java:415)
at org.testng.SuiteRunner.run(SuiteRunner.java:364)
at org.testng.SuiteRunnerWorker.runSuite(SuiteRunnerWorker.java:52)
at org.testng.SuiteRunnerWorker.run(SuiteRunnerWorker.java:84)
at org.testng.TestNG.runSuitesSequentially(TestNG.java:1208)
at org.testng.TestNG.runSuitesLocally(TestNG.java:1137)
at org.testng.TestNG.runSuites(TestNG.java:1049)
at org.testng.TestNG.run(TestNG.java:1017)
at org.apache.maven.surefire.testng.TestNGExecutor.run(TestNGExecutor.java:283)
at org.apache.maven.surefire.testng.TestNGXmlTestSuite.execute(TestNGXmlTestSuite.java:75)
at org.apache.maven.surefire.testng.TestNGProvider.invoke(TestNGProvider.java:120)
at org.apache.maven.surefire.booter.ForkedBooter.invokeProviderInSameClassLoader(ForkedBooter.java:386)
at org.apache.maven.surefire.booter.ForkedBooter.runSuitesInProcess(ForkedBooter.java:323)
at org.apache.maven.surefire.booter.ForkedBooter.main(ForkedBooter.java:143)
Caused by: org.wso2.carbon.database.utils.jdbc.exceptions.DataAccessException: Error in performing Database query: '%s'UPDATE IDN_TEMPLATE_MGT SET NAME= ?, DESCRIPTION= ?, TEMPLATE_SCRIPT= ? WHERE TENANT_ID= ? AND NAME = ?
at org.wso2.carbon.database.utils.jdbc.JdbcTemplate.executeUpdate(JdbcTemplate.java:230)
at org.wso2.carbon.identity.template.mgt.dao.impl.TemplateManagerDAOImpl.updateTemplate(TemplateManagerDAOImpl.java:133)
... 29 more
Caused by: java.sql.SQLException: Connection is closed.
at org.apache.commons.dbcp.PoolingDataSource$PoolGuardConnectionWrapper.checkOpen(PoolingDataSource.java:185)
at org.apache.commons.dbcp.PoolingDataSource$PoolGuardConnectionWrapper.prepareStatement(PoolingDataSource.java:312)
at org.wso2.carbon.database.utils.jdbc.JdbcTemplate.executeUpdate(JdbcTemplate.java:219)
... 30 more
]]>
            </full-stacktrace>
          </exception> <!-- org.wso2.carbon.identity.template.mgt.exception.TemplateManagementServerException -->
          <reporter-output>
          </reporter-output>
        </test-method> <!-- testUpdateTemplateServerException -->
        <test-method status="PASS" signature="tearDown()[pri:0, instance:org.wso2.carbon.identity.template.mgt.dao.impl.TemplateManagerDAOImplTest@68543a35]" name="tearDown" is-config="true" duration-ms="1" started-at="2018-11-02T05:18:44Z" finished-at="2018-11-02T05:18:44Z">
          <reporter-output>
          </reporter-output>
        </test-method> <!-- tearDown -->
        <test-method status="PASS" signature="afterPowerMockTestMethod()[pri:0, instance:org.wso2.carbon.identity.template.mgt.dao.impl.TemplateManagerDAOImplTest@68543a35]" name="afterPowerMockTestMethod" is-config="true" duration-ms="0" started-at="2018-11-02T05:18:44Z" finished-at="2018-11-02T05:18:44Z">
          <reporter-output>
          </reporter-output>
        </test-method> <!-- afterPowerMockTestMethod -->
        <test-method status="PASS" signature="beforePowerMockTestMethod()[pri:0, instance:org.wso2.carbon.identity.template.mgt.dao.impl.TemplateManagerDAOImplTest@68543a35]" name="beforePowerMockTestMethod" is-config="true" duration-ms="1" started-at="2018-11-02T05:18:44Z" finished-at="2018-11-02T05:18:44Z">
          <reporter-output>
          </reporter-output>
        </test-method> <!-- beforePowerMockTestMethod -->
        <test-method status="PASS" signature="setUp()[pri:0, instance:org.wso2.carbon.identity.template.mgt.dao.impl.TemplateManagerDAOImplTest@68543a35]" name="setUp" is-config="true" duration-ms="5" started-at="2018-11-02T05:18:44Z" finished-at="2018-11-02T05:18:44Z">
          <reporter-output>
          </reporter-output>
        </test-method> <!-- setUp -->
        <test-method status="PASS" signature="testUpdateTemplateServerException(java.lang.String, java.lang.Object, java.lang.Object)[pri:0, instance:org.wso2.carbon.identity.template.mgt.dao.impl.TemplateManagerDAOImplTest@68543a35]" name="testUpdateTemplateServerException" duration-ms="3" started-at="2018-11-02T05:18:44Z" data-provider="UpdateTemplateDataProvider" finished-at="2018-11-02T05:18:44Z">
          <params>
            <param index="0">
              <value>
                <![CDATA[T3]]>
              </value>
            </param>
            <param index="1">
              <value>
                <![CDATA[org.wso2.carbon.identity.template.mgt.model.Template@24ab04cd]]>
              </value>
            </param>
            <param index="2">
              <value>
                <![CDATA[org.wso2.carbon.identity.template.mgt.model.Template@42d6f75e]]>
              </value>
            </param>
          </params>
          <exception class="org.wso2.carbon.identity.template.mgt.exception.TemplateManagementServerException">
            <message>
              <![CDATA[Error occurred while updating the template: T3 Updated.]]>
            </message>
            <full-stacktrace>
              <![CDATA[org.wso2.carbon.identity.template.mgt.exception.TemplateManagementServerException: Error occurred while updating the template: T3 Updated.
at org.wso2.carbon.identity.template.mgt.util.TemplateMgtUtils.handleServerException(TemplateMgtUtils.java:48)
at org.wso2.carbon.identity.template.mgt.dao.impl.TemplateManagerDAOImpl.updateTemplate(TemplateManagerDAOImpl.java:141)
at org.wso2.carbon.identity.template.mgt.dao.impl.TemplateManagerDAOImplTest.testUpdateTemplateServerException(TemplateManagerDAOImplTest.java:240)
at sun.reflect.NativeMethodAccessorImpl.invoke0(Native Method)
at sun.reflect.NativeMethodAccessorImpl.invoke(NativeMethodAccessorImpl.java:62)
at sun.reflect.DelegatingMethodAccessorImpl.invoke(DelegatingMethodAccessorImpl.java:43)
at java.lang.reflect.Method.invoke(Method.java:498)
at org.testng.internal.MethodInvocationHelper.invokeMethod(MethodInvocationHelper.java:124)
at org.testng.internal.Invoker.invokeMethod(Invoker.java:583)
at org.testng.internal.Invoker.invokeTestMethod(Invoker.java:719)
at org.testng.internal.Invoker.invokeTestMethods(Invoker.java:989)
at org.testng.internal.TestMethodWorker.invokeTestMethods(TestMethodWorker.java:125)
at org.testng.internal.TestMethodWorker.run(TestMethodWorker.java:109)
at org.testng.TestRunner.privateRun(TestRunner.java:648)
at org.testng.TestRunner.run(TestRunner.java:505)
at org.testng.SuiteRunner.runTest(SuiteRunner.java:455)
at org.testng.SuiteRunner.runSequentially(SuiteRunner.java:450)
at org.testng.SuiteRunner.privateRun(SuiteRunner.java:415)
at org.testng.SuiteRunner.run(SuiteRunner.java:364)
at org.testng.SuiteRunnerWorker.runSuite(SuiteRunnerWorker.java:52)
at org.testng.SuiteRunnerWorker.run(SuiteRunnerWorker.java:84)
at org.testng.TestNG.runSuitesSequentially(TestNG.java:1208)
at org.testng.TestNG.runSuitesLocally(TestNG.java:1137)
at org.testng.TestNG.runSuites(TestNG.java:1049)
at org.testng.TestNG.run(TestNG.java:1017)
at org.apache.maven.surefire.testng.TestNGExecutor.run(TestNGExecutor.java:283)
at org.apache.maven.surefire.testng.TestNGXmlTestSuite.execute(TestNGXmlTestSuite.java:75)
at org.apache.maven.surefire.testng.TestNGProvider.invoke(TestNGProvider.java:120)
at org.apache.maven.surefire.booter.ForkedBooter.invokeProviderInSameClassLoader(ForkedBooter.java:386)
at org.apache.maven.surefire.booter.ForkedBooter.runSuitesInProcess(ForkedBooter.java:323)
at org.apache.maven.surefire.booter.ForkedBooter.main(ForkedBooter.java:143)
Caused by: org.wso2.carbon.database.utils.jdbc.exceptions.DataAccessException: Error in performing Database query: '%s'UPDATE IDN_TEMPLATE_MGT SET NAME= ?, DESCRIPTION= ?, TEMPLATE_SCRIPT= ? WHERE TENANT_ID= ? AND NAME = ?
at org.wso2.carbon.database.utils.jdbc.JdbcTemplate.executeUpdate(JdbcTemplate.java:230)
at org.wso2.carbon.identity.template.mgt.dao.impl.TemplateManagerDAOImpl.updateTemplate(TemplateManagerDAOImpl.java:133)
... 29 more
Caused by: java.sql.SQLException: Connection is closed.
at org.apache.commons.dbcp.PoolingDataSource$PoolGuardConnectionWrapper.checkOpen(PoolingDataSource.java:185)
at org.apache.commons.dbcp.PoolingDataSource$PoolGuardConnectionWrapper.prepareStatement(PoolingDataSource.java:312)
at org.wso2.carbon.database.utils.jdbc.JdbcTemplate.executeUpdate(JdbcTemplate.java:219)
... 30 more
]]>
            </full-stacktrace>
          </exception> <!-- org.wso2.carbon.identity.template.mgt.exception.TemplateManagementServerException -->
          <reporter-output>
          </reporter-output>
        </test-method> <!-- testUpdateTemplateServerException -->
        <test-method status="PASS" signature="tearDown()[pri:0, instance:org.wso2.carbon.identity.template.mgt.dao.impl.TemplateManagerDAOImplTest@68543a35]" name="tearDown" is-config="true" duration-ms="1" started-at="2018-11-02T05:18:44Z" finished-at="2018-11-02T05:18:44Z">
          <reporter-output>
          </reporter-output>
        </test-method> <!-- tearDown -->
        <test-method status="PASS" signature="afterPowerMockTestClass()[pri:0, instance:org.wso2.carbon.identity.template.mgt.dao.impl.TemplateManagerDAOImplTest@68543a35]" name="afterPowerMockTestClass" is-config="true" duration-ms="0" started-at="2018-11-02T05:18:44Z" finished-at="2018-11-02T05:18:44Z">
          <reporter-output>
          </reporter-output>
        </test-method> <!-- afterPowerMockTestClass -->
        <test-method status="PASS" signature="afterPowerMockTestMethod()[pri:0, instance:org.wso2.carbon.identity.template.mgt.dao.impl.TemplateManagerDAOImplTest@68543a35]" name="afterPowerMockTestMethod" is-config="true" duration-ms="0" started-at="2018-11-02T05:18:44Z" finished-at="2018-11-02T05:18:44Z">
          <reporter-output>
          </reporter-output>
        </test-method> <!-- afterPowerMockTestMethod -->
      </class> <!-- org.wso2.carbon.identity.template.mgt.dao.impl.TemplateManagerDAOImplTest -->
      <class name="org.wso2.carbon.identity.template.mgt.model.TemplateInfoTest">
        <test-method status="PASS" signature="testGetTemplateId()[pri:0, instance:org.wso2.carbon.identity.template.mgt.model.TemplateInfoTest@4cefa0be]" name="testGetTemplateId" duration-ms="0" started-at="2018-11-02T05:18:45Z" finished-at="2018-11-02T05:18:45Z">
          <reporter-output>
          </reporter-output>
        </test-method> <!-- testGetTemplateId -->
        <test-method status="PASS" signature="testGetDescription()[pri:0, instance:org.wso2.carbon.identity.template.mgt.model.TemplateInfoTest@4cefa0be]" name="testGetDescription" duration-ms="0" started-at="2018-11-02T05:18:45Z" finished-at="2018-11-02T05:18:45Z">
          <reporter-output>
          </reporter-output>
        </test-method> <!-- testGetDescription -->
        <test-method status="PASS" signature="testGetTenantId()[pri:0, instance:org.wso2.carbon.identity.template.mgt.model.TemplateInfoTest@4cefa0be]" name="testGetTenantId" duration-ms="0" started-at="2018-11-02T05:18:45Z" finished-at="2018-11-02T05:18:45Z">
          <reporter-output>
          </reporter-output>
        </test-method> <!-- testGetTenantId -->
        <test-method status="PASS" signature="testGetTemplateName()[pri:0, instance:org.wso2.carbon.identity.template.mgt.model.TemplateInfoTest@4cefa0be]" name="testGetTemplateName" duration-ms="0" started-at="2018-11-02T05:18:45Z" finished-at="2018-11-02T05:18:45Z">
          <reporter-output>
          </reporter-output>
        </test-method> <!-- testGetTemplateName -->
      </class> <!-- org.wso2.carbon.identity.template.mgt.model.TemplateInfoTest -->
    </test> <!-- TemplateManagementTests -->
  </suite> <!-- TemplateManagementTestSuite -->
</testng-results>
