<?xml version="1.0" encoding="UTF-8"?>
<testng-results skipped="0" failed="0" ignored="0" total="64" passed="64">
  <reporter-output>
  </reporter-output>
  <suite name="TemplateManagementTestSuite" duration-ms="3678" started-at="2018-11-12T04:21:47Z" finished-at="2018-11-12T04:21:51Z">
    <groups>
    </groups>
    <test name="TemplateManagementTests" duration-ms="3678" started-at="2018-11-12T04:21:47Z" finished-at="2018-11-12T04:21:51Z">
      <class name="org.wso2.carbon.identity.template.mgt.model.TemplateTest">
        <test-method status="PASS" signature="testGetTemplateId()[pri:0, instance:org.wso2.carbon.identity.template.mgt.model.TemplateTest@2f498f21]" name="testGetTemplateId" duration-ms="0" started-at="2018-11-12T04:21:51Z" finished-at="2018-11-12T04:21:51Z">
          <reporter-output>
          </reporter-output>
        </test-method> <!-- testGetTemplateId -->
        <test-method status="PASS" signature="testGetTenantId()[pri:0, instance:org.wso2.carbon.identity.template.mgt.model.TemplateTest@2f498f21]" name="testGetTenantId" duration-ms="1" started-at="2018-11-12T04:21:51Z" finished-at="2018-11-12T04:21:51Z">
          <reporter-output>
          </reporter-output>
        </test-method> <!-- testGetTenantId -->
        <test-method status="PASS" signature="testGetTemplateScript()[pri:0, instance:org.wso2.carbon.identity.template.mgt.model.TemplateTest@2f498f21]" name="testGetTemplateScript" duration-ms="0" started-at="2018-11-12T04:21:51Z" finished-at="2018-11-12T04:21:51Z">
          <reporter-output>
          </reporter-output>
        </test-method> <!-- testGetTemplateScript -->
        <test-method status="PASS" signature="testGetTemplateName()[pri:0, instance:org.wso2.carbon.identity.template.mgt.model.TemplateTest@2f498f21]" name="testGetTemplateName" duration-ms="0" started-at="2018-11-12T04:21:51Z" finished-at="2018-11-12T04:21:51Z">
          <reporter-output>
          </reporter-output>
        </test-method> <!-- testGetTemplateName -->
        <test-method status="PASS" signature="testGetDescription()[pri:0, instance:org.wso2.carbon.identity.template.mgt.model.TemplateTest@2f498f21]" name="testGetDescription" duration-ms="0" started-at="2018-11-12T04:21:51Z" finished-at="2018-11-12T04:21:51Z">
          <reporter-output>
          </reporter-output>
        </test-method> <!-- testGetDescription -->
        <test-method status="PASS" signature="testSetTemplateName()[pri:0, instance:org.wso2.carbon.identity.template.mgt.model.TemplateTest@2f498f21]" name="testSetTemplateName" duration-ms="0" started-at="2018-11-12T04:21:51Z" finished-at="2018-11-12T04:21:51Z">
          <reporter-output>
          </reporter-output>
        </test-method> <!-- testSetTemplateName -->
        <test-method status="PASS" signature="testSetDescription()[pri:0, instance:org.wso2.carbon.identity.template.mgt.model.TemplateTest@2f498f21]" name="testSetDescription" duration-ms="0" started-at="2018-11-12T04:21:51Z" finished-at="2018-11-12T04:21:51Z">
          <reporter-output>
          </reporter-output>
        </test-method> <!-- testSetDescription -->
        <test-method status="PASS" signature="testSetTemplateScript()[pri:0, instance:org.wso2.carbon.identity.template.mgt.model.TemplateTest@2f498f21]" name="testSetTemplateScript" duration-ms="1" started-at="2018-11-12T04:21:51Z" finished-at="2018-11-12T04:21:51Z">
          <reporter-output>
          </reporter-output>
        </test-method> <!-- testSetTemplateScript -->
        <test-method status="PASS" signature="testSetTemplateId()[pri:0, instance:org.wso2.carbon.identity.template.mgt.model.TemplateTest@2f498f21]" name="testSetTemplateId" duration-ms="0" started-at="2018-11-12T04:21:51Z" finished-at="2018-11-12T04:21:51Z">
          <reporter-output>
          </reporter-output>
        </test-method> <!-- testSetTemplateId -->
        <test-method status="PASS" signature="testSetTenantId()[pri:0, instance:org.wso2.carbon.identity.template.mgt.model.TemplateTest@2f498f21]" name="testSetTenantId" duration-ms="0" started-at="2018-11-12T04:21:51Z" finished-at="2018-11-12T04:21:51Z">
          <reporter-output>
          </reporter-output>
        </test-method> <!-- testSetTenantId -->
      </class> <!-- org.wso2.carbon.identity.template.mgt.model.TemplateTest -->
      <class name="org.wso2.carbon.identity.template.mgt.TemplateManagerImplTest">
        <test-method status="PASS" signature="beforePowerMockTestClass()[pri:0, instance:org.wso2.carbon.identity.template.mgt.TemplateManagerImplTest@7169d668]" name="beforePowerMockTestClass" is-config="true" duration-ms="380" started-at="2018-11-12T04:21:49Z" finished-at="2018-11-12T04:21:49Z">
          <reporter-output>
          </reporter-output>
        </test-method> <!-- beforePowerMockTestClass -->
        <test-method status="PASS" signature="beforePowerMockTestMethod()[pri:0, instance:org.wso2.carbon.identity.template.mgt.TemplateManagerImplTest@7169d668]" name="beforePowerMockTestMethod" is-config="true" duration-ms="119" started-at="2018-11-12T04:21:49Z" finished-at="2018-11-12T04:21:50Z">
          <reporter-output>
          </reporter-output>
        </test-method> <!-- beforePowerMockTestMethod -->
        <test-method status="PASS" signature="setUp()[pri:0, instance:org.wso2.carbon.identity.template.mgt.TemplateManagerImplTest@7169d668]" name="setUp" is-config="true" duration-ms="753" started-at="2018-11-12T04:21:50Z" finished-at="2018-11-12T04:21:50Z">
          <reporter-output>
          </reporter-output>
        </test-method> <!-- setUp -->
        <test-method status="PASS" signature="testAddTemplate(java.lang.Object)[pri:0, instance:org.wso2.carbon.identity.template.mgt.TemplateManagerImplTest@7169d668]" name="testAddTemplate" duration-ms="34" started-at="2018-11-12T04:21:50Z" data-provider="TemplateDataProvider" finished-at="2018-11-12T04:21:50Z">
          <params>
            <param index="0">
              <value>
                <![CDATA[org.wso2.carbon.identity.template.mgt.model.Template@49f44ce6]]>
              </value>
            </param>
          </params>
          <reporter-output>
          </reporter-output>
        </test-method> <!-- testAddTemplate -->
        <test-method status="PASS" signature="tearDown()[pri:0, instance:org.wso2.carbon.identity.template.mgt.TemplateManagerImplTest@7169d668]" name="tearDown" is-config="true" duration-ms="0" started-at="2018-11-12T04:21:50Z" finished-at="2018-11-12T04:21:50Z">
          <reporter-output>
          </reporter-output>
        </test-method> <!-- tearDown -->
        <test-method status="PASS" signature="afterPowerMockTestMethod()[pri:0, instance:org.wso2.carbon.identity.template.mgt.TemplateManagerImplTest@7169d668]" name="afterPowerMockTestMethod" is-config="true" duration-ms="3" started-at="2018-11-12T04:21:50Z" finished-at="2018-11-12T04:21:50Z">
          <reporter-output>
          </reporter-output>
        </test-method> <!-- afterPowerMockTestMethod -->
        <test-method status="PASS" signature="beforePowerMockTestMethod()[pri:0, instance:org.wso2.carbon.identity.template.mgt.TemplateManagerImplTest@7169d668]" name="beforePowerMockTestMethod" is-config="true" duration-ms="1" started-at="2018-11-12T04:21:50Z" finished-at="2018-11-12T04:21:50Z">
          <reporter-output>
          </reporter-output>
        </test-method> <!-- beforePowerMockTestMethod -->
        <test-method status="PASS" signature="setUp()[pri:0, instance:org.wso2.carbon.identity.template.mgt.TemplateManagerImplTest@7169d668]" name="setUp" is-config="true" duration-ms="11" started-at="2018-11-12T04:21:50Z" finished-at="2018-11-12T04:21:50Z">
          <reporter-output>
          </reporter-output>
        </test-method> <!-- setUp -->
        <test-method status="PASS" signature="testAddTemplate(java.lang.Object)[pri:0, instance:org.wso2.carbon.identity.template.mgt.TemplateManagerImplTest@7169d668]" name="testAddTemplate" duration-ms="3" started-at="2018-11-12T04:21:50Z" data-provider="TemplateDataProvider" finished-at="2018-11-12T04:21:50Z">
          <params>
            <param index="0">
              <value>
                <![CDATA[org.wso2.carbon.identity.template.mgt.model.Template@5b133f10]]>
              </value>
            </param>
          </params>
          <reporter-output>
          </reporter-output>
        </test-method> <!-- testAddTemplate -->
        <test-method status="PASS" signature="tearDown()[pri:0, instance:org.wso2.carbon.identity.template.mgt.TemplateManagerImplTest@7169d668]" name="tearDown" is-config="true" duration-ms="1" started-at="2018-11-12T04:21:50Z" finished-at="2018-11-12T04:21:50Z">
          <reporter-output>
          </reporter-output>
        </test-method> <!-- tearDown -->
        <test-method status="PASS" signature="afterPowerMockTestMethod()[pri:0, instance:org.wso2.carbon.identity.template.mgt.TemplateManagerImplTest@7169d668]" name="afterPowerMockTestMethod" is-config="true" duration-ms="1" started-at="2018-11-12T04:21:50Z" finished-at="2018-11-12T04:21:50Z">
          <reporter-output>
          </reporter-output>
        </test-method> <!-- afterPowerMockTestMethod -->
        <test-method status="PASS" signature="setUp()[pri:0, instance:org.wso2.carbon.identity.template.mgt.TemplateManagerImplTest@7169d668]" name="setUp" is-config="true" duration-ms="9" started-at="2018-11-12T04:21:50Z" finished-at="2018-11-12T04:21:50Z">
          <reporter-output>
          </reporter-output>
        </test-method> <!-- setUp -->
        <test-method status="PASS" signature="beforePowerMockTestMethod()[pri:0, instance:org.wso2.carbon.identity.template.mgt.TemplateManagerImplTest@7169d668]" name="beforePowerMockTestMethod" is-config="true" duration-ms="0" started-at="2018-11-12T04:21:50Z" finished-at="2018-11-12T04:21:50Z">
          <reporter-output>
          </reporter-output>
        </test-method> <!-- beforePowerMockTestMethod -->
        <test-method status="PASS" signature="testAddTemplate(java.lang.Object)[pri:0, instance:org.wso2.carbon.identity.template.mgt.TemplateManagerImplTest@7169d668]" name="testAddTemplate" duration-ms="1" started-at="2018-11-12T04:21:50Z" data-provider="TemplateDataProvider" finished-at="2018-11-12T04:21:50Z">
          <params>
            <param index="0">
              <value>
                <![CDATA[org.wso2.carbon.identity.template.mgt.model.Template@659a9526]]>
              </value>
            </param>
          </params>
          <reporter-output>
          </reporter-output>
        </test-method> <!-- testAddTemplate -->
        <test-method status="PASS" signature="tearDown()[pri:0, instance:org.wso2.carbon.identity.template.mgt.TemplateManagerImplTest@7169d668]" name="tearDown" is-config="true" duration-ms="1" started-at="2018-11-12T04:21:50Z" finished-at="2018-11-12T04:21:50Z">
          <reporter-output>
          </reporter-output>
        </test-method> <!-- tearDown -->
        <test-method status="PASS" signature="afterPowerMockTestMethod()[pri:0, instance:org.wso2.carbon.identity.template.mgt.TemplateManagerImplTest@7169d668]" name="afterPowerMockTestMethod" is-config="true" duration-ms="0" started-at="2018-11-12T04:21:50Z" finished-at="2018-11-12T04:21:50Z">
          <reporter-output>
          </reporter-output>
        </test-method> <!-- afterPowerMockTestMethod -->
        <test-method status="PASS" signature="setUp()[pri:0, instance:org.wso2.carbon.identity.template.mgt.TemplateManagerImplTest@7169d668]" name="setUp" is-config="true" duration-ms="9" started-at="2018-11-12T04:21:50Z" finished-at="2018-11-12T04:21:50Z">
          <reporter-output>
          </reporter-output>
        </test-method> <!-- setUp -->
        <test-method status="PASS" signature="beforePowerMockTestMethod()[pri:0, instance:org.wso2.carbon.identity.template.mgt.TemplateManagerImplTest@7169d668]" name="beforePowerMockTestMethod" is-config="true" duration-ms="0" started-at="2018-11-12T04:21:50Z" finished-at="2018-11-12T04:21:50Z">
          <reporter-output>
          </reporter-output>
        </test-method> <!-- beforePowerMockTestMethod -->
        <test-method status="PASS" signature="testDeleteTemplate(java.lang.Object)[pri:0, instance:org.wso2.carbon.identity.template.mgt.TemplateManagerImplTest@7169d668]" name="testDeleteTemplate" duration-ms="69" started-at="2018-11-12T04:21:50Z" data-provider="TemplateDataProvider" finished-at="2018-11-12T04:21:50Z">
          <params>
            <param index="0">
              <value>
                <![CDATA[org.wso2.carbon.identity.template.mgt.model.Template@2143563e]]>
              </value>
            </param>
          </params>
          <reporter-output>
          </reporter-output>
        </test-method> <!-- testDeleteTemplate -->
        <test-method status="PASS" signature="beforePowerMockTestMethod()[pri:0, instance:org.wso2.carbon.identity.template.mgt.TemplateManagerImplTest@7169d668]" name="beforePowerMockTestMethod" is-config="true" duration-ms="1" started-at="2018-11-12T04:21:50Z" finished-at="2018-11-12T04:21:50Z">
          <reporter-output>
          </reporter-output>
        </test-method> <!-- beforePowerMockTestMethod -->
        <test-method status="PASS" signature="tearDown()[pri:0, instance:org.wso2.carbon.identity.template.mgt.TemplateManagerImplTest@7169d668]" name="tearDown" is-config="true" duration-ms="0" started-at="2018-11-12T04:21:50Z" finished-at="2018-11-12T04:21:50Z">
          <reporter-output>
          </reporter-output>
        </test-method> <!-- tearDown -->
        <test-method status="PASS" signature="afterPowerMockTestMethod()[pri:0, instance:org.wso2.carbon.identity.template.mgt.TemplateManagerImplTest@7169d668]" name="afterPowerMockTestMethod" is-config="true" duration-ms="0" started-at="2018-11-12T04:21:50Z" finished-at="2018-11-12T04:21:50Z">
          <reporter-output>
          </reporter-output>
        </test-method> <!-- afterPowerMockTestMethod -->
        <test-method status="PASS" signature="setUp()[pri:0, instance:org.wso2.carbon.identity.template.mgt.TemplateManagerImplTest@7169d668]" name="setUp" is-config="true" duration-ms="8" started-at="2018-11-12T04:21:50Z" finished-at="2018-11-12T04:21:50Z">
          <reporter-output>
          </reporter-output>
        </test-method> <!-- setUp -->
        <test-method status="PASS" signature="testDeleteTemplate(java.lang.Object)[pri:0, instance:org.wso2.carbon.identity.template.mgt.TemplateManagerImplTest@7169d668]" name="testDeleteTemplate" duration-ms="3" started-at="2018-11-12T04:21:50Z" data-provider="TemplateDataProvider" finished-at="2018-11-12T04:21:50Z">
          <params>
            <param index="0">
              <value>
                <![CDATA[org.wso2.carbon.identity.template.mgt.model.Template@76567d68]]>
              </value>
            </param>
          </params>
          <reporter-output>
          </reporter-output>
        </test-method> <!-- testDeleteTemplate -->
        <test-method status="PASS" signature="tearDown()[pri:0, instance:org.wso2.carbon.identity.template.mgt.TemplateManagerImplTest@7169d668]" name="tearDown" is-config="true" duration-ms="0" started-at="2018-11-12T04:21:50Z" finished-at="2018-11-12T04:21:50Z">
          <reporter-output>
          </reporter-output>
        </test-method> <!-- tearDown -->
        <test-method status="PASS" signature="afterPowerMockTestMethod()[pri:0, instance:org.wso2.carbon.identity.template.mgt.TemplateManagerImplTest@7169d668]" name="afterPowerMockTestMethod" is-config="true" duration-ms="1" started-at="2018-11-12T04:21:50Z" finished-at="2018-11-12T04:21:50Z">
          <reporter-output>
          </reporter-output>
        </test-method> <!-- afterPowerMockTestMethod -->
        <test-method status="PASS" signature="setUp()[pri:0, instance:org.wso2.carbon.identity.template.mgt.TemplateManagerImplTest@7169d668]" name="setUp" is-config="true" duration-ms="7" started-at="2018-11-12T04:21:50Z" finished-at="2018-11-12T04:21:50Z">
          <reporter-output>
          </reporter-output>
        </test-method> <!-- setUp -->
        <test-method status="PASS" signature="beforePowerMockTestMethod()[pri:0, instance:org.wso2.carbon.identity.template.mgt.TemplateManagerImplTest@7169d668]" name="beforePowerMockTestMethod" is-config="true" duration-ms="0" started-at="2018-11-12T04:21:50Z" finished-at="2018-11-12T04:21:50Z">
          <reporter-output>
          </reporter-output>
        </test-method> <!-- beforePowerMockTestMethod -->
        <test-method status="PASS" signature="testDeleteTemplate(java.lang.Object)[pri:0, instance:org.wso2.carbon.identity.template.mgt.TemplateManagerImplTest@7169d668]" name="testDeleteTemplate" duration-ms="3" started-at="2018-11-12T04:21:50Z" data-provider="TemplateDataProvider" finished-at="2018-11-12T04:21:50Z">
          <params>
            <param index="0">
              <value>
                <![CDATA[org.wso2.carbon.identity.template.mgt.model.Template@46239f8d]]>
              </value>
            </param>
          </params>
          <reporter-output>
          </reporter-output>
        </test-method> <!-- testDeleteTemplate -->
        <test-method status="PASS" signature="tearDown()[pri:0, instance:org.wso2.carbon.identity.template.mgt.TemplateManagerImplTest@7169d668]" name="tearDown" is-config="true" duration-ms="1" started-at="2018-11-12T04:21:50Z" finished-at="2018-11-12T04:21:50Z">
          <reporter-output>
          </reporter-output>
        </test-method> <!-- tearDown -->
        <test-method status="PASS" signature="afterPowerMockTestMethod()[pri:0, instance:org.wso2.carbon.identity.template.mgt.TemplateManagerImplTest@7169d668]" name="afterPowerMockTestMethod" is-config="true" duration-ms="0" started-at="2018-11-12T04:21:50Z" finished-at="2018-11-12T04:21:50Z">
          <reporter-output>
          </reporter-output>
        </test-method> <!-- afterPowerMockTestMethod -->
        <test-method status="PASS" signature="beforePowerMockTestMethod()[pri:0, instance:org.wso2.carbon.identity.template.mgt.TemplateManagerImplTest@7169d668]" name="beforePowerMockTestMethod" is-config="true" duration-ms="1" started-at="2018-11-12T04:21:50Z" finished-at="2018-11-12T04:21:50Z">
          <reporter-output>
          </reporter-output>
        </test-method> <!-- beforePowerMockTestMethod -->
        <test-method status="PASS" signature="setUp()[pri:0, instance:org.wso2.carbon.identity.template.mgt.TemplateManagerImplTest@7169d668]" name="setUp" is-config="true" duration-ms="7" started-at="2018-11-12T04:21:50Z" finished-at="2018-11-12T04:21:50Z">
          <reporter-output>
          </reporter-output>
        </test-method> <!-- setUp -->
        <test-method status="PASS" signature="testErrorCodes()[pri:0, instance:org.wso2.carbon.identity.template.mgt.TemplateManagerImplTest@7169d668]" name="testErrorCodes" duration-ms="2" started-at="2018-11-12T04:21:50Z" finished-at="2018-11-12T04:21:50Z">
          <reporter-output>
          </reporter-output>
        </test-method> <!-- testErrorCodes -->
        <test-method status="PASS" signature="afterPowerMockTestMethod()[pri:0, instance:org.wso2.carbon.identity.template.mgt.TemplateManagerImplTest@7169d668]" name="afterPowerMockTestMethod" is-config="true" duration-ms="1" started-at="2018-11-12T04:21:50Z" finished-at="2018-11-12T04:21:50Z">
          <reporter-output>
          </reporter-output>
        </test-method> <!-- afterPowerMockTestMethod -->
        <test-method status="PASS" signature="tearDown()[pri:0, instance:org.wso2.carbon.identity.template.mgt.TemplateManagerImplTest@7169d668]" name="tearDown" is-config="true" duration-ms="0" started-at="2018-11-12T04:21:50Z" finished-at="2018-11-12T04:21:50Z">
          <reporter-output>
          </reporter-output>
        </test-method> <!-- tearDown -->
        <test-method status="PASS" signature="beforePowerMockTestMethod()[pri:0, instance:org.wso2.carbon.identity.template.mgt.TemplateManagerImplTest@7169d668]" name="beforePowerMockTestMethod" is-config="true" duration-ms="1" started-at="2018-11-12T04:21:50Z" finished-at="2018-11-12T04:21:50Z">
          <reporter-output>
          </reporter-output>
        </test-method> <!-- beforePowerMockTestMethod -->
        <test-method status="PASS" signature="setUp()[pri:0, instance:org.wso2.carbon.identity.template.mgt.TemplateManagerImplTest@7169d668]" name="setUp" is-config="true" duration-ms="7" started-at="2018-11-12T04:21:50Z" finished-at="2018-11-12T04:21:50Z">
          <reporter-output>
          </reporter-output>
        </test-method> <!-- setUp -->
        <test-method status="PASS" signature="testGetTemplateByName(java.lang.Object, java.lang.String)[pri:0, instance:org.wso2.carbon.identity.template.mgt.TemplateManagerImplTest@7169d668]" name="testGetTemplateByName" duration-ms="8" started-at="2018-11-12T04:21:50Z" data-provider="getTemplateByNameDataProvider" finished-at="2018-11-12T04:21:50Z">
          <params>
            <param index="0">
              <value>
                <![CDATA[org.wso2.carbon.identity.template.mgt.model.Template@60499b27]]>
              </value>
            </param>
            <param index="1">
              <value>
                <![CDATA[T1]]>
              </value>
            </param>
          </params>
          <reporter-output>
          </reporter-output>
        </test-method> <!-- testGetTemplateByName -->
        <test-method status="PASS" signature="tearDown()[pri:0, instance:org.wso2.carbon.identity.template.mgt.TemplateManagerImplTest@7169d668]" name="tearDown" is-config="true" duration-ms="1" started-at="2018-11-12T04:21:50Z" finished-at="2018-11-12T04:21:50Z">
          <reporter-output>
          </reporter-output>
        </test-method> <!-- tearDown -->
        <test-method status="PASS" signature="afterPowerMockTestMethod()[pri:0, instance:org.wso2.carbon.identity.template.mgt.TemplateManagerImplTest@7169d668]" name="afterPowerMockTestMethod" is-config="true" duration-ms="0" started-at="2018-11-12T04:21:50Z" finished-at="2018-11-12T04:21:50Z">
          <reporter-output>
          </reporter-output>
        </test-method> <!-- afterPowerMockTestMethod -->
        <test-method status="PASS" signature="beforePowerMockTestMethod()[pri:0, instance:org.wso2.carbon.identity.template.mgt.TemplateManagerImplTest@7169d668]" name="beforePowerMockTestMethod" is-config="true" duration-ms="1" started-at="2018-11-12T04:21:50Z" finished-at="2018-11-12T04:21:50Z">
          <reporter-output>
          </reporter-output>
        </test-method> <!-- beforePowerMockTestMethod -->
        <test-method status="PASS" signature="setUp()[pri:0, instance:org.wso2.carbon.identity.template.mgt.TemplateManagerImplTest@7169d668]" name="setUp" is-config="true" duration-ms="7" started-at="2018-11-12T04:21:50Z" finished-at="2018-11-12T04:21:50Z">
          <reporter-output>
          </reporter-output>
        </test-method> <!-- setUp -->
        <test-method status="PASS" signature="testGetTemplateByName(java.lang.Object, java.lang.String)[pri:0, instance:org.wso2.carbon.identity.template.mgt.TemplateManagerImplTest@7169d668]" name="testGetTemplateByName" duration-ms="2" started-at="2018-11-12T04:21:50Z" data-provider="getTemplateByNameDataProvider" finished-at="2018-11-12T04:21:50Z">
          <params>
            <param index="0">
              <value>
                <![CDATA[org.wso2.carbon.identity.template.mgt.model.Template@d160c44]]>
              </value>
            </param>
            <param index="1">
              <value>
                <![CDATA[T2]]>
              </value>
            </param>
          </params>
          <reporter-output>
          </reporter-output>
        </test-method> <!-- testGetTemplateByName -->
        <test-method status="PASS" signature="tearDown()[pri:0, instance:org.wso2.carbon.identity.template.mgt.TemplateManagerImplTest@7169d668]" name="tearDown" is-config="true" duration-ms="0" started-at="2018-11-12T04:21:50Z" finished-at="2018-11-12T04:21:50Z">
          <reporter-output>
          </reporter-output>
        </test-method> <!-- tearDown -->
        <test-method status="PASS" signature="afterPowerMockTestMethod()[pri:0, instance:org.wso2.carbon.identity.template.mgt.TemplateManagerImplTest@7169d668]" name="afterPowerMockTestMethod" is-config="true" duration-ms="0" started-at="2018-11-12T04:21:50Z" finished-at="2018-11-12T04:21:50Z">
          <reporter-output>
          </reporter-output>
        </test-method> <!-- afterPowerMockTestMethod -->
        <test-method status="PASS" signature="setUp()[pri:0, instance:org.wso2.carbon.identity.template.mgt.TemplateManagerImplTest@7169d668]" name="setUp" is-config="true" duration-ms="7" started-at="2018-11-12T04:21:50Z" finished-at="2018-11-12T04:21:50Z">
          <reporter-output>
          </reporter-output>
        </test-method> <!-- setUp -->
        <test-method status="PASS" signature="beforePowerMockTestMethod()[pri:0, instance:org.wso2.carbon.identity.template.mgt.TemplateManagerImplTest@7169d668]" name="beforePowerMockTestMethod" is-config="true" duration-ms="0" started-at="2018-11-12T04:21:50Z" finished-at="2018-11-12T04:21:50Z">
          <reporter-output>
          </reporter-output>
        </test-method> <!-- beforePowerMockTestMethod -->
        <test-method status="PASS" signature="testGetTemplateByName(java.lang.Object, java.lang.String)[pri:0, instance:org.wso2.carbon.identity.template.mgt.TemplateManagerImplTest@7169d668]" name="testGetTemplateByName" duration-ms="2" started-at="2018-11-12T04:21:50Z" data-provider="getTemplateByNameDataProvider" finished-at="2018-11-12T04:21:50Z">
          <params>
            <param index="0">
              <value>
                <![CDATA[org.wso2.carbon.identity.template.mgt.model.Template@4ac79791]]>
              </value>
            </param>
            <param index="1">
              <value>
                <![CDATA[T3]]>
              </value>
            </param>
          </params>
          <reporter-output>
          </reporter-output>
        </test-method> <!-- testGetTemplateByName -->
        <test-method status="PASS" signature="tearDown()[pri:0, instance:org.wso2.carbon.identity.template.mgt.TemplateManagerImplTest@7169d668]" name="tearDown" is-config="true" duration-ms="0" started-at="2018-11-12T04:21:50Z" finished-at="2018-11-12T04:21:50Z">
          <reporter-output>
          </reporter-output>
        </test-method> <!-- tearDown -->
        <test-method status="PASS" signature="afterPowerMockTestMethod()[pri:0, instance:org.wso2.carbon.identity.template.mgt.TemplateManagerImplTest@7169d668]" name="afterPowerMockTestMethod" is-config="true" duration-ms="0" started-at="2018-11-12T04:21:50Z" finished-at="2018-11-12T04:21:50Z">
          <reporter-output>
          </reporter-output>
        </test-method> <!-- afterPowerMockTestMethod -->
        <test-method status="PASS" signature="beforePowerMockTestMethod()[pri:0, instance:org.wso2.carbon.identity.template.mgt.TemplateManagerImplTest@7169d668]" name="beforePowerMockTestMethod" is-config="true" duration-ms="1" started-at="2018-11-12T04:21:50Z" finished-at="2018-11-12T04:21:50Z">
          <reporter-output>
          </reporter-output>
        </test-method> <!-- beforePowerMockTestMethod -->
        <test-method status="PASS" signature="setUp()[pri:0, instance:org.wso2.carbon.identity.template.mgt.TemplateManagerImplTest@7169d668]" name="setUp" is-config="true" duration-ms="7" started-at="2018-11-12T04:21:50Z" finished-at="2018-11-12T04:21:50Z">
          <reporter-output>
          </reporter-output>
        </test-method> <!-- setUp -->
        <test-method status="PASS" signature="testGetTemplateList(java.lang.Integer, java.lang.Integer, int)[pri:0, instance:org.wso2.carbon.identity.template.mgt.TemplateManagerImplTest@7169d668]" name="testGetTemplateList" duration-ms="16" started-at="2018-11-12T04:21:50Z" data-provider="templateListProvider" finished-at="2018-11-12T04:21:51Z">
          <params>
            <param index="0">
              <value>
                <![CDATA[0]]>
              </value>
            </param>
            <param index="1">
              <value>
                <![CDATA[0]]>
              </value>
            </param>
            <param index="2">
              <value>
                <![CDATA[3]]>
              </value>
            </param>
          </params>
          <reporter-output>
          </reporter-output>
        </test-method> <!-- testGetTemplateList -->
        <test-method status="PASS" signature="tearDown()[pri:0, instance:org.wso2.carbon.identity.template.mgt.TemplateManagerImplTest@7169d668]" name="tearDown" is-config="true" duration-ms="0" started-at="2018-11-12T04:21:51Z" finished-at="2018-11-12T04:21:51Z">
          <reporter-output>
          </reporter-output>
        </test-method> <!-- tearDown -->
        <test-method status="PASS" signature="beforePowerMockTestMethod()[pri:0, instance:org.wso2.carbon.identity.template.mgt.TemplateManagerImplTest@7169d668]" name="beforePowerMockTestMethod" is-config="true" duration-ms="1" started-at="2018-11-12T04:21:51Z" finished-at="2018-11-12T04:21:51Z">
          <reporter-output>
          </reporter-output>
        </test-method> <!-- beforePowerMockTestMethod -->
        <test-method status="PASS" signature="afterPowerMockTestMethod()[pri:0, instance:org.wso2.carbon.identity.template.mgt.TemplateManagerImplTest@7169d668]" name="afterPowerMockTestMethod" is-config="true" duration-ms="0" started-at="2018-11-12T04:21:51Z" finished-at="2018-11-12T04:21:51Z">
          <reporter-output>
          </reporter-output>
        </test-method> <!-- afterPowerMockTestMethod -->
        <test-method status="PASS" signature="setUp()[pri:0, instance:org.wso2.carbon.identity.template.mgt.TemplateManagerImplTest@7169d668]" name="setUp" is-config="true" duration-ms="7" started-at="2018-11-12T04:21:51Z" finished-at="2018-11-12T04:21:51Z">
          <reporter-output>
          </reporter-output>
        </test-method> <!-- setUp -->
        <test-method status="PASS" signature="testGetTemplateList(java.lang.Integer, java.lang.Integer, int)[pri:0, instance:org.wso2.carbon.identity.template.mgt.TemplateManagerImplTest@7169d668]" name="testGetTemplateList" duration-ms="5" started-at="2018-11-12T04:21:51Z" data-provider="templateListProvider" finished-at="2018-11-12T04:21:51Z">
          <params>
            <param index="0">
              <value>
                <![CDATA[1]]>
              </value>
            </param>
            <param index="1">
              <value>
                <![CDATA[1]]>
              </value>
            </param>
            <param index="2">
              <value>
                <![CDATA[1]]>
              </value>
            </param>
          </params>
          <reporter-output>
          </reporter-output>
        </test-method> <!-- testGetTemplateList -->
        <test-method status="PASS" signature="tearDown()[pri:0, instance:org.wso2.carbon.identity.template.mgt.TemplateManagerImplTest@7169d668]" name="tearDown" is-config="true" duration-ms="0" started-at="2018-11-12T04:21:51Z" finished-at="2018-11-12T04:21:51Z">
          <reporter-output>
          </reporter-output>
        </test-method> <!-- tearDown -->
        <test-method status="PASS" signature="afterPowerMockTestMethod()[pri:0, instance:org.wso2.carbon.identity.template.mgt.TemplateManagerImplTest@7169d668]" name="afterPowerMockTestMethod" is-config="true" duration-ms="1" started-at="2018-11-12T04:21:51Z" finished-at="2018-11-12T04:21:51Z">
          <reporter-output>
          </reporter-output>
        </test-method> <!-- afterPowerMockTestMethod -->
        <test-method status="PASS" signature="beforePowerMockTestMethod()[pri:0, instance:org.wso2.carbon.identity.template.mgt.TemplateManagerImplTest@7169d668]" name="beforePowerMockTestMethod" is-config="true" duration-ms="1" started-at="2018-11-12T04:21:51Z" finished-at="2018-11-12T04:21:51Z">
          <reporter-output>
          </reporter-output>
        </test-method> <!-- beforePowerMockTestMethod -->
        <test-method status="PASS" signature="setUp()[pri:0, instance:org.wso2.carbon.identity.template.mgt.TemplateManagerImplTest@7169d668]" name="setUp" is-config="true" duration-ms="6" started-at="2018-11-12T04:21:51Z" finished-at="2018-11-12T04:21:51Z">
          <reporter-output>
          </reporter-output>
        </test-method> <!-- setUp -->
        <test-method status="PASS" signature="testGetTemplateList(java.lang.Integer, java.lang.Integer, int)[pri:0, instance:org.wso2.carbon.identity.template.mgt.TemplateManagerImplTest@7169d668]" name="testGetTemplateList" duration-ms="5" started-at="2018-11-12T04:21:51Z" data-provider="templateListProvider" finished-at="2018-11-12T04:21:51Z">
          <params>
            <param index="0">
              <value>
                <![CDATA[10]]>
              </value>
            </param>
            <param index="1">
              <value>
                <![CDATA[0]]>
              </value>
            </param>
            <param index="2">
              <value>
                <![CDATA[3]]>
              </value>
            </param>
          </params>
          <reporter-output>
          </reporter-output>
        </test-method> <!-- testGetTemplateList -->
        <test-method status="PASS" signature="afterPowerMockTestMethod()[pri:0, instance:org.wso2.carbon.identity.template.mgt.TemplateManagerImplTest@7169d668]" name="afterPowerMockTestMethod" is-config="true" duration-ms="0" started-at="2018-11-12T04:21:51Z" finished-at="2018-11-12T04:21:51Z">
          <reporter-output>
          </reporter-output>
        </test-method> <!-- afterPowerMockTestMethod -->
        <test-method status="PASS" signature="tearDown()[pri:0, instance:org.wso2.carbon.identity.template.mgt.TemplateManagerImplTest@7169d668]" name="tearDown" is-config="true" duration-ms="0" started-at="2018-11-12T04:21:51Z" finished-at="2018-11-12T04:21:51Z">
          <reporter-output>
          </reporter-output>
        </test-method> <!-- tearDown -->
        <test-method status="PASS" signature="beforePowerMockTestMethod()[pri:0, instance:org.wso2.carbon.identity.template.mgt.TemplateManagerImplTest@7169d668]" name="beforePowerMockTestMethod" is-config="true" duration-ms="0" started-at="2018-11-12T04:21:51Z" finished-at="2018-11-12T04:21:51Z">
          <reporter-output>
          </reporter-output>
        </test-method> <!-- beforePowerMockTestMethod -->
        <test-method status="PASS" signature="setUp()[pri:0, instance:org.wso2.carbon.identity.template.mgt.TemplateManagerImplTest@7169d668]" name="setUp" is-config="true" duration-ms="7" started-at="2018-11-12T04:21:51Z" finished-at="2018-11-12T04:21:51Z">
          <reporter-output>
          </reporter-output>
        </test-method> <!-- setUp -->
        <test-method status="PASS" signature="testSetTenantIdIfNull()[pri:0, instance:org.wso2.carbon.identity.template.mgt.TemplateManagerImplTest@7169d668]" name="testSetTenantIdIfNull" duration-ms="1" started-at="2018-11-12T04:21:51Z" finished-at="2018-11-12T04:21:51Z">
          <reporter-output>
          </reporter-output>
        </test-method> <!-- testSetTenantIdIfNull -->
        <test-method status="PASS" signature="afterPowerMockTestMethod()[pri:0, instance:org.wso2.carbon.identity.template.mgt.TemplateManagerImplTest@7169d668]" name="afterPowerMockTestMethod" is-config="true" duration-ms="0" started-at="2018-11-12T04:21:51Z" finished-at="2018-11-12T04:21:51Z">
          <reporter-output>
          </reporter-output>
        </test-method> <!-- afterPowerMockTestMethod -->
        <test-method status="PASS" signature="tearDown()[pri:0, instance:org.wso2.carbon.identity.template.mgt.TemplateManagerImplTest@7169d668]" name="tearDown" is-config="true" duration-ms="0" started-at="2018-11-12T04:21:51Z" finished-at="2018-11-12T04:21:51Z">
          <reporter-output>
          </reporter-output>
        </test-method> <!-- tearDown -->
        <test-method status="PASS" signature="beforePowerMockTestMethod()[pri:0, instance:org.wso2.carbon.identity.template.mgt.TemplateManagerImplTest@7169d668]" name="beforePowerMockTestMethod" is-config="true" duration-ms="1" started-at="2018-11-12T04:21:51Z" finished-at="2018-11-12T04:21:51Z">
          <reporter-output>
          </reporter-output>
        </test-method> <!-- beforePowerMockTestMethod -->
        <test-method status="PASS" signature="setUp()[pri:0, instance:org.wso2.carbon.identity.template.mgt.TemplateManagerImplTest@7169d668]" name="setUp" is-config="true" duration-ms="6" started-at="2018-11-12T04:21:51Z" finished-at="2018-11-12T04:21:51Z">
          <reporter-output>
          </reporter-output>
        </test-method> <!-- setUp -->
        <test-method status="PASS" signature="testUpdateTemplate(java.lang.String, java.lang.Object, java.lang.Object)[pri:0, instance:org.wso2.carbon.identity.template.mgt.TemplateManagerImplTest@7169d668]" name="testUpdateTemplate" duration-ms="3" started-at="2018-11-12T04:21:51Z" data-provider="UpdateTemplateDataProvider" finished-at="2018-11-12T04:21:51Z">
          <params>
            <param index="0">
              <value>
                <![CDATA[T1]]>
              </value>
            </param>
            <param index="1">
              <value>
                <![CDATA[org.wso2.carbon.identity.template.mgt.model.Template@66f79c80]]>
              </value>
            </param>
            <param index="2">
              <value>
                <![CDATA[org.wso2.carbon.identity.template.mgt.model.Template@17a87544]]>
              </value>
            </param>
          </params>
          <reporter-output>
          </reporter-output>
        </test-method> <!-- testUpdateTemplate -->
        <test-method status="PASS" signature="afterPowerMockTestMethod()[pri:0, instance:org.wso2.carbon.identity.template.mgt.TemplateManagerImplTest@7169d668]" name="afterPowerMockTestMethod" is-config="true" duration-ms="1" started-at="2018-11-12T04:21:51Z" finished-at="2018-11-12T04:21:51Z">
          <reporter-output>
          </reporter-output>
        </test-method> <!-- afterPowerMockTestMethod -->
        <test-method status="PASS" signature="tearDown()[pri:0, instance:org.wso2.carbon.identity.template.mgt.TemplateManagerImplTest@7169d668]" name="tearDown" is-config="true" duration-ms="0" started-at="2018-11-12T04:21:51Z" finished-at="2018-11-12T04:21:51Z">
          <reporter-output>
          </reporter-output>
        </test-method> <!-- tearDown -->
        <test-method status="PASS" signature="beforePowerMockTestMethod()[pri:0, instance:org.wso2.carbon.identity.template.mgt.TemplateManagerImplTest@7169d668]" name="beforePowerMockTestMethod" is-config="true" duration-ms="1" started-at="2018-11-12T04:21:51Z" finished-at="2018-11-12T04:21:51Z">
          <reporter-output>
          </reporter-output>
        </test-method> <!-- beforePowerMockTestMethod -->
        <test-method status="PASS" signature="setUp()[pri:0, instance:org.wso2.carbon.identity.template.mgt.TemplateManagerImplTest@7169d668]" name="setUp" is-config="true" duration-ms="5" started-at="2018-11-12T04:21:51Z" finished-at="2018-11-12T04:21:51Z">
          <reporter-output>
          </reporter-output>
        </test-method> <!-- setUp -->
        <test-method status="PASS" signature="testUpdateTemplate(java.lang.String, java.lang.Object, java.lang.Object)[pri:0, instance:org.wso2.carbon.identity.template.mgt.TemplateManagerImplTest@7169d668]" name="testUpdateTemplate" duration-ms="2" started-at="2018-11-12T04:21:51Z" data-provider="UpdateTemplateDataProvider" finished-at="2018-11-12T04:21:51Z">
          <params>
            <param index="0">
              <value>
                <![CDATA[T2]]>
              </value>
            </param>
            <param index="1">
              <value>
                <![CDATA[org.wso2.carbon.identity.template.mgt.model.Template@3241074]]>
              </value>
            </param>
            <param index="2">
              <value>
                <![CDATA[org.wso2.carbon.identity.template.mgt.model.Template@61b309d1]]>
              </value>
            </param>
          </params>
          <reporter-output>
          </reporter-output>
        </test-method> <!-- testUpdateTemplate -->
        <test-method status="PASS" signature="tearDown()[pri:0, instance:org.wso2.carbon.identity.template.mgt.TemplateManagerImplTest@7169d668]" name="tearDown" is-config="true" duration-ms="1" started-at="2018-11-12T04:21:51Z" finished-at="2018-11-12T04:21:51Z">
          <reporter-output>
          </reporter-output>
        </test-method> <!-- tearDown -->
        <test-method status="PASS" signature="afterPowerMockTestMethod()[pri:0, instance:org.wso2.carbon.identity.template.mgt.TemplateManagerImplTest@7169d668]" name="afterPowerMockTestMethod" is-config="true" duration-ms="0" started-at="2018-11-12T04:21:51Z" finished-at="2018-11-12T04:21:51Z">
          <reporter-output>
          </reporter-output>
        </test-method> <!-- afterPowerMockTestMethod -->
        <test-method status="PASS" signature="beforePowerMockTestMethod()[pri:0, instance:org.wso2.carbon.identity.template.mgt.TemplateManagerImplTest@7169d668]" name="beforePowerMockTestMethod" is-config="true" duration-ms="0" started-at="2018-11-12T04:21:51Z" finished-at="2018-11-12T04:21:51Z">
          <reporter-output>
          </reporter-output>
        </test-method> <!-- beforePowerMockTestMethod -->
        <test-method status="PASS" signature="setUp()[pri:0, instance:org.wso2.carbon.identity.template.mgt.TemplateManagerImplTest@7169d668]" name="setUp" is-config="true" duration-ms="5" started-at="2018-11-12T04:21:51Z" finished-at="2018-11-12T04:21:51Z">
          <reporter-output>
          </reporter-output>
        </test-method> <!-- setUp -->
        <test-method status="PASS" signature="testValidatingInputs(java.lang.Object)[pri:0, instance:org.wso2.carbon.identity.template.mgt.TemplateManagerImplTest@7169d668]" name="testValidatingInputs" duration-ms="1" started-at="2018-11-12T04:21:51Z" data-provider="validateInputsDataProvider" finished-at="2018-11-12T04:21:51Z">
          <params>
            <param index="0">
              <value>
                <![CDATA[org.wso2.carbon.identity.template.mgt.model.Template@66291e50]]>
              </value>
            </param>
          </params>
          <exception class="org.wso2.carbon.identity.template.mgt.exception.TemplateManagementClientException">
            <message>
              <![CDATA[Template name is required.]]>
            </message>
            <full-stacktrace>
              <![CDATA[org.wso2.carbon.identity.template.mgt.exception.TemplateManagementClientException: Template name is required.
at org.wso2.carbon.identity.template.mgt.util.TemplateMgtUtils.handleClientException(TemplateMgtUtils.java:68)
at org.wso2.carbon.identity.template.mgt.TemplateManagerImpl.validateInputParameters(TemplateManagerImpl.java:93)
at org.wso2.carbon.identity.template.mgt.TemplateManagerImpl.addTemplate(TemplateManagerImpl.java:48)
at org.wso2.carbon.identity.template.mgt.TemplateManagerImplTest.testValidatingInputs(TemplateManagerImplTest.java:324)
at sun.reflect.NativeMethodAccessorImpl.invoke0(Native Method)
at sun.reflect.NativeMethodAccessorImpl.invoke(NativeMethodAccessorImpl.java:62)
at sun.reflect.DelegatingMethodAccessorImpl.invoke(DelegatingMethodAccessorImpl.java:43)
at java.lang.reflect.Method.invoke(Method.java:498)
at org.testng.internal.MethodInvocationHelper.invokeMethod(MethodInvocationHelper.java:124)
at org.testng.internal.Invoker.invokeMethod(Invoker.java:583)
at org.testng.internal.Invoker.invokeTestMethod(Invoker.java:719)
at org.testng.internal.Invoker.invokeTestMethods(Invoker.java:989)
at org.testng.internal.TestMethodWorker.invokeTestMethods(TestMethodWorker.java:125)
at org.testng.internal.TestMethodWorker.run(TestMethodWorker.java:109)
at org.testng.TestRunner.privateRun(TestRunner.java:648)
at org.testng.TestRunner.run(TestRunner.java:505)
at org.testng.SuiteRunner.runTest(SuiteRunner.java:455)
at org.testng.SuiteRunner.runSequentially(SuiteRunner.java:450)
at org.testng.SuiteRunner.privateRun(SuiteRunner.java:415)
at org.testng.SuiteRunner.run(SuiteRunner.java:364)
at org.testng.SuiteRunnerWorker.runSuite(SuiteRunnerWorker.java:52)
at org.testng.SuiteRunnerWorker.run(SuiteRunnerWorker.java:84)
at org.testng.TestNG.runSuitesSequentially(TestNG.java:1208)
at org.testng.TestNG.runSuitesLocally(TestNG.java:1137)
at org.testng.TestNG.runSuites(TestNG.java:1049)
at org.testng.TestNG.run(TestNG.java:1017)
at org.apache.maven.surefire.testng.TestNGExecutor.run(TestNGExecutor.java:283)
at org.apache.maven.surefire.testng.TestNGXmlTestSuite.execute(TestNGXmlTestSuite.java:75)
at org.apache.maven.surefire.testng.TestNGProvider.invoke(TestNGProvider.java:120)
at org.apache.maven.surefire.booter.ForkedBooter.invokeProviderInSameClassLoader(ForkedBooter.java:386)
at org.apache.maven.surefire.booter.ForkedBooter.runSuitesInProcess(ForkedBooter.java:323)
at org.apache.maven.surefire.booter.ForkedBooter.main(ForkedBooter.java:143)
]]>
            </full-stacktrace>
          </exception> <!-- org.wso2.carbon.identity.template.mgt.exception.TemplateManagementClientException -->
          <reporter-output>
          </reporter-output>
        </test-method> <!-- testValidatingInputs -->
        <test-method status="PASS" signature="beforePowerMockTestMethod()[pri:0, instance:org.wso2.carbon.identity.template.mgt.TemplateManagerImplTest@7169d668]" name="beforePowerMockTestMethod" is-config="true" duration-ms="1" started-at="2018-11-12T04:21:51Z" finished-at="2018-11-12T04:21:51Z">
          <reporter-output>
          </reporter-output>
        </test-method> <!-- beforePowerMockTestMethod -->
        <test-method status="PASS" signature="tearDown()[pri:0, instance:org.wso2.carbon.identity.template.mgt.TemplateManagerImplTest@7169d668]" name="tearDown" is-config="true" duration-ms="0" started-at="2018-11-12T04:21:51Z" finished-at="2018-11-12T04:21:51Z">
          <reporter-output>
          </reporter-output>
        </test-method> <!-- tearDown -->
        <test-method status="PASS" signature="afterPowerMockTestMethod()[pri:0, instance:org.wso2.carbon.identity.template.mgt.TemplateManagerImplTest@7169d668]" name="afterPowerMockTestMethod" is-config="true" duration-ms="0" started-at="2018-11-12T04:21:51Z" finished-at="2018-11-12T04:21:51Z">
          <reporter-output>
          </reporter-output>
        </test-method> <!-- afterPowerMockTestMethod -->
        <test-method status="PASS" signature="setUp()[pri:0, instance:org.wso2.carbon.identity.template.mgt.TemplateManagerImplTest@7169d668]" name="setUp" is-config="true" duration-ms="5" started-at="2018-11-12T04:21:51Z" finished-at="2018-11-12T04:21:51Z">
          <reporter-output>
          </reporter-output>
        </test-method> <!-- setUp -->
        <test-method status="PASS" signature="testValidatingInputs(java.lang.Object)[pri:0, instance:org.wso2.carbon.identity.template.mgt.TemplateManagerImplTest@7169d668]" name="testValidatingInputs" duration-ms="1" started-at="2018-11-12T04:21:51Z" data-provider="validateInputsDataProvider" finished-at="2018-11-12T04:21:51Z">
          <params>
            <param index="0">
              <value>
                <![CDATA[org.wso2.carbon.identity.template.mgt.model.Template@564afc21]]>
              </value>
            </param>
          </params>
          <exception class="org.wso2.carbon.identity.template.mgt.exception.TemplateManagementClientException">
            <message>
              <![CDATA[Template script is required.]]>
            </message>
            <full-stacktrace>
              <![CDATA[org.wso2.carbon.identity.template.mgt.exception.TemplateManagementClientException: Template script is required.
at org.wso2.carbon.identity.template.mgt.util.TemplateMgtUtils.handleClientException(TemplateMgtUtils.java:68)
at org.wso2.carbon.identity.template.mgt.TemplateManagerImpl.validateInputParameters(TemplateManagerImpl.java:100)
at org.wso2.carbon.identity.template.mgt.TemplateManagerImpl.addTemplate(TemplateManagerImpl.java:48)
at org.wso2.carbon.identity.template.mgt.TemplateManagerImplTest.testValidatingInputs(TemplateManagerImplTest.java:324)
at sun.reflect.NativeMethodAccessorImpl.invoke0(Native Method)
at sun.reflect.NativeMethodAccessorImpl.invoke(NativeMethodAccessorImpl.java:62)
at sun.reflect.DelegatingMethodAccessorImpl.invoke(DelegatingMethodAccessorImpl.java:43)
at java.lang.reflect.Method.invoke(Method.java:498)
at org.testng.internal.MethodInvocationHelper.invokeMethod(MethodInvocationHelper.java:124)
at org.testng.internal.Invoker.invokeMethod(Invoker.java:583)
at org.testng.internal.Invoker.invokeTestMethod(Invoker.java:719)
at org.testng.internal.Invoker.invokeTestMethods(Invoker.java:989)
at org.testng.internal.TestMethodWorker.invokeTestMethods(TestMethodWorker.java:125)
at org.testng.internal.TestMethodWorker.run(TestMethodWorker.java:109)
at org.testng.TestRunner.privateRun(TestRunner.java:648)
at org.testng.TestRunner.run(TestRunner.java:505)
at org.testng.SuiteRunner.runTest(SuiteRunner.java:455)
at org.testng.SuiteRunner.runSequentially(SuiteRunner.java:450)
at org.testng.SuiteRunner.privateRun(SuiteRunner.java:415)
at org.testng.SuiteRunner.run(SuiteRunner.java:364)
at org.testng.SuiteRunnerWorker.runSuite(SuiteRunnerWorker.java:52)
at org.testng.SuiteRunnerWorker.run(SuiteRunnerWorker.java:84)
at org.testng.TestNG.runSuitesSequentially(TestNG.java:1208)
at org.testng.TestNG.runSuitesLocally(TestNG.java:1137)
at org.testng.TestNG.runSuites(TestNG.java:1049)
at org.testng.TestNG.run(TestNG.java:1017)
at org.apache.maven.surefire.testng.TestNGExecutor.run(TestNGExecutor.java:283)
at org.apache.maven.surefire.testng.TestNGXmlTestSuite.execute(TestNGXmlTestSuite.java:75)
at org.apache.maven.surefire.testng.TestNGProvider.invoke(TestNGProvider.java:120)
at org.apache.maven.surefire.booter.ForkedBooter.invokeProviderInSameClassLoader(ForkedBooter.java:386)
at org.apache.maven.surefire.booter.ForkedBooter.runSuitesInProcess(ForkedBooter.java:323)
at org.apache.maven.surefire.booter.ForkedBooter.main(ForkedBooter.java:143)
]]>
            </full-stacktrace>
          </exception> <!-- org.wso2.carbon.identity.template.mgt.exception.TemplateManagementClientException -->
          <reporter-output>
          </reporter-output>
        </test-method> <!-- testValidatingInputs -->
        <test-method status="PASS" signature="tearDown()[pri:0, instance:org.wso2.carbon.identity.template.mgt.TemplateManagerImplTest@7169d668]" name="tearDown" is-config="true" duration-ms="1" started-at="2018-11-12T04:21:51Z" finished-at="2018-11-12T04:21:51Z">
          <reporter-output>
          </reporter-output>
        </test-method> <!-- tearDown -->
        <test-method status="PASS" signature="afterPowerMockTestMethod()[pri:0, instance:org.wso2.carbon.identity.template.mgt.TemplateManagerImplTest@7169d668]" name="afterPowerMockTestMethod" is-config="true" duration-ms="0" started-at="2018-11-12T04:21:51Z" finished-at="2018-11-12T04:21:51Z">
          <reporter-output>
          </reporter-output>
        </test-method> <!-- afterPowerMockTestMethod -->
        <test-method status="PASS" signature="beforePowerMockTestMethod()[pri:0, instance:org.wso2.carbon.identity.template.mgt.TemplateManagerImplTest@7169d668]" name="beforePowerMockTestMethod" is-config="true" duration-ms="1" started-at="2018-11-12T04:21:51Z" finished-at="2018-11-12T04:21:51Z">
          <reporter-output>
          </reporter-output>
        </test-method> <!-- beforePowerMockTestMethod -->
        <test-method status="PASS" signature="setUp()[pri:0, instance:org.wso2.carbon.identity.template.mgt.TemplateManagerImplTest@7169d668]" name="setUp" is-config="true" duration-ms="5" started-at="2018-11-12T04:21:51Z" finished-at="2018-11-12T04:21:51Z">
          <reporter-output>
          </reporter-output>
        </test-method> <!-- setUp -->
        <test-method status="PASS" signature="testValidatingInputs(java.lang.Object)[pri:0, instance:org.wso2.carbon.identity.template.mgt.TemplateManagerImplTest@7169d668]" name="testValidatingInputs" duration-ms="1" started-at="2018-11-12T04:21:51Z" data-provider="validateInputsDataProvider" finished-at="2018-11-12T04:21:51Z">
          <params>
            <param index="0">
              <value>
                <![CDATA[org.wso2.carbon.identity.template.mgt.model.Template@5b7862d]]>
              </value>
            </param>
          </params>
          <exception class="org.wso2.carbon.identity.template.mgt.exception.TemplateManagementClientException">
            <message>
              <![CDATA[Template name is required.]]>
            </message>
            <full-stacktrace>
              <![CDATA[org.wso2.carbon.identity.template.mgt.exception.TemplateManagementClientException: Template name is required.
at org.wso2.carbon.identity.template.mgt.util.TemplateMgtUtils.handleClientException(TemplateMgtUtils.java:68)
at org.wso2.carbon.identity.template.mgt.TemplateManagerImpl.validateInputParameters(TemplateManagerImpl.java:93)
at org.wso2.carbon.identity.template.mgt.TemplateManagerImpl.addTemplate(TemplateManagerImpl.java:48)
at org.wso2.carbon.identity.template.mgt.TemplateManagerImplTest.testValidatingInputs(TemplateManagerImplTest.java:324)
at sun.reflect.NativeMethodAccessorImpl.invoke0(Native Method)
at sun.reflect.NativeMethodAccessorImpl.invoke(NativeMethodAccessorImpl.java:62)
at sun.reflect.DelegatingMethodAccessorImpl.invoke(DelegatingMethodAccessorImpl.java:43)
at java.lang.reflect.Method.invoke(Method.java:498)
at org.testng.internal.MethodInvocationHelper.invokeMethod(MethodInvocationHelper.java:124)
at org.testng.internal.Invoker.invokeMethod(Invoker.java:583)
at org.testng.internal.Invoker.invokeTestMethod(Invoker.java:719)
at org.testng.internal.Invoker.invokeTestMethods(Invoker.java:989)
at org.testng.internal.TestMethodWorker.invokeTestMethods(TestMethodWorker.java:125)
at org.testng.internal.TestMethodWorker.run(TestMethodWorker.java:109)
at org.testng.TestRunner.privateRun(TestRunner.java:648)
at org.testng.TestRunner.run(TestRunner.java:505)
at org.testng.SuiteRunner.runTest(SuiteRunner.java:455)
at org.testng.SuiteRunner.runSequentially(SuiteRunner.java:450)
at org.testng.SuiteRunner.privateRun(SuiteRunner.java:415)
at org.testng.SuiteRunner.run(SuiteRunner.java:364)
at org.testng.SuiteRunnerWorker.runSuite(SuiteRunnerWorker.java:52)
at org.testng.SuiteRunnerWorker.run(SuiteRunnerWorker.java:84)
at org.testng.TestNG.runSuitesSequentially(TestNG.java:1208)
at org.testng.TestNG.runSuitesLocally(TestNG.java:1137)
at org.testng.TestNG.runSuites(TestNG.java:1049)
at org.testng.TestNG.run(TestNG.java:1017)
at org.apache.maven.surefire.testng.TestNGExecutor.run(TestNGExecutor.java:283)
at org.apache.maven.surefire.testng.TestNGXmlTestSuite.execute(TestNGXmlTestSuite.java:75)
at org.apache.maven.surefire.testng.TestNGProvider.invoke(TestNGProvider.java:120)
at org.apache.maven.surefire.booter.ForkedBooter.invokeProviderInSameClassLoader(ForkedBooter.java:386)
at org.apache.maven.surefire.booter.ForkedBooter.runSuitesInProcess(ForkedBooter.java:323)
at org.apache.maven.surefire.booter.ForkedBooter.main(ForkedBooter.java:143)
]]>
            </full-stacktrace>
          </exception> <!-- org.wso2.carbon.identity.template.mgt.exception.TemplateManagementClientException -->
          <reporter-output>
          </reporter-output>
        </test-method> <!-- testValidatingInputs -->
        <test-method status="PASS" signature="beforePowerMockTestMethod()[pri:0, instance:org.wso2.carbon.identity.template.mgt.TemplateManagerImplTest@7169d668]" name="beforePowerMockTestMethod" is-config="true" duration-ms="1" started-at="2018-11-12T04:21:51Z" finished-at="2018-11-12T04:21:51Z">
          <reporter-output>
          </reporter-output>
        </test-method> <!-- beforePowerMockTestMethod -->
        <test-method status="PASS" signature="tearDown()[pri:0, instance:org.wso2.carbon.identity.template.mgt.TemplateManagerImplTest@7169d668]" name="tearDown" is-config="true" duration-ms="0" started-at="2018-11-12T04:21:51Z" finished-at="2018-11-12T04:21:51Z">
          <reporter-output>
          </reporter-output>
        </test-method> <!-- tearDown -->
        <test-method status="PASS" signature="afterPowerMockTestMethod()[pri:0, instance:org.wso2.carbon.identity.template.mgt.TemplateManagerImplTest@7169d668]" name="afterPowerMockTestMethod" is-config="true" duration-ms="0" started-at="2018-11-12T04:21:51Z" finished-at="2018-11-12T04:21:51Z">
          <reporter-output>
          </reporter-output>
        </test-method> <!-- afterPowerMockTestMethod -->
        <test-method status="PASS" signature="setUp()[pri:0, instance:org.wso2.carbon.identity.template.mgt.TemplateManagerImplTest@7169d668]" name="setUp" is-config="true" duration-ms="5" started-at="2018-11-12T04:21:51Z" finished-at="2018-11-12T04:21:51Z">
          <reporter-output>
          </reporter-output>
        </test-method> <!-- setUp -->
        <test-method status="PASS" signature="testvalidatingPaginationParameters()[pri:0, instance:org.wso2.carbon.identity.template.mgt.TemplateManagerImplTest@7169d668]" name="testvalidatingPaginationParameters" duration-ms="0" started-at="2018-11-12T04:21:51Z" finished-at="2018-11-12T04:21:51Z">
          <exception class="org.wso2.carbon.identity.template.mgt.exception.TemplateManagementClientException">
            <message>
              <![CDATA[Limit or offset values cannot be negative.]]>
            </message>
            <full-stacktrace>
              <![CDATA[org.wso2.carbon.identity.template.mgt.exception.TemplateManagementClientException: Limit or offset values cannot be negative.
at org.wso2.carbon.identity.template.mgt.util.TemplateMgtUtils.handleClientException(TemplateMgtUtils.java:68)
at org.wso2.carbon.identity.template.mgt.TemplateManagerImpl.validatePaginationParameters(TemplateManagerImpl.java:112)
at org.wso2.carbon.identity.template.mgt.TemplateManagerImpl.listTemplates(TemplateManagerImpl.java:75)
at org.wso2.carbon.identity.template.mgt.TemplateManagerImplTest.testvalidatingPaginationParameters(TemplateManagerImplTest.java:378)
at sun.reflect.NativeMethodAccessorImpl.invoke0(Native Method)
at sun.reflect.NativeMethodAccessorImpl.invoke(NativeMethodAccessorImpl.java:62)
at sun.reflect.DelegatingMethodAccessorImpl.invoke(DelegatingMethodAccessorImpl.java:43)
at java.lang.reflect.Method.invoke(Method.java:498)
at org.testng.internal.MethodInvocationHelper.invokeMethod(MethodInvocationHelper.java:124)
at org.testng.internal.Invoker.invokeMethod(Invoker.java:583)
at org.testng.internal.Invoker.invokeTestMethod(Invoker.java:719)
at org.testng.internal.Invoker.invokeTestMethods(Invoker.java:989)
at org.testng.internal.TestMethodWorker.invokeTestMethods(TestMethodWorker.java:125)
at org.testng.internal.TestMethodWorker.run(TestMethodWorker.java:109)
at org.testng.TestRunner.privateRun(TestRunner.java:648)
at org.testng.TestRunner.run(TestRunner.java:505)
at org.testng.SuiteRunner.runTest(SuiteRunner.java:455)
at org.testng.SuiteRunner.runSequentially(SuiteRunner.java:450)
at org.testng.SuiteRunner.privateRun(SuiteRunner.java:415)
at org.testng.SuiteRunner.run(SuiteRunner.java:364)
at org.testng.SuiteRunnerWorker.runSuite(SuiteRunnerWorker.java:52)
at org.testng.SuiteRunnerWorker.run(SuiteRunnerWorker.java:84)
at org.testng.TestNG.runSuitesSequentially(TestNG.java:1208)
at org.testng.TestNG.runSuitesLocally(TestNG.java:1137)
at org.testng.TestNG.runSuites(TestNG.java:1049)
at org.testng.TestNG.run(TestNG.java:1017)
at org.apache.maven.surefire.testng.TestNGExecutor.run(TestNGExecutor.java:283)
at org.apache.maven.surefire.testng.TestNGXmlTestSuite.execute(TestNGXmlTestSuite.java:75)
at org.apache.maven.surefire.testng.TestNGProvider.invoke(TestNGProvider.java:120)
at org.apache.maven.surefire.booter.ForkedBooter.invokeProviderInSameClassLoader(ForkedBooter.java:386)
at org.apache.maven.surefire.booter.ForkedBooter.runSuitesInProcess(ForkedBooter.java:323)
at org.apache.maven.surefire.booter.ForkedBooter.main(ForkedBooter.java:143)
]]>
            </full-stacktrace>
          </exception> <!-- org.wso2.carbon.identity.template.mgt.exception.TemplateManagementClientException -->
          <reporter-output>
          </reporter-output>
        </test-method> <!-- testvalidatingPaginationParameters -->
        <test-method status="PASS" signature="afterPowerMockTestClass()[pri:0, instance:org.wso2.carbon.identity.template.mgt.TemplateManagerImplTest@7169d668]" name="afterPowerMockTestClass" is-config="true" duration-ms="0" started-at="2018-11-12T04:21:51Z" finished-at="2018-11-12T04:21:51Z">
          <reporter-output>
          </reporter-output>
        </test-method> <!-- afterPowerMockTestClass -->
        <test-method status="PASS" signature="afterPowerMockTestMethod()[pri:0, instance:org.wso2.carbon.identity.template.mgt.TemplateManagerImplTest@7169d668]" name="afterPowerMockTestMethod" is-config="true" duration-ms="0" started-at="2018-11-12T04:21:51Z" finished-at="2018-11-12T04:21:51Z">
          <reporter-output>
          </reporter-output>
        </test-method> <!-- afterPowerMockTestMethod -->
        <test-method status="PASS" signature="tearDown()[pri:0, instance:org.wso2.carbon.identity.template.mgt.TemplateManagerImplTest@7169d668]" name="tearDown" is-config="true" duration-ms="0" started-at="2018-11-12T04:21:51Z" finished-at="2018-11-12T04:21:51Z">
          <reporter-output>
          </reporter-output>
        </test-method> <!-- tearDown -->
      </class> <!-- org.wso2.carbon.identity.template.mgt.TemplateManagerImplTest -->
      <class name="org.wso2.carbon.identity.template.mgt.dao.impl.TemplateManagerDAOImplTest">
        <test-method status="PASS" signature="beforePowerMockTestClass()[pri:0, instance:org.wso2.carbon.identity.template.mgt.dao.impl.TemplateManagerDAOImplTest@314c28dc]" name="beforePowerMockTestClass" is-config="true" duration-ms="33" started-at="2018-11-12T04:21:47Z" finished-at="2018-11-12T04:21:47Z">
          <reporter-output>
          </reporter-output>
        </test-method> <!-- beforePowerMockTestClass -->
        <test-method status="PASS" signature="beforePowerMockTestMethod()[pri:0, instance:org.wso2.carbon.identity.template.mgt.dao.impl.TemplateManagerDAOImplTest@314c28dc]" name="beforePowerMockTestMethod" is-config="true" duration-ms="248" started-at="2018-11-12T04:21:47Z" finished-at="2018-11-12T04:21:47Z">
          <reporter-output>
          </reporter-output>
        </test-method> <!-- beforePowerMockTestMethod -->
        <test-method status="PASS" signature="setUp()[pri:0, instance:org.wso2.carbon.identity.template.mgt.dao.impl.TemplateManagerDAOImplTest@314c28dc]" name="setUp" is-config="true" duration-ms="761" started-at="2018-11-12T04:21:47Z" finished-at="2018-11-12T04:21:48Z">
          <reporter-output>
          </reporter-output>
        </test-method> <!-- setUp -->
        <test-method status="PASS" signature="testAddTemplate(java.lang.Object)[pri:0, instance:org.wso2.carbon.identity.template.mgt.dao.impl.TemplateManagerDAOImplTest@314c28dc]" name="testAddTemplate" duration-ms="445" started-at="2018-11-12T04:21:48Z" data-provider="TemplateDataProvider" finished-at="2018-11-12T04:21:48Z">
          <params>
            <param index="0">
              <value>
                <![CDATA[org.wso2.carbon.identity.template.mgt.model.Template@4f4ba7d7]]>
              </value>
            </param>
          </params>
          <reporter-output>
          </reporter-output>
        </test-method> <!-- testAddTemplate -->
        <test-method status="PASS" signature="tearDown()[pri:0, instance:org.wso2.carbon.identity.template.mgt.dao.impl.TemplateManagerDAOImplTest@314c28dc]" name="tearDown" is-config="true" duration-ms="1" started-at="2018-11-12T04:21:48Z" finished-at="2018-11-12T04:21:48Z">
          <reporter-output>
          </reporter-output>
        </test-method> <!-- tearDown -->
        <test-method status="PASS" signature="afterPowerMockTestMethod()[pri:0, instance:org.wso2.carbon.identity.template.mgt.dao.impl.TemplateManagerDAOImplTest@314c28dc]" name="afterPowerMockTestMethod" is-config="true" duration-ms="5" started-at="2018-11-12T04:21:48Z" finished-at="2018-11-12T04:21:48Z">
          <reporter-output>
          </reporter-output>
        </test-method> <!-- afterPowerMockTestMethod -->
        <test-method status="PASS" signature="beforePowerMockTestMethod()[pri:0, instance:org.wso2.carbon.identity.template.mgt.dao.impl.TemplateManagerDAOImplTest@314c28dc]" name="beforePowerMockTestMethod" is-config="true" duration-ms="1" started-at="2018-11-12T04:21:48Z" finished-at="2018-11-12T04:21:48Z">
          <reporter-output>
          </reporter-output>
        </test-method> <!-- beforePowerMockTestMethod -->
        <test-method status="PASS" signature="setUp()[pri:0, instance:org.wso2.carbon.identity.template.mgt.dao.impl.TemplateManagerDAOImplTest@314c28dc]" name="setUp" is-config="true" duration-ms="8" started-at="2018-11-12T04:21:48Z" finished-at="2018-11-12T04:21:48Z">
          <reporter-output>
          </reporter-output>
        </test-method> <!-- setUp -->
        <test-method status="PASS" signature="testAddTemplate(java.lang.Object)[pri:0, instance:org.wso2.carbon.identity.template.mgt.dao.impl.TemplateManagerDAOImplTest@314c28dc]" name="testAddTemplate" duration-ms="2" started-at="2018-11-12T04:21:48Z" data-provider="TemplateDataProvider" finished-at="2018-11-12T04:21:48Z">
          <params>
            <param index="0">
              <value>
                <![CDATA[org.wso2.carbon.identity.template.mgt.model.Template@320186c2]]>
              </value>
            </param>
          </params>
          <reporter-output>
          </reporter-output>
        </test-method> <!-- testAddTemplate -->
        <test-method status="PASS" signature="tearDown()[pri:0, instance:org.wso2.carbon.identity.template.mgt.dao.impl.TemplateManagerDAOImplTest@314c28dc]" name="tearDown" is-config="true" duration-ms="1" started-at="2018-11-12T04:21:48Z" finished-at="2018-11-12T04:21:48Z">
          <reporter-output>
          </reporter-output>
        </test-method> <!-- tearDown -->
        <test-method status="PASS" signature="afterPowerMockTestMethod()[pri:0, instance:org.wso2.carbon.identity.template.mgt.dao.impl.TemplateManagerDAOImplTest@314c28dc]" name="afterPowerMockTestMethod" is-config="true" duration-ms="0" started-at="2018-11-12T04:21:48Z" finished-at="2018-11-12T04:21:48Z">
          <reporter-output>
          </reporter-output>
        </test-method> <!-- afterPowerMockTestMethod -->
        <test-method status="PASS" signature="beforePowerMockTestMethod()[pri:0, instance:org.wso2.carbon.identity.template.mgt.dao.impl.TemplateManagerDAOImplTest@314c28dc]" name="beforePowerMockTestMethod" is-config="true" duration-ms="1" started-at="2018-11-12T04:21:48Z" finished-at="2018-11-12T04:21:48Z">
          <reporter-output>
          </reporter-output>
        </test-method> <!-- beforePowerMockTestMethod -->
        <test-method status="PASS" signature="setUp()[pri:0, instance:org.wso2.carbon.identity.template.mgt.dao.impl.TemplateManagerDAOImplTest@314c28dc]" name="setUp" is-config="true" duration-ms="8" started-at="2018-11-12T04:21:48Z" finished-at="2018-11-12T04:21:48Z">
          <reporter-output>
          </reporter-output>
        </test-method> <!-- setUp -->
        <test-method status="PASS" signature="testAddTemplate(java.lang.Object)[pri:0, instance:org.wso2.carbon.identity.template.mgt.dao.impl.TemplateManagerDAOImplTest@314c28dc]" name="testAddTemplate" duration-ms="2" started-at="2018-11-12T04:21:48Z" data-provider="TemplateDataProvider" finished-at="2018-11-12T04:21:48Z">
          <params>
            <param index="0">
              <value>
                <![CDATA[org.wso2.carbon.identity.template.mgt.model.Template@675783ed]]>
              </value>
            </param>
          </params>
          <reporter-output>
          </reporter-output>
        </test-method> <!-- testAddTemplate -->
        <test-method status="PASS" signature="afterPowerMockTestMethod()[pri:0, instance:org.wso2.carbon.identity.template.mgt.dao.impl.TemplateManagerDAOImplTest@314c28dc]" name="afterPowerMockTestMethod" is-config="true" duration-ms="1" started-at="2018-11-12T04:21:49Z" finished-at="2018-11-12T04:21:49Z">
          <reporter-output>
          </reporter-output>
        </test-method> <!-- afterPowerMockTestMethod -->
        <test-method status="PASS" signature="tearDown()[pri:0, instance:org.wso2.carbon.identity.template.mgt.dao.impl.TemplateManagerDAOImplTest@314c28dc]" name="tearDown" is-config="true" duration-ms="0" started-at="2018-11-12T04:21:49Z" finished-at="2018-11-12T04:21:49Z">
          <reporter-output>
          </reporter-output>
        </test-method> <!-- tearDown -->
        <test-method status="PASS" signature="beforePowerMockTestMethod()[pri:0, instance:org.wso2.carbon.identity.template.mgt.dao.impl.TemplateManagerDAOImplTest@314c28dc]" name="beforePowerMockTestMethod" is-config="true" duration-ms="1" started-at="2018-11-12T04:21:49Z" finished-at="2018-11-12T04:21:49Z">
          <reporter-output>
          </reporter-output>
        </test-method> <!-- beforePowerMockTestMethod -->
        <test-method status="PASS" signature="setUp()[pri:0, instance:org.wso2.carbon.identity.template.mgt.dao.impl.TemplateManagerDAOImplTest@314c28dc]" name="setUp" is-config="true" duration-ms="8" started-at="2018-11-12T04:21:49Z" finished-at="2018-11-12T04:21:49Z">
          <reporter-output>
          </reporter-output>
        </test-method> <!-- setUp -->
        <test-method status="PASS" signature="testAddTemplateServerException(java.lang.Object)[pri:0, instance:org.wso2.carbon.identity.template.mgt.dao.impl.TemplateManagerDAOImplTest@314c28dc]" name="testAddTemplateServerException" duration-ms="9" started-at="2018-11-12T04:21:49Z" data-provider="TemplateDataProvider" finished-at="2018-11-12T04:21:49Z">
          <params>
            <param index="0">
              <value>
                <![CDATA[org.wso2.carbon.identity.template.mgt.model.Template@3e892a93]]>
              </value>
            </param>
          </params>
          <exception class="org.wso2.carbon.identity.template.mgt.exception.TemplateManagementServerException">
            <message>
              <![CDATA[Error occurred while adding the template: T1.]]>
            </message>
            <full-stacktrace>
              <![CDATA[org.wso2.carbon.identity.template.mgt.exception.TemplateManagementServerException: Error occurred while adding the template: T1.
at org.wso2.carbon.identity.template.mgt.util.TemplateMgtUtils.handleServerException(TemplateMgtUtils.java:47)
at org.wso2.carbon.identity.template.mgt.dao.impl.TemplateManagerDAOImpl.addTemplate(TemplateManagerDAOImpl.java:73)
at org.wso2.carbon.identity.template.mgt.dao.impl.TemplateManagerDAOImplTest.testAddTemplateServerException(TemplateManagerDAOImplTest.java:207)
at sun.reflect.NativeMethodAccessorImpl.invoke0(Native Method)
at sun.reflect.NativeMethodAccessorImpl.invoke(NativeMethodAccessorImpl.java:62)
at sun.reflect.DelegatingMethodAccessorImpl.invoke(DelegatingMethodAccessorImpl.java:43)
at java.lang.reflect.Method.invoke(Method.java:498)
at org.testng.internal.MethodInvocationHelper.invokeMethod(MethodInvocationHelper.java:124)
at org.testng.internal.Invoker.invokeMethod(Invoker.java:583)
at org.testng.internal.Invoker.invokeTestMethod(Invoker.java:719)
at org.testng.internal.Invoker.invokeTestMethods(Invoker.java:989)
at org.testng.internal.TestMethodWorker.invokeTestMethods(TestMethodWorker.java:125)
at org.testng.internal.TestMethodWorker.run(TestMethodWorker.java:109)
at org.testng.TestRunner.privateRun(TestRunner.java:648)
at org.testng.TestRunner.run(TestRunner.java:505)
at org.testng.SuiteRunner.runTest(SuiteRunner.java:455)
at org.testng.SuiteRunner.runSequentially(SuiteRunner.java:450)
at org.testng.SuiteRunner.privateRun(SuiteRunner.java:415)
at org.testng.SuiteRunner.run(SuiteRunner.java:364)
at org.testng.SuiteRunnerWorker.runSuite(SuiteRunnerWorker.java:52)
at org.testng.SuiteRunnerWorker.run(SuiteRunnerWorker.java:84)
at org.testng.TestNG.runSuitesSequentially(TestNG.java:1208)
at org.testng.TestNG.runSuitesLocally(TestNG.java:1137)
at org.testng.TestNG.runSuites(TestNG.java:1049)
at org.testng.TestNG.run(TestNG.java:1017)
at org.apache.maven.surefire.testng.TestNGExecutor.run(TestNGExecutor.java:283)
at org.apache.maven.surefire.testng.TestNGXmlTestSuite.execute(TestNGXmlTestSuite.java:75)
at org.apache.maven.surefire.testng.TestNGProvider.invoke(TestNGProvider.java:120)
at org.apache.maven.surefire.booter.ForkedBooter.invokeProviderInSameClassLoader(ForkedBooter.java:386)
at org.apache.maven.surefire.booter.ForkedBooter.runSuitesInProcess(ForkedBooter.java:323)
at org.apache.maven.surefire.booter.ForkedBooter.main(ForkedBooter.java:143)
Caused by: org.wso2.carbon.database.utils.jdbc.exceptions.DataAccessException: Error in performing Database query: '%s'INSERT INTO IDN_TEMPLATE_MGT (TENANT_ID, NAME, DESCRIPTION, TEMPLATE_SCRIPT) VALUES (?,?,?,?  )
at org.wso2.carbon.database.utils.jdbc.JdbcTemplate.executeUpdate(JdbcTemplate.java:230)
at org.wso2.carbon.identity.template.mgt.dao.impl.TemplateManagerDAOImpl.addTemplate(TemplateManagerDAOImpl.java:53)
... 29 more
Caused by: java.sql.SQLException: Connection is closed.
at org.apache.commons.dbcp.PoolingDataSource$PoolGuardConnectionWrapper.checkOpen(PoolingDataSource.java:185)
at org.apache.commons.dbcp.PoolingDataSource$PoolGuardConnectionWrapper.prepareStatement(PoolingDataSource.java:312)
at org.wso2.carbon.database.utils.jdbc.JdbcTemplate.executeUpdate(JdbcTemplate.java:219)
... 30 more
]]>
            </full-stacktrace>
          </exception> <!-- org.wso2.carbon.identity.template.mgt.exception.TemplateManagementServerException -->
          <reporter-output>
          </reporter-output>
        </test-method> <!-- testAddTemplateServerException -->
        <test-method status="PASS" signature="tearDown()[pri:0, instance:org.wso2.carbon.identity.template.mgt.dao.impl.TemplateManagerDAOImplTest@314c28dc]" name="tearDown" is-config="true" duration-ms="1" started-at="2018-11-12T04:21:49Z" finished-at="2018-11-12T04:21:49Z">
          <reporter-output>
          </reporter-output>
        </test-method> <!-- tearDown -->
        <test-method status="PASS" signature="afterPowerMockTestMethod()[pri:0, instance:org.wso2.carbon.identity.template.mgt.dao.impl.TemplateManagerDAOImplTest@314c28dc]" name="afterPowerMockTestMethod" is-config="true" duration-ms="0" started-at="2018-11-12T04:21:49Z" finished-at="2018-11-12T04:21:49Z">
          <reporter-output>
          </reporter-output>
        </test-method> <!-- afterPowerMockTestMethod -->
        <test-method status="PASS" signature="beforePowerMockTestMethod()[pri:0, instance:org.wso2.carbon.identity.template.mgt.dao.impl.TemplateManagerDAOImplTest@314c28dc]" name="beforePowerMockTestMethod" is-config="true" duration-ms="1" started-at="2018-11-12T04:21:49Z" finished-at="2018-11-12T04:21:49Z">
          <reporter-output>
          </reporter-output>
        </test-method> <!-- beforePowerMockTestMethod -->
        <test-method status="PASS" signature="setUp()[pri:0, instance:org.wso2.carbon.identity.template.mgt.dao.impl.TemplateManagerDAOImplTest@314c28dc]" name="setUp" is-config="true" duration-ms="8" started-at="2018-11-12T04:21:49Z" finished-at="2018-11-12T04:21:49Z">
          <reporter-output>
          </reporter-output>
        </test-method> <!-- setUp -->
        <test-method status="PASS" signature="testAddTemplateServerException(java.lang.Object)[pri:0, instance:org.wso2.carbon.identity.template.mgt.dao.impl.TemplateManagerDAOImplTest@314c28dc]" name="testAddTemplateServerException" duration-ms="2" started-at="2018-11-12T04:21:49Z" data-provider="TemplateDataProvider" finished-at="2018-11-12T04:21:49Z">
          <params>
            <param index="0">
              <value>
                <![CDATA[org.wso2.carbon.identity.template.mgt.model.Template@7d702767]]>
              </value>
            </param>
          </params>
          <exception class="org.wso2.carbon.identity.template.mgt.exception.TemplateManagementServerException">
            <message>
              <![CDATA[Error occurred while adding the template: T2.]]>
            </message>
            <full-stacktrace>
              <![CDATA[org.wso2.carbon.identity.template.mgt.exception.TemplateManagementServerException: Error occurred while adding the template: T2.
at org.wso2.carbon.identity.template.mgt.util.TemplateMgtUtils.handleServerException(TemplateMgtUtils.java:47)
at org.wso2.carbon.identity.template.mgt.dao.impl.TemplateManagerDAOImpl.addTemplate(TemplateManagerDAOImpl.java:73)
at org.wso2.carbon.identity.template.mgt.dao.impl.TemplateManagerDAOImplTest.testAddTemplateServerException(TemplateManagerDAOImplTest.java:207)
at sun.reflect.NativeMethodAccessorImpl.invoke0(Native Method)
at sun.reflect.NativeMethodAccessorImpl.invoke(NativeMethodAccessorImpl.java:62)
at sun.reflect.DelegatingMethodAccessorImpl.invoke(DelegatingMethodAccessorImpl.java:43)
at java.lang.reflect.Method.invoke(Method.java:498)
at org.testng.internal.MethodInvocationHelper.invokeMethod(MethodInvocationHelper.java:124)
at org.testng.internal.Invoker.invokeMethod(Invoker.java:583)
at org.testng.internal.Invoker.invokeTestMethod(Invoker.java:719)
at org.testng.internal.Invoker.invokeTestMethods(Invoker.java:989)
at org.testng.internal.TestMethodWorker.invokeTestMethods(TestMethodWorker.java:125)
at org.testng.internal.TestMethodWorker.run(TestMethodWorker.java:109)
at org.testng.TestRunner.privateRun(TestRunner.java:648)
at org.testng.TestRunner.run(TestRunner.java:505)
at org.testng.SuiteRunner.runTest(SuiteRunner.java:455)
at org.testng.SuiteRunner.runSequentially(SuiteRunner.java:450)
at org.testng.SuiteRunner.privateRun(SuiteRunner.java:415)
at org.testng.SuiteRunner.run(SuiteRunner.java:364)
at org.testng.SuiteRunnerWorker.runSuite(SuiteRunnerWorker.java:52)
at org.testng.SuiteRunnerWorker.run(SuiteRunnerWorker.java:84)
at org.testng.TestNG.runSuitesSequentially(TestNG.java:1208)
at org.testng.TestNG.runSuitesLocally(TestNG.java:1137)
at org.testng.TestNG.runSuites(TestNG.java:1049)
at org.testng.TestNG.run(TestNG.java:1017)
at org.apache.maven.surefire.testng.TestNGExecutor.run(TestNGExecutor.java:283)
at org.apache.maven.surefire.testng.TestNGXmlTestSuite.execute(TestNGXmlTestSuite.java:75)
at org.apache.maven.surefire.testng.TestNGProvider.invoke(TestNGProvider.java:120)
at org.apache.maven.surefire.booter.ForkedBooter.invokeProviderInSameClassLoader(ForkedBooter.java:386)
at org.apache.maven.surefire.booter.ForkedBooter.runSuitesInProcess(ForkedBooter.java:323)
at org.apache.maven.surefire.booter.ForkedBooter.main(ForkedBooter.java:143)
Caused by: org.wso2.carbon.database.utils.jdbc.exceptions.DataAccessException: Error in performing Database query: '%s'INSERT INTO IDN_TEMPLATE_MGT (TENANT_ID, NAME, DESCRIPTION, TEMPLATE_SCRIPT) VALUES (?,?,?,?  )
at org.wso2.carbon.database.utils.jdbc.JdbcTemplate.executeUpdate(JdbcTemplate.java:230)
at org.wso2.carbon.identity.template.mgt.dao.impl.TemplateManagerDAOImpl.addTemplate(TemplateManagerDAOImpl.java:53)
... 29 more
Caused by: java.sql.SQLException: Connection is closed.
at org.apache.commons.dbcp.PoolingDataSource$PoolGuardConnectionWrapper.checkOpen(PoolingDataSource.java:185)
[...]
              </value>
            </param>
            <param index="2">
              <value>
                <![CDATA[org.wso2.carbon.identity.template.mgt.model.Template@6facca85]]>
              </value>
            </param>
          </params>
          <exception class="org.wso2.carbon.identity.template.mgt.exception.TemplateManagementServerException">
            <message>
              <![CDATA[Error occurred while updating the template: T1 Updated.]]>
            </message>
            <full-stacktrace>
              <![CDATA[org.wso2.carbon.identity.template.mgt.exception.TemplateManagementServerException: Error occurred while updating the template: T1 Updated.
at org.wso2.carbon.identity.template.mgt.util.TemplateMgtUtils.handleServerException(TemplateMgtUtils.java:47)
at org.wso2.carbon.identity.template.mgt.dao.impl.TemplateManagerDAOImpl.updateTemplate(TemplateManagerDAOImpl.java:196)
at org.wso2.carbon.identity.template.mgt.dao.impl.TemplateManagerDAOImplTest.testUpdateTemplateServerException(TemplateManagerDAOImplTest.java:241)
at sun.reflect.NativeMethodAccessorImpl.invoke0(Native Method)
at sun.reflect.NativeMethodAccessorImpl.invoke(NativeMethodAccessorImpl.java:62)
at sun.reflect.DelegatingMethodAccessorImpl.invoke(DelegatingMethodAccessorImpl.java:43)
at java.lang.reflect.Method.invoke(Method.java:498)
at org.testng.internal.MethodInvocationHelper.invokeMethod(MethodInvocationHelper.java:124)
at org.testng.internal.Invoker.invokeMethod(Invoker.java:583)
at org.testng.internal.Invoker.invokeTestMethod(Invoker.java:719)
at org.testng.internal.Invoker.invokeTestMethods(Invoker.java:989)
at org.testng.internal.TestMethodWorker.invokeTestMethods(TestMethodWorker.java:125)
at org.testng.internal.TestMethodWorker.run(TestMethodWorker.java:109)
at org.testng.TestRunner.privateRun(TestRunner.java:648)
at org.testng.TestRunner.run(TestRunner.java:505)
at org.testng.SuiteRunner.runTest(SuiteRunner.java:455)
at org.testng.SuiteRunner.runSequentially(SuiteRunner.java:450)
at org.testng.SuiteRunner.privateRun(SuiteRunner.java:415)
at org.testng.SuiteRunner.run(SuiteRunner.java:364)
at org.testng.SuiteRunnerWorker.runSuite(SuiteRunnerWorker.java:52)
at org.testng.SuiteRunnerWorker.run(SuiteRunnerWorker.java:84)
at org.testng.TestNG.runSuitesSequentially(TestNG.java:1208)
at org.testng.TestNG.runSuitesLocally(TestNG.java:1137)
at org.testng.TestNG.runSuites(TestNG.java:1049)
at org.testng.TestNG.run(TestNG.java:1017)
at org.apache.maven.surefire.testng.TestNGExecutor.run(TestNGExecutor.java:283)
at org.apache.maven.surefire.testng.TestNGXmlTestSuite.execute(TestNGXmlTestSuite.java:75)
at org.apache.maven.surefire.testng.TestNGProvider.invoke(TestNGProvider.java:120)
at org.apache.maven.surefire.booter.ForkedBooter.invokeProviderInSameClassLoader(ForkedBooter.java:386)
at org.apache.maven.surefire.booter.ForkedBooter.runSuitesInProcess(ForkedBooter.java:323)
at org.apache.maven.surefire.booter.ForkedBooter.main(ForkedBooter.java:143)
Caused by: org.wso2.carbon.database.utils.jdbc.exceptions.DataAccessException: Error in performing Database query: '%s'UPDATE IDN_TEMPLATE_MGT SET NAME= ?, DESCRIPTION= ?, TEMPLATE_SCRIPT= ? WHERE TENANT_ID= ? AND NAME = ?
at org.wso2.carbon.database.utils.jdbc.JdbcTemplate.executeUpdate(JdbcTemplate.java:230)
at org.wso2.carbon.identity.template.mgt.dao.impl.TemplateManagerDAOImpl.updateTemplate(TemplateManagerDAOImpl.java:183)
... 29 more
Caused by: java.sql.SQLException: Connection is closed.
at org.apache.commons.dbcp.PoolingDataSource$PoolGuardConnectionWrapper.checkOpen(PoolingDataSource.java:185)
at org.apache.commons.dbcp.PoolingDataSource$PoolGuardConnectionWrapper.prepareStatement(PoolingDataSource.java:312)
at org.wso2.carbon.database.utils.jdbc.JdbcTemplate.executeUpdate(JdbcTemplate.java:219)
... 30 more
]]>
            </full-stacktrace>
          </exception> <!-- org.wso2.carbon.identity.template.mgt.exception.TemplateManagementServerException -->
          <reporter-output>
          </reporter-output>
        </test-method> <!-- testUpdateTemplateServerException -->
        <test-method status="PASS" signature="tearDown()[pri:0, instance:org.wso2.carbon.identity.template.mgt.dao.impl.TemplateManagerDAOImplTest@314c28dc]" name="tearDown" is-config="true" duration-ms="1" started-at="2018-11-12T04:21:49Z" finished-at="2018-11-12T04:21:49Z">
          <reporter-output>
          </reporter-output>
        </test-method> <!-- tearDown -->
        <test-method status="PASS" signature="afterPowerMockTestMethod()[pri:0, instance:org.wso2.carbon.identity.template.mgt.dao.impl.TemplateManagerDAOImplTest@314c28dc]" name="afterPowerMockTestMethod" is-config="true" duration-ms="1" started-at="2018-11-12T04:21:49Z" finished-at="2018-11-12T04:21:49Z">
          <reporter-output>
          </reporter-output>
        </test-method> <!-- afterPowerMockTestMethod -->
        <test-method status="PASS" signature="beforePowerMockTestMethod()[pri:0, instance:org.wso2.carbon.identity.template.mgt.dao.impl.TemplateManagerDAOImplTest@314c28dc]" name="beforePowerMockTestMethod" is-config="true" duration-ms="1" started-at="2018-11-12T04:21:49Z" finished-at="2018-11-12T04:21:49Z">
          <reporter-output>
          </reporter-output>
        </test-method> <!-- beforePowerMockTestMethod -->
        <test-method status="PASS" signature="setUp()[pri:0, instance:org.wso2.carbon.identity.template.mgt.dao.impl.TemplateManagerDAOImplTest@314c28dc]" name="setUp" is-config="true" duration-ms="5" started-at="2018-11-12T04:21:49Z" finished-at="2018-11-12T04:21:49Z">
          <reporter-output>
          </reporter-output>
        </test-method> <!-- setUp -->
        <test-method status="PASS" signature="testUpdateTemplateServerException(java.lang.String, java.lang.Object, java.lang.Object)[pri:0, instance:org.wso2.carbon.identity.template.mgt.dao.impl.TemplateManagerDAOImplTest@314c28dc]" name="testUpdateTemplateServerException" duration-ms="3" started-at="2018-11-12T04:21:49Z" data-provider="UpdateTemplateDataProvider" finished-at="2018-11-12T04:21:49Z">
          <params>
            <param index="0">
              <value>
                <![CDATA[T2]]>
              </value>
            </param>
            <param index="1">
              <value>
                <![CDATA[org.wso2.carbon.identity.template.mgt.model.Template@539fcd47]]>
              </value>
            </param>
            <param index="2">
              <value>
                <![CDATA[org.wso2.carbon.identity.template.mgt.model.Template@59380af0]]>
              </value>
            </param>
          </params>
          <exception class="org.wso2.carbon.identity.template.mgt.exception.TemplateManagementServerException">
            <message>
              <![CDATA[Error occurred while updating the template: T2 Updated.]]>
            </message>
            <full-stacktrace>
              <![CDATA[org.wso2.carbon.identity.template.mgt.exception.TemplateManagementServerException: Error occurred while updating the template: T2 Updated.
at org.wso2.carbon.identity.template.mgt.util.TemplateMgtUtils.handleServerException(TemplateMgtUtils.java:47)
at org.wso2.carbon.identity.template.mgt.dao.impl.TemplateManagerDAOImpl.updateTemplate(TemplateManagerDAOImpl.java:196)
at org.wso2.carbon.identity.template.mgt.dao.impl.TemplateManagerDAOImplTest.testUpdateTemplateServerException(TemplateManagerDAOImplTest.java:241)
at sun.reflect.NativeMethodAccessorImpl.invoke0(Native Method)
at sun.reflect.NativeMethodAccessorImpl.invoke(NativeMethodAccessorImpl.java:62)
at sun.reflect.DelegatingMethodAccessorImpl.invoke(DelegatingMethodAccessorImpl.java:43)
at java.lang.reflect.Method.invoke(Method.java:498)
at org.testng.internal.MethodInvocationHelper.invokeMethod(MethodInvocationHelper.java:124)
at org.testng.internal.Invoker.invokeMethod(Invoker.java:583)
at org.testng.internal.Invoker.invokeTestMethod(Invoker.java:719)
at org.testng.internal.Invoker.invokeTestMethods(Invoker.java:989)
at org.testng.internal.TestMethodWorker.invokeTestMethods(TestMethodWorker.java:125)
at org.testng.internal.TestMethodWorker.run(TestMethodWorker.java:109)
at org.testng.TestRunner.privateRun(TestRunner.java:648)
at org.testng.TestRunner.run(TestRunner.java:505)
at org.testng.SuiteRunner.runTest(SuiteRunner.java:455)
at org.testng.SuiteRunner.runSequentially(SuiteRunner.java:450)
at org.testng.SuiteRunner.privateRun(SuiteRunner.java:415)
at org.testng.SuiteRunner.run(SuiteRunner.java:364)
at org.testng.SuiteRunnerWorker.runSuite(SuiteRunnerWorker.java:52)
at org.testng.SuiteRunnerWorker.run(SuiteRunnerWorker.java:84)
at org.testng.TestNG.runSuitesSequentially(TestNG.java:1208)
at org.testng.TestNG.runSuitesLocally(TestNG.java:1137)
at org.testng.TestNG.runSuites(TestNG.java:1049)
at org.testng.TestNG.run(TestNG.java:1017)
at org.apache.maven.surefire.testng.TestNGExecutor.run(TestNGExecutor.java:283)
at org.apache.maven.surefire.testng.TestNGXmlTestSuite.execute(TestNGXmlTestSuite.java:75)
at org.apache.maven.surefire.testng.TestNGProvider.invoke(TestNGProvider.java:120)
at org.apache.maven.surefire.booter.ForkedBooter.invokeProviderInSameClassLoader(ForkedBooter.java:386)
at org.apache.maven.surefire.booter.ForkedBooter.runSuitesInProcess(ForkedBooter.java:323)
at org.apache.maven.surefire.booter.ForkedBooter.main(ForkedBooter.java:143)
Caused by: org.wso2.carbon.database.utils.jdbc.exceptions.DataAccessException: Error in performing Database query: '%s'UPDATE IDN_TEMPLATE_MGT SET NAME= ?, DESCRIPTION= ?, TEMPLATE_SCRIPT= ? WHERE TENANT_ID= ? AND NAME = ?
at org.wso2.carbon.database.utils.jdbc.JdbcTemplate.executeUpdate(JdbcTemplate.java:230)
at org.wso2.carbon.identity.template.mgt.dao.impl.TemplateManagerDAOImpl.updateTemplate(TemplateManagerDAOImpl.java:183)
... 29 more
Caused by: java.sql.SQLException: Connection is closed.
at org.apache.commons.dbcp.PoolingDataSource$PoolGuardConnectionWrapper.checkOpen(PoolingDataSource.java:185)
at org.apache.commons.dbcp.PoolingDataSource$PoolGuardConnectionWrapper.prepareStatement(PoolingDataSource.java:312)
at org.wso2.carbon.database.utils.jdbc.JdbcTemplate.executeUpdate(JdbcTemplate.java:219)
... 30 more
]]>
            </full-stacktrace>
          </exception> <!-- org.wso2.carbon.identity.template.mgt.exception.TemplateManagementServerException -->
          <reporter-output>
          </reporter-output>
        </test-method> <!-- testUpdateTemplateServerException -->
        <test-method status="PASS" signature="tearDown()[pri:0, instance:org.wso2.carbon.identity.template.mgt.dao.impl.TemplateManagerDAOImplTest@314c28dc]" name="tearDown" is-config="true" duration-ms="1" started-at="2018-11-12T04:21:49Z" finished-at="2018-11-12T04:21:49Z">
          <reporter-output>
          </reporter-output>
        </test-method> <!-- tearDown -->
        <test-method status="PASS" signature="afterPowerMockTestMethod()[pri:0, instance:org.wso2.carbon.identity.template.mgt.dao.impl.TemplateManagerDAOImplTest@314c28dc]" name="afterPowerMockTestMethod" is-config="true" duration-ms="0" started-at="2018-11-12T04:21:49Z" finished-at="2018-11-12T04:21:49Z">
          <reporter-output>
          </reporter-output>
        </test-method> <!-- afterPowerMockTestMethod -->
        <test-method status="PASS" signature="beforePowerMockTestMethod()[pri:0, instance:org.wso2.carbon.identity.template.mgt.dao.impl.TemplateManagerDAOImplTest@314c28dc]" name="beforePowerMockTestMethod" is-config="true" duration-ms="1" started-at="2018-11-12T04:21:49Z" finished-at="2018-11-12T04:21:49Z">
          <reporter-output>
          </reporter-output>
        </test-method> <!-- beforePowerMockTestMethod -->
        <test-method status="PASS" signature="setUp()[pri:0, instance:org.wso2.carbon.identity.template.mgt.dao.impl.TemplateManagerDAOImplTest@314c28dc]" name="setUp" is-config="true" duration-ms="5" started-at="2018-11-12T04:21:49Z" finished-at="2018-11-12T04:21:49Z">
          <reporter-output>
          </reporter-output>
        </test-method> <!-- setUp -->
        <test-method status="PASS" signature="testUpdateTemplateServerException(java.lang.String, java.lang.Object, java.lang.Object)[pri:0, instance:org.wso2.carbon.identity.template.mgt.dao.impl.TemplateManagerDAOImplTest@314c28dc]" name="testUpdateTemplateServerException" duration-ms="2" started-at="2018-11-12T04:21:49Z" data-provider="UpdateTemplateDataProvider" finished-at="2018-11-12T04:21:49Z">
          <params>
            <param index="0">
              <value>
                <![CDATA[T3]]>
              </value>
            </param>
            <param index="1">
              <value>
                <![CDATA[org.wso2.carbon.identity.template.mgt.model.Template@11e0f39c]]>
              </value>
            </param>
            <param index="2">
              <value>
                <![CDATA[org.wso2.carbon.identity.template.mgt.model.Template@65a3b5d8]]>
              </value>
            </param>
          </params>
          <exception class="org.wso2.carbon.identity.template.mgt.exception.TemplateManagementServerException">
            <message>
              <![CDATA[Error occurred while updating the template: T3 Updated.]]>
            </message>
            <full-stacktrace>
              <![CDATA[org.wso2.carbon.identity.template.mgt.exception.TemplateManagementServerException: Error occurred while updating the template: T3 Updated.
at org.wso2.carbon.identity.template.mgt.util.TemplateMgtUtils.handleServerException(TemplateMgtUtils.java:47)
at org.wso2.carbon.identity.template.mgt.dao.impl.TemplateManagerDAOImpl.updateTemplate(TemplateManagerDAOImpl.java:196)
at org.wso2.carbon.identity.template.mgt.dao.impl.TemplateManagerDAOImplTest.testUpdateTemplateServerException(TemplateManagerDAOImplTest.java:241)
at sun.reflect.NativeMethodAccessorImpl.invoke0(Native Method)
at sun.reflect.NativeMethodAccessorImpl.invoke(NativeMethodAccessorImpl.java:62)
at sun.reflect.DelegatingMethodAccessorImpl.invoke(DelegatingMethodAccessorImpl.java:43)
at java.lang.reflect.Method.invoke(Method.java:498)
at org.testng.internal.MethodInvocationHelper.invokeMethod(MethodInvocationHelper.java:124)
at org.testng.internal.Invoker.invokeMethod(Invoker.java:583)
at org.testng.internal.Invoker.invokeTestMethod(Invoker.java:719)
at org.testng.internal.Invoker.invokeTestMethods(Invoker.java:989)
at org.testng.internal.TestMethodWorker.invokeTestMethods(TestMethodWorker.java:125)
at org.testng.internal.TestMethodWorker.run(TestMethodWorker.java:109)
at org.testng.TestRunner.privateRun(TestRunner.java:648)
at org.testng.TestRunner.run(TestRunner.java:505)
at org.testng.SuiteRunner.runTest(SuiteRunner.java:455)
at org.testng.SuiteRunner.runSequentially(SuiteRunner.java:450)
at org.testng.SuiteRunner.privateRun(SuiteRunner.java:415)
at org.testng.SuiteRunner.run(SuiteRunner.java:364)
at org.testng.SuiteRunnerWorker.runSuite(SuiteRunnerWorker.java:52)
at org.testng.SuiteRunnerWorker.run(SuiteRunnerWorker.java:84)
at org.testng.TestNG.runSuitesSequentially(TestNG.java:1208)
at org.testng.TestNG.runSuitesLocally(TestNG.java:1137)
at org.testng.TestNG.runSuites(TestNG.java:1049)
at org.testng.TestNG.run(TestNG.java:1017)
at org.apache.maven.surefire.testng.TestNGExecutor.run(TestNGExecutor.java:283)
at org.apache.maven.surefire.testng.TestNGXmlTestSuite.execute(TestNGXmlTestSuite.java:75)
at org.apache.maven.surefire.testng.TestNGProvider.invoke(TestNGProvider.java:120)
at org.apache.maven.surefire.booter.ForkedBooter.invokeProviderInSameClassLoader(ForkedBooter.java:386)
at org.apache.maven.surefire.booter.ForkedBooter.runSuitesInProcess(ForkedBooter.java:323)
at org.apache.maven.surefire.booter.ForkedBooter.main(ForkedBooter.java:143)
Caused by: org.wso2.carbon.database.utils.jdbc.exceptions.DataAccessException: Error in performing Database query: '%s'UPDATE IDN_TEMPLATE_MGT SET NAME= ?, DESCRIPTION= ?, TEMPLATE_SCRIPT= ? WHERE TENANT_ID= ? AND NAME = ?
at org.wso2.carbon.database.utils.jdbc.JdbcTemplate.executeUpdate(JdbcTemplate.java:230)
at org.wso2.carbon.identity.template.mgt.dao.impl.TemplateManagerDAOImpl.updateTemplate(TemplateManagerDAOImpl.java:183)
... 29 more
Caused by: java.sql.SQLException: Connection is closed.
at org.apache.commons.dbcp.PoolingDataSource$PoolGuardConnectionWrapper.checkOpen(PoolingDataSource.java:185)
at org.apache.commons.dbcp.PoolingDataSource$PoolGuardConnectionWrapper.prepareStatement(PoolingDataSource.java:312)
at org.wso2.carbon.database.utils.jdbc.JdbcTemplate.executeUpdate(JdbcTemplate.java:219)
... 30 more
]]>
            </full-stacktrace>
          </exception> <!-- org.wso2.carbon.identity.template.mgt.exception.TemplateManagementServerException -->
          <reporter-output>
          </reporter-output>
        </test-method> <!-- testUpdateTemplateServerException -->
        <test-method status="PASS" signature="afterPowerMockTestMethod()[pri:0, instance:org.wso2.carbon.identity.template.mgt.dao.impl.TemplateManagerDAOImplTest@314c28dc]" name="afterPowerMockTestMethod" is-config="true" duration-ms="0" started-at="2018-11-12T04:21:49Z" finished-at="2018-11-12T04:21:49Z">
          <reporter-output>
          </reporter-output>
        </test-method> <!-- afterPowerMockTestMethod -->
        <test-method status="PASS" signature="afterPowerMockTestClass()[pri:0, instance:org.wso2.carbon.identity.template.mgt.dao.impl.TemplateManagerDAOImplTest@314c28dc]" name="afterPowerMockTestClass" is-config="true" duration-ms="1" started-at="2018-11-12T04:21:49Z" finished-at="2018-11-12T04:21:49Z">
          <reporter-output>
          </reporter-output>
        </test-method> <!-- afterPowerMockTestClass -->
        <test-method status="PASS" signature="tearDown()[pri:0, instance:org.wso2.carbon.identity.template.mgt.dao.impl.TemplateManagerDAOImplTest@314c28dc]" name="tearDown" is-config="true" duration-ms="0" started-at="2018-11-12T04:21:49Z" finished-at="2018-11-12T04:21:49Z">
          <reporter-output>
          </reporter-output>
        </test-method> <!-- tearDown -->
      </class> <!-- org.wso2.carbon.identity.template.mgt.dao.impl.TemplateManagerDAOImplTest -->
      <class name="org.wso2.carbon.identity.template.mgt.model.TemplateInfoTest">
        <test-method status="PASS" signature="testGetDescription()[pri:0, instance:org.wso2.carbon.identity.template.mgt.model.TemplateInfoTest@90394d]" name="testGetDescription" duration-ms="0" started-at="2018-11-12T04:21:51Z" finished-at="2018-11-12T04:21:51Z">
          <reporter-output>
          </reporter-output>
        </test-method> <!-- testGetDescription -->
        <test-method status="PASS" signature="testGetTenantId()[pri:0, instance:org.wso2.carbon.identity.template.mgt.model.TemplateInfoTest@90394d]" name="testGetTenantId" duration-ms="0" started-at="2018-11-12T04:21:51Z" finished-at="2018-11-12T04:21:51Z">
          <reporter-output>
          </reporter-output>
        </test-method> <!-- testGetTenantId -->
        <test-method status="PASS" signature="testGetTemplateId()[pri:0, instance:org.wso2.carbon.identity.template.mgt.model.TemplateInfoTest@90394d]" name="testGetTemplateId" duration-ms="0" started-at="2018-11-12T04:21:51Z" finished-at="2018-11-12T04:21:51Z">
          <reporter-output>
          </reporter-output>
        </test-method> <!-- testGetTemplateId -->
        <test-method status="PASS" signature="testGetTemplateName()[pri:0, instance:org.wso2.carbon.identity.template.mgt.model.TemplateInfoTest@90394d]" name="testGetTemplateName" duration-ms="0" started-at="2018-11-12T04:21:51Z" finished-at="2018-11-12T04:21:51Z">
          <reporter-output>
          </reporter-output>
        </test-method> <!-- testGetTemplateName -->
      </class> <!-- org.wso2.carbon.identity.template.mgt.model.TemplateInfoTest -->
    </test> <!-- TemplateManagementTests -->
  </suite> <!-- TemplateManagementTestSuite -->
</testng-results>
